2025-07-06 11:10:40.241 [info] ComputeTargetPlatform: linux-x64
2025-07-06 11:10:42.418 [info] ComputeTargetPlatform: linux-x64
2025-07-06 11:10:46.514 [info] Getting Manifest... beardedbear.beardedicons
2025-07-06 11:10:46.515 [info] Getting Manifest... nomicfoundation.hardhat-solidity
2025-07-06 11:10:46.517 [info] Getting Manifest... pkief.material-icon-theme
2025-07-06 11:10:47.379 [info] Installing extension: pkief.material-icon-theme {"productVersion":{"version":"1.100.2","date":"2025-05-21T09:36:24.436Z"},"pinned":false,"operation":3,"isApplicationScoped":false,"profileLocation":{"$mid":1,"external":"vscode-userdata:/home/user/.vscode-oss/extensions/extensions.json","path":"/home/user/.vscode-oss/extensions/extensions.json","scheme":"vscode-userdata"}}
2025-07-06 11:10:47.394 [info] Installing extension: nomicfoundation.hardhat-solidity {"productVersion":{"version":"1.100.2","date":"2025-05-21T09:36:24.436Z"},"pinned":false,"operation":3,"isApplicationScoped":false,"profileLocation":{"$mid":1,"external":"vscode-userdata:/home/user/.vscode-oss/extensions/extensions.json","path":"/home/user/.vscode-oss/extensions/extensions.json","scheme":"vscode-userdata"}}
2025-07-06 11:10:47.395 [info] Installing extension: beardedbear.beardedicons {"productVersion":{"version":"1.100.2","date":"2025-05-21T09:36:24.436Z"},"pinned":false,"operation":3,"isApplicationScoped":false,"profileLocation":{"$mid":1,"external":"vscode-userdata:/home/user/.vscode-oss/extensions/extensions.json","path":"/home/user/.vscode-oss/extensions/extensions.json","scheme":"vscode-userdata"}}
2025-07-06 11:10:48.708 [info] Extension signature verification result for beardedbear.beardedicons: UnhandledException. Internal Code: 6. Executed: true. Duration: 364ms.
2025-07-06 11:10:48.713 [error] Error while installing the extension beardedbear.beardedicons Signature verification failed with 'UnhandledException' error. vscode-userdata:/home/user/.vscode-oss/extensions/extensions.json
2025-07-06 11:10:48.716 [error] [uncaught exception in sharedProcess]: Signature verification failed with 'UnhandledException' error.: SignatureVerificationInternal: Signature verification failed with 'UnhandledException' error.
    at yh.xb (file:///usr/lib/code/out/vs/code/electron-utility/sharedProcess/sharedProcessMain.js:74:64415)
    at async yh.wb (file:///usr/lib/code/out/vs/code/electron-utility/sharedProcess/sharedProcessMain.js:74:62886)
2025-07-06 11:10:48.842 [info] Extension signature verification result for pkief.material-icon-theme: UnhandledException. Internal Code: 6. Executed: true. Duration: 347ms.
2025-07-06 11:10:48.846 [error] Error while installing the extension pkief.material-icon-theme Signature verification failed with 'UnhandledException' error. vscode-userdata:/home/user/.vscode-oss/extensions/extensions.json
2025-07-06 11:10:48.846 [error] [uncaught exception in sharedProcess]: Signature verification failed with 'UnhandledException' error.: SignatureVerificationInternal: Signature verification failed with 'UnhandledException' error.
    at yh.xb (file:///usr/lib/code/out/vs/code/electron-utility/sharedProcess/sharedProcessMain.js:74:64415)
    at async yh.wb (file:///usr/lib/code/out/vs/code/electron-utility/sharedProcess/sharedProcessMain.js:74:62886)
2025-07-06 11:10:53.992 [info] Extension signature verification result for nomicfoundation.hardhat-solidity: UnhandledException. Internal Code: 6. Executed: true. Duration: 175ms.
2025-07-06 11:10:53.994 [error] Error while installing the extension nomicfoundation.hardhat-solidity Signature verification failed with 'UnhandledException' error. vscode-userdata:/home/user/.vscode-oss/extensions/extensions.json
2025-07-06 11:10:53.994 [error] [uncaught exception in sharedProcess]: Signature verification failed with 'UnhandledException' error.: SignatureVerificationInternal: Signature verification failed with 'UnhandledException' error.
    at yh.xb (file:///usr/lib/code/out/vs/code/electron-utility/sharedProcess/sharedProcessMain.js:74:64415)
    at async yh.wb (file:///usr/lib/code/out/vs/code/electron-utility/sharedProcess/sharedProcessMain.js:74:62886)
2025-07-06 11:10:56.874 [info] Getting Manifest... beardedbear.beardedicons
2025-07-06 11:10:56.874 [info] Getting Manifest... nomicfoundation.hardhat-solidity
2025-07-06 11:10:56.875 [info] Getting Manifest... pkief.material-icon-theme
2025-07-06 11:10:57.131 [info] Installing extension: beardedbear.beardedicons {"productVersion":{"version":"1.100.2","date":"2025-05-21T09:36:24.436Z"},"pinned":false,"operation":3,"isApplicationScoped":false,"profileLocation":{"$mid":1,"external":"vscode-userdata:/home/user/.vscode-oss/extensions/extensions.json","path":"/home/user/.vscode-oss/extensions/extensions.json","scheme":"vscode-userdata"}}
2025-07-06 11:10:57.147 [info] Installing extension: pkief.material-icon-theme {"productVersion":{"version":"1.100.2","date":"2025-05-21T09:36:24.436Z"},"pinned":false,"operation":3,"isApplicationScoped":false,"profileLocation":{"$mid":1,"external":"vscode-userdata:/home/user/.vscode-oss/extensions/extensions.json","path":"/home/user/.vscode-oss/extensions/extensions.json","scheme":"vscode-userdata"}}
2025-07-06 11:10:57.148 [info] Installing extension: nomicfoundation.hardhat-solidity {"productVersion":{"version":"1.100.2","date":"2025-05-21T09:36:24.436Z"},"pinned":false,"operation":3,"isApplicationScoped":false,"profileLocation":{"$mid":1,"external":"vscode-userdata:/home/user/.vscode-oss/extensions/extensions.json","path":"/home/user/.vscode-oss/extensions/extensions.json","scheme":"vscode-userdata"}}
2025-07-06 11:10:58.281 [info] Extension signature verification result for beardedbear.beardedicons: UnhandledException. Internal Code: 6. Executed: true. Duration: 323ms.
2025-07-06 11:10:58.284 [error] Error while installing the extension beardedbear.beardedicons Signature verification failed with 'UnhandledException' error. vscode-userdata:/home/user/.vscode-oss/extensions/extensions.json
2025-07-06 11:10:58.285 [error] [uncaught exception in sharedProcess]: Signature verification failed with 'UnhandledException' error.: SignatureVerificationInternal: Signature verification failed with 'UnhandledException' error.
    at yh.xb (file:///usr/lib/code/out/vs/code/electron-utility/sharedProcess/sharedProcessMain.js:74:64415)
    at async yh.wb (file:///usr/lib/code/out/vs/code/electron-utility/sharedProcess/sharedProcessMain.js:74:62886)
2025-07-06 11:10:58.404 [info] Extension signature verification result for pkief.material-icon-theme: UnhandledException. Internal Code: 6. Executed: true. Duration: 334ms.
2025-07-06 11:10:58.409 [error] Error while installing the extension pkief.material-icon-theme Signature verification failed with 'UnhandledException' error. vscode-userdata:/home/user/.vscode-oss/extensions/extensions.json
2025-07-06 11:10:58.410 [error] [uncaught exception in sharedProcess]: Signature verification failed with 'UnhandledException' error.: SignatureVerificationInternal: Signature verification failed with 'UnhandledException' error.
    at yh.xb (file:///usr/lib/code/out/vs/code/electron-utility/sharedProcess/sharedProcessMain.js:74:64415)
    at async yh.wb (file:///usr/lib/code/out/vs/code/electron-utility/sharedProcess/sharedProcessMain.js:74:62886)
2025-07-06 11:18:38.069 [warning] Failed downloading vsix. Unable to write file '/home/user/.config/Code - OSS/CachedExtensionVSIXs/.57a55e1b-26f1-4a78-b087-4433873f7a02' (Error: net::ERR_TIMED_OUT). Retry again... nomicfoundation.hardhat-solidity
2025-07-06 11:18:42.943 [info] Extension signature verification result for nomicfoundation.hardhat-solidity: UnhandledException. Internal Code: 6. Executed: true. Duration: 388ms.
2025-07-06 11:18:42.950 [error] Error while installing the extension nomicfoundation.hardhat-solidity Signature verification failed with 'UnhandledException' error. vscode-userdata:/home/user/.vscode-oss/extensions/extensions.json
2025-07-06 11:18:42.951 [error] [uncaught exception in sharedProcess]: Signature verification failed with 'UnhandledException' error.: SignatureVerificationInternal: Signature verification failed with 'UnhandledException' error.
    at yh.xb (file:///usr/lib/code/out/vs/code/electron-utility/sharedProcess/sharedProcessMain.js:74:64415)
    at async yh.wb (file:///usr/lib/code/out/vs/code/electron-utility/sharedProcess/sharedProcessMain.js:74:62886)
2025-07-06 17:52:30.863 [info] Getting Manifest... beardedbear.beardedicons
2025-07-06 17:52:30.865 [info] Getting Manifest... nomicfoundation.hardhat-solidity
2025-07-06 17:52:30.866 [info] Getting Manifest... pkief.material-icon-theme
2025-07-06 17:52:31.721 [info] Installing extension: pkief.material-icon-theme {"productVersion":{"version":"1.100.2","date":"2025-05-21T09:36:24.436Z"},"pinned":false,"operation":3,"isApplicationScoped":false,"profileLocation":{"$mid":1,"external":"vscode-userdata:/home/user/.vscode-oss/extensions/extensions.json","path":"/home/user/.vscode-oss/extensions/extensions.json","scheme":"vscode-userdata"}}
2025-07-06 17:52:31.725 [info] Installing extension: beardedbear.beardedicons {"productVersion":{"version":"1.100.2","date":"2025-05-21T09:36:24.436Z"},"pinned":false,"operation":3,"isApplicationScoped":false,"profileLocation":{"$mid":1,"external":"vscode-userdata:/home/user/.vscode-oss/extensions/extensions.json","path":"/home/user/.vscode-oss/extensions/extensions.json","scheme":"vscode-userdata"}}
2025-07-06 17:52:31.743 [info] Installing extension: nomicfoundation.hardhat-solidity {"productVersion":{"version":"1.100.2","date":"2025-05-21T09:36:24.436Z"},"pinned":false,"operation":3,"isApplicationScoped":false,"profileLocation":{"$mid":1,"external":"vscode-userdata:/home/user/.vscode-oss/extensions/extensions.json","path":"/home/user/.vscode-oss/extensions/extensions.json","scheme":"vscode-userdata"}}
2025-07-06 17:52:32.812 [info] Extension signature verification result for beardedbear.beardedicons: UnhandledException. Internal Code: 6. Executed: true. Duration: 246ms.
2025-07-06 17:52:32.816 [error] Error while installing the extension beardedbear.beardedicons Signature verification failed with 'UnhandledException' error. vscode-userdata:/home/user/.vscode-oss/extensions/extensions.json
2025-07-06 17:52:32.816 [error] [uncaught exception in sharedProcess]: Signature verification failed with 'UnhandledException' error.: SignatureVerificationInternal: Signature verification failed with 'UnhandledException' error.
    at yh.xb (file:///usr/lib/code/out/vs/code/electron-utility/sharedProcess/sharedProcessMain.js:74:64415)
    at async yh.wb (file:///usr/lib/code/out/vs/code/electron-utility/sharedProcess/sharedProcessMain.js:74:62886)
2025-07-06 17:52:33.023 [info] Extension signature verification result for pkief.material-icon-theme: UnhandledException. Internal Code: 6. Executed: true. Duration: 257ms.
2025-07-06 17:52:33.026 [error] Error while installing the extension pkief.material-icon-theme Signature verification failed with 'UnhandledException' error. vscode-userdata:/home/user/.vscode-oss/extensions/extensions.json
2025-07-06 17:52:33.026 [error] [uncaught exception in sharedProcess]: Signature verification failed with 'UnhandledException' error.: SignatureVerificationInternal: Signature verification failed with 'UnhandledException' error.
    at yh.xb (file:///usr/lib/code/out/vs/code/electron-utility/sharedProcess/sharedProcessMain.js:74:64415)
    at async yh.wb (file:///usr/lib/code/out/vs/code/electron-utility/sharedProcess/sharedProcessMain.js:74:62886)
2025-07-06 17:52:42.727 [info] Extension signature verification result for nomicfoundation.hardhat-solidity: UnhandledException. Internal Code: 6. Executed: true. Duration: 256ms.
2025-07-06 17:52:42.731 [error] Error while installing the extension nomicfoundation.hardhat-solidity Signature verification failed with 'UnhandledException' error. vscode-userdata:/home/user/.vscode-oss/extensions/extensions.json
2025-07-06 17:52:42.732 [error] [uncaught exception in sharedProcess]: Signature verification failed with 'UnhandledException' error.: SignatureVerificationInternal: Signature verification failed with 'UnhandledException' error.
    at yh.xb (file:///usr/lib/code/out/vs/code/electron-utility/sharedProcess/sharedProcessMain.js:74:64415)
    at async yh.wb (file:///usr/lib/code/out/vs/code/electron-utility/sharedProcess/sharedProcessMain.js:74:62886)
2025-07-06 17:52:51.149 [info] Getting Manifest... ackeeblockchain.tools-for-solidity
2025-07-06 17:52:51.499 [info] Installing extension: ackeeblockchain.tools-for-solidity {"isMachineScoped":false,"installPreReleaseVersion":false,"pinned":false,"profileLocation":{"$mid":1,"external":"vscode-userdata:/home/user/.vscode-oss/extensions/extensions.json","path":"/home/user/.vscode-oss/extensions/extensions.json","scheme":"vscode-userdata"},"isApplicationScoped":false,"productVersion":{"version":"1.100.2","date":"2025-05-21T09:36:24.436Z"}}
2025-07-06 17:53:51.669 [info] Extension signature verification result for ackeeblockchain.tools-for-solidity: UnhandledException. Internal Code: 6. Executed: true. Duration: 237ms.
2025-07-06 17:53:51.671 [error] Error while installing the extension ackeeblockchain.tools-for-solidity Signature verification failed with 'UnhandledException' error. vscode-userdata:/home/user/.vscode-oss/extensions/extensions.json
2025-07-06 17:53:51.672 [error] [uncaught exception in sharedProcess]: Signature verification failed with 'UnhandledException' error.: SignatureVerificationInternal: Signature verification failed with 'UnhandledException' error.
    at yh.xb (file:///usr/lib/code/out/vs/code/electron-utility/sharedProcess/sharedProcessMain.js:74:64415)
    at async yh.wb (file:///usr/lib/code/out/vs/code/electron-utility/sharedProcess/sharedProcessMain.js:74:62886)
2025-07-06 17:53:55.110 [info] Getting Manifest... ackeeblockchain.tools-for-solidity
2025-07-06 17:53:55.389 [info] Installing extension: ackeeblockchain.tools-for-solidity {"isMachineScoped":false,"installPreReleaseVersion":false,"pinned":false,"donotVerifySignature":true,"profileLocation":{"$mid":1,"external":"vscode-userdata:/home/user/.vscode-oss/extensions/extensions.json","path":"/home/user/.vscode-oss/extensions/extensions.json","scheme":"vscode-userdata"},"isApplicationScoped":false,"productVersion":{"version":"1.100.2","date":"2025-05-21T09:36:24.436Z"}}
2025-07-06 17:54:52.045 [info] Extracted extension to file:///home/user/.vscode-oss/extensions/ackeeblockchain.tools-for-solidity-1.19.0-universal: ackeeblockchain.tools-for-solidity
2025-07-06 17:54:52.055 [info] Renamed to /home/user/.vscode-oss/extensions/ackeeblockchain.tools-for-solidity-1.19.0-universal
2025-07-06 17:54:52.088 [info] Extension installed successfully: ackeeblockchain.tools-for-solidity vscode-userdata:/home/user/.vscode-oss/extensions/extensions.json
2025-07-06 22:50:42.490 [info] Getting Manifest... beardedbear.beardedicons
2025-07-06 22:50:42.502 [info] Getting Manifest... nomicfoundation.hardhat-solidity
2025-07-06 22:50:42.502 [info] Getting Manifest... pkief.material-icon-theme
2025-07-06 22:50:43.824 [info] Installing extension: nomicfoundation.hardhat-solidity {"productVersion":{"version":"1.100.2","date":"2025-05-21T09:36:24.436Z"},"pinned":false,"operation":3,"isApplicationScoped":false,"profileLocation":{"$mid":1,"external":"vscode-userdata:/home/user/.vscode-oss/extensions/extensions.json","path":"/home/user/.vscode-oss/extensions/extensions.json","scheme":"vscode-userdata"}}
2025-07-06 22:50:43.843 [info] Installing extension: beardedbear.beardedicons {"productVersion":{"version":"1.100.2","date":"2025-05-21T09:36:24.436Z"},"pinned":false,"operation":3,"isApplicationScoped":false,"profileLocation":{"$mid":1,"external":"vscode-userdata:/home/user/.vscode-oss/extensions/extensions.json","path":"/home/user/.vscode-oss/extensions/extensions.json","scheme":"vscode-userdata"}}
2025-07-06 22:50:43.856 [info] Installing extension: pkief.material-icon-theme {"productVersion":{"version":"1.100.2","date":"2025-05-21T09:36:24.436Z"},"pinned":false,"operation":3,"isApplicationScoped":false,"profileLocation":{"$mid":1,"external":"vscode-userdata:/home/user/.vscode-oss/extensions/extensions.json","path":"/home/user/.vscode-oss/extensions/extensions.json","scheme":"vscode-userdata"}}
2025-07-06 22:50:45.194 [info] Extension signature verification result for beardedbear.beardedicons: UnhandledException. Internal Code: 6. Executed: true. Duration: 339ms.
2025-07-06 22:50:45.198 [error] Error while installing the extension beardedbear.beardedicons Signature verification failed with 'UnhandledException' error. vscode-userdata:/home/user/.vscode-oss/extensions/extensions.json
2025-07-06 22:50:45.199 [error] [uncaught exception in sharedProcess]: Signature verification failed with 'UnhandledException' error.: SignatureVerificationInternal: Signature verification failed with 'UnhandledException' error.
    at yh.xb (file:///usr/lib/code/out/vs/code/electron-utility/sharedProcess/sharedProcessMain.js:74:64415)
    at async yh.wb (file:///usr/lib/code/out/vs/code/electron-utility/sharedProcess/sharedProcessMain.js:74:62886)
2025-07-06 22:50:45.364 [info] Extension signature verification result for pkief.material-icon-theme: UnhandledException. Internal Code: 6. Executed: true. Duration: 362ms.
2025-07-06 22:50:45.366 [error] Error while installing the extension pkief.material-icon-theme Signature verification failed with 'UnhandledException' error. vscode-userdata:/home/user/.vscode-oss/extensions/extensions.json
2025-07-06 22:50:45.366 [error] [uncaught exception in sharedProcess]: Signature verification failed with 'UnhandledException' error.: SignatureVerificationInternal: Signature verification failed with 'UnhandledException' error.
    at yh.xb (file:///usr/lib/code/out/vs/code/electron-utility/sharedProcess/sharedProcessMain.js:74:64415)
    at async yh.wb (file:///usr/lib/code/out/vs/code/electron-utility/sharedProcess/sharedProcessMain.js:74:62886)
2025-07-06 22:50:50.612 [info] Extension signature verification result for nomicfoundation.hardhat-solidity: UnhandledException. Internal Code: 6. Executed: true. Duration: 376ms.
2025-07-06 22:50:50.619 [error] Error while installing the extension nomicfoundation.hardhat-solidity Signature verification failed with 'UnhandledException' error. vscode-userdata:/home/user/.vscode-oss/extensions/extensions.json
2025-07-06 22:50:50.620 [error] [uncaught exception in sharedProcess]: Signature verification failed with 'UnhandledException' error.: SignatureVerificationInternal: Signature verification failed with 'UnhandledException' error.
    at yh.xb (file:///usr/lib/code/out/vs/code/electron-utility/sharedProcess/sharedProcessMain.js:74:64415)
    at async yh.wb (file:///usr/lib/code/out/vs/code/electron-utility/sharedProcess/sharedProcessMain.js:74:62886)
