[Info  - 3:34:33 PM] Solidity by Nomic Foundation Starting ...
[Info  - 3:34:33 PM] env: production
[Info  - 3:34:33 PM] Client starting
[Info  - 3:34:33 PM] Language server starting
[Info  - 3:34:33 PM]   Release: hardhat-solidity@0.8.18
[Info  - 3:34:33 PM]   Environment: production
[Info  - 3:34:33 PM]   Telemetry Enabled: false
[Info  - 3:34:33 PM]   Telemetry Tracking Id: someValue....
[Info  - 3:34:33 PM]   Workspace Folders:
[Info  - 3:34:33 PM]     blockchain-hackathon (file:///home/user/git/temp/blockchain-hackathon)
[Info  - 3:34:33 PM] Fetching latest solidity versions
[Info  - 3:34:34 PM] Language server ready
[Info  - 3:34:34 PM] [indexing] Found projects:
[Info  - 3:34:34 PM] [indexing] Scanning workspace folders for sol files
[Info  - 3:34:34 PM] [indexing] Scan complete, 3 sol files found
[Info  - 3:34:34 PM] [indexing] Analyzing 0 solidity files
[Info  - 3:34:34 PM] No Slang-supported version (latest: 0.8.26) for Solidity found that satisfies the pragma directives: '^0.8.28'.
[Info  - 3:34:34 PM] No Slang-supported version (latest: 0.8.26) for Solidity found that satisfies the pragma directives: '^0.8.28'.
[Info  - 3:34:34 PM] No Slang-supported version (latest: 0.8.26) for Solidity found that satisfies the pragma directives: '^0.8.28'.
[Info  - 2:10:01 AM] No Slang-supported version (latest: 0.8.26) for Solidity found that satisfies the pragma directives: '^0.8.28'.
[Info  - 2:10:01 AM] No Slang-supported version (latest: 0.8.26) for Solidity found that satisfies the pragma directives: '^0.8.28'.
[Info  - 2:10:01 AM] No Slang-supported version (latest: 0.8.26) for Solidity found that satisfies the pragma directives: '^0.8.28'.
[Info  - 2:13:19 AM] No Slang-supported version (latest: 0.8.26) for Solidity found that satisfies the pragma directives: '^0.8.28'.
[Info  - 2:13:19 AM] No Slang-supported version (latest: 0.8.26) for Solidity found that satisfies the pragma directives: '^0.8.28'.
[Info  - 2:13:19 AM] No Slang-supported version (latest: 0.8.26) for Solidity found that satisfies the pragma directives: '^0.8.28'.
[Info  - 2:15:38 AM] No Slang-supported version (latest: 0.8.26) for Solidity found that satisfies the pragma directives: '^0.8.28'.
[Info  - 2:15:38 AM] No Slang-supported version (latest: 0.8.26) for Solidity found that satisfies the pragma directives: '^0.8.28'.
[Info  - 2:15:59 AM] No Slang-supported version (latest: 0.8.26) for Solidity found that satisfies the pragma directives: '^0.8.28'.
[Info  - 2:15:59 AM] No Slang-supported version (latest: 0.8.26) for Solidity found that satisfies the pragma directives: '^0.8.28'.
[Info  - 2:15:59 AM] No Slang-supported version (latest: 0.8.26) for Solidity found that satisfies the pragma directives: '^0.8.28'.
[Info  - 2:16:00 AM] No Slang-supported version (latest: 0.8.26) for Solidity found that satisfies the pragma directives: '^0.8.28'.
[Info  - 2:16:00 AM] No Slang-supported version (latest: 0.8.26) for Solidity found that satisfies the pragma directives: '^0.8.28'.
[Info  - 2:16:00 AM] No Slang-supported version (latest: 0.8.26) for Solidity found that satisfies the pragma directives: '^0.8.28'.
[Info  - 2:18:10 AM] No Slang-supported version (latest: 0.8.26) for Solidity found that satisfies the pragma directives: '^0.8.28'.
[Info  - 2:18:10 AM] No Slang-supported version (latest: 0.8.26) for Solidity found that satisfies the pragma directives: '^0.8.28'.
[Info  - 2:18:11 AM] No Slang-supported version (latest: 0.8.26) for Solidity found that satisfies the pragma directives: '^0.8.28'.
[Info  - 2:18:11 AM] No Slang-supported version (latest: 0.8.26) for Solidity found that satisfies the pragma directives: '^0.8.28'.
[Info  - 2:18:11 AM] No Slang-supported version (latest: 0.8.26) for Solidity found that satisfies the pragma directives: '^0.8.28'.
[Info  - 2:18:11 AM] No Slang-supported version (latest: 0.8.26) for Solidity found that satisfies the pragma directives: '^0.8.28'.
[Info  - 2:18:11 AM] No Slang-supported version (latest: 0.8.26) for Solidity found that satisfies the pragma directives: '^0.8.28'.
[Info  - 2:18:15 AM] No Slang-supported version (latest: 0.8.26) for Solidity found that satisfies the pragma directives: '^0.8.28'.
[Info  - 2:18:15 AM] No Slang-supported version (latest: 0.8.26) for Solidity found that satisfies the pragma directives: '^0.8.28'.
[Info  - 2:18:15 AM] No Slang-supported version (latest: 0.8.26) for Solidity found that satisfies the pragma directives: '^0.8.28'.
[Info  - 2:18:16 AM] No Slang-supported version (latest: 0.8.26) for Solidity found that satisfies the pragma directives: '^0.8.28'.
[Info  - 2:18:16 AM] No Slang-supported version (latest: 0.8.26) for Solidity found that satisfies the pragma directives: '^0.8.28'.
[Info  - 2:18:16 AM] No Slang-supported version (latest: 0.8.26) for Solidity found that satisfies the pragma directives: '^0.8.28'.
[Info  - 2:18:17 AM] No Slang-supported version (latest: 0.8.26) for Solidity found that satisfies the pragma directives: '^0.8.28'.
[Info  - 2:18:17 AM] No Slang-supported version (latest: 0.8.26) for Solidity found that satisfies the pragma directives: '^0.8.28'.
[Info  - 2:18:17 AM] No Slang-supported version (latest: 0.8.26) for Solidity found that satisfies the pragma directives: '^0.8.28'.
[Info  - 2:18:18 AM] No Slang-supported version (latest: 0.8.26) for Solidity found that satisfies the pragma directives: '^0.8.28'.
[Info  - 2:18:18 AM] No Slang-supported version (latest: 0.8.26) for Solidity found that satisfies the pragma directives: '^0.8.28'.
[Info  - 2:18:18 AM] No Slang-supported version (latest: 0.8.26) for Solidity found that satisfies the pragma directives: '^0.8.28'.
[Info  - 2:18:29 AM] No Slang-supported version (latest: 0.8.26) for Solidity found that satisfies the pragma directives: '^0.8.28'.
[Info  - 2:18:29 AM] No Slang-supported version (latest: 0.8.26) for Solidity found that satisfies the pragma directives: '^0.8.28'.
[Info  - 2:18:29 AM] No Slang-supported version (latest: 0.8.26) for Solidity found that satisfies the pragma directives: '^0.8.28'.
[Info  - 2:18:29 AM] No Slang-supported version (latest: 0.8.26) for Solidity found that satisfies the pragma directives: '^0.8.28'.
[Info  - 2:18:30 AM] No Slang-supported version (latest: 0.8.26) for Solidity found that satisfies the pragma directives: '^0.8.28'.
[Info  - 2:18:30 AM] No Slang-supported version (latest: 0.8.26) for Solidity found that satisfies the pragma directives: '^0.8.28'.
[Info  - 2:18:31 AM] No Slang-supported version (latest: 0.8.26) for Solidity found that satisfies the pragma directives: '^0.8.28'.
[Info  - 2:18:31 AM] No Slang-supported version (latest: 0.8.26) for Solidity found that satisfies the pragma directives: '^0.8.28'.
[Info  - 2:18:31 AM] No Slang-supported version (latest: 0.8.26) for Solidity found that satisfies the pragma directives: '^0.8.28'.
[Info  - 2:18:41 AM] No Slang-supported version (latest: 0.8.26) for Solidity found that satisfies the pragma directives: '^0.8.28'.
[Info  - 2:18:41 AM] No Slang-supported version (latest: 0.8.26) for Solidity found that satisfies the pragma directives: '^0.8.28'.
[Info  - 2:18:41 AM] No Slang-supported version (latest: 0.8.26) for Solidity found that satisfies the pragma directives: '^0.8.28'.
[Info  - 2:18:44 AM] No Slang-supported version (latest: 0.8.26) for Solidity found that satisfies the pragma directives: '^0.8.28'.
[Info  - 2:18:44 AM] No Slang-supported version (latest: 0.8.26) for Solidity found that satisfies the pragma directives: '^0.8.28'.
[Info  - 2:18:45 AM] No Slang-supported version (latest: 0.8.26) for Solidity found that satisfies the pragma directives: '^0.8.28'.
[Info  - 2:18:45 AM] No Slang-supported version (latest: 0.8.26) for Solidity found that satisfies the pragma directives: '^0.8.28'.
[Info  - 2:18:46 AM] No Slang-supported version (latest: 0.8.26) for Solidity found that satisfies the pragma directives: '^0.8.28'.
[Info  - 2:18:46 AM] No Slang-supported version (latest: 0.8.26) for Solidity found that satisfies the pragma directives: '^0.8.28'.
[Info  - 2:18:46 AM] No Slang-supported version (latest: 0.8.26) for Solidity found that satisfies the pragma directives: '^0.8.28'.
[Info  - 2:18:46 AM] No Slang-supported version (latest: 0.8.26) for Solidity found that satisfies the pragma directives: '^0.8.28'.
[Info  - 2:18:47 AM] No Slang-supported version (latest: 0.8.26) for Solidity found that satisfies the pragma directives: '^0.8.28'.
[Info  - 2:18:47 AM] No Slang-supported version (latest: 0.8.26) for Solidity found that satisfies the pragma directives: '^0.8.28'.
[Info  - 2:18:47 AM] No Slang-supported version (latest: 0.8.26) for Solidity found that satisfies the pragma directives: '^0.8.28'.
[Info  - 2:18:47 AM] No Slang-supported version (latest: 0.8.26) for Solidity found that satisfies the pragma directives: '^0.8.28'.
[Info  - 2:18:48 AM] No Slang-supported version (latest: 0.8.26) for Solidity found that satisfies the pragma directives: '^0.8.28'.
[Info  - 2:18:48 AM] No Slang-supported version (latest: 0.8.26) for Solidity found that satisfies the pragma directives: '^0.8.28'.
[Info  - 2:18:48 AM] No Slang-supported version (latest: 0.8.26) for Solidity found that satisfies the pragma directives: '^0.8.28'.
[Info  - 2:18:49 AM] No Slang-supported version (latest: 0.8.26) for Solidity found that satisfies the pragma directives: '^0.8.28'.
[Info  - 2:22:19 AM] No Slang-supported version (latest: 0.8.26) for Solidity found that satisfies the pragma directives: '^0.8.28'.
[Info  - 2:22:19 AM] No Slang-supported version (latest: 0.8.26) for Solidity found that satisfies the pragma directives: '^0.8.28'.
[Info  - 2:23:01 AM] No Slang-supported version (latest: 0.8.26) for Solidity found that satisfies the pragma directives: '^0.8.28'.
[Info  - 2:23:01 AM] No Slang-supported version (latest: 0.8.26) for Solidity found that satisfies the pragma directives: '^0.8.28'.
[Info  - 2:23:01 AM] No Slang-supported version (latest: 0.8.26) for Solidity found that satisfies the pragma directives: '^0.8.28'.
[Info  - 2:23:02 AM] No Slang-supported version (latest: 0.8.26) for Solidity found that satisfies the pragma directives: '^0.8.28'.
[Info  - 2:23:02 AM] No Slang-supported version (latest: 0.8.26) for Solidity found that satisfies the pragma directives: '^0.8.28'.
[Info  - 2:23:02 AM] No Slang-supported version (latest: 0.8.26) for Solidity found that satisfies the pragma directives: '^0.8.28'.
[Info  - 2:23:03 AM] No Slang-supported version (latest: 0.8.26) for Solidity found that satisfies the pragma directives: '^0.8.28'.
[Info  - 2:23:08 AM] No Slang-supported version (latest: 0.8.26) for Solidity found that satisfies the pragma directives: '^0.8.28'.
[Info  - 2:23:08 AM] No Slang-supported version (latest: 0.8.26) for Solidity found that satisfies the pragma directives: '^0.8.28'.
[Info  - 2:23:08 AM] No Slang-supported version (latest: 0.8.26) for Solidity found that satisfies the pragma directives: '^0.8.28'.
[Info  - 2:23:09 AM] No Slang-supported version (latest: 0.8.26) for Solidity found that satisfies the pragma directives: '^0.8.28'.
[Info  - 2:23:09 AM] No Slang-supported version (latest: 0.8.26) for Solidity found that satisfies the pragma directives: '^0.8.28'.
[Info  - 2:23:10 AM] No Slang-supported version (latest: 0.8.26) for Solidity found that satisfies the pragma directives: '^0.8.28'.
[Info  - 2:23:10 AM] No Slang-supported version (latest: 0.8.26) for Solidity found that satisfies the pragma directives: '^0.8.28'.
[Info  - 2:23:10 AM] No Slang-supported version (latest: 0.8.26) for Solidity found that satisfies the pragma directives: '^0.8.28'.
[Info  - 2:23:12 AM] No Slang-supported version (latest: 0.8.26) for Solidity found that satisfies the pragma directives: '^0.8.28'.
[Info  - 2:23:12 AM] No Slang-supported version (latest: 0.8.26) for Solidity found that satisfies the pragma directives: '^0.8.28'.
[Info  - 2:23:12 AM] No Slang-supported version (latest: 0.8.26) for Solidity found that satisfies the pragma directives: '^0.8.28'.
[Info  - 2:23:16 AM] No Slang-supported version (latest: 0.8.26) for Solidity found that satisfies the pragma directives: '^0.8.28'.
[Info  - 2:23:16 AM] No Slang-supported version (latest: 0.8.26) for Solidity found that satisfies the pragma directives: '^0.8.28'.
[Info  - 2:23:17 AM] No Slang-supported version (latest: 0.8.26) for Solidity found that satisfies the pragma directives: '^0.8.28'.
[Info  - 2:24:10 AM] No Slang-supported version (latest: 0.8.26) for Solidity found that satisfies the pragma directives: '^0.8.28'.
[Info  - 2:24:11 AM] No Slang-supported version (latest: 0.8.26) for Solidity found that satisfies the pragma directives: '^0.8.28'.
[Info  - 2:24:11 AM] No Slang-supported version (latest: 0.8.26) for Solidity found that satisfies the pragma directives: '^0.8.28'.
[Info  - 2:24:12 AM] No Slang-supported version (latest: 0.8.26) for Solidity found that satisfies the pragma directives: '^0.8.28'.
[Info  - 2:24:12 AM] No Slang-supported version (latest: 0.8.26) for Solidity found that satisfies the pragma directives: '^0.8.28'.
[Info  - 2:24:59 AM] No Slang-supported version (latest: 0.8.26) for Solidity found that satisfies the pragma directives: '^0.8.28'.
[Info  - 2:24:59 AM] No Slang-supported version (latest: 0.8.26) for Solidity found that satisfies the pragma directives: '^0.8.28'.
[Info  - 2:25:34 AM] No Slang-supported version (latest: 0.8.26) for Solidity found that satisfies the pragma directives: '^0.8.28'.
[Info  - 2:25:34 AM] No Slang-supported version (latest: 0.8.26) for Solidity found that satisfies the pragma directives: '^0.8.28'.
[Info  - 2:25:35 AM] No Slang-supported version (latest: 0.8.26) for Solidity found that satisfies the pragma directives: '^0.8.28'.
[Info  - 2:25:35 AM] No Slang-supported version (latest: 0.8.26) for Solidity found that satisfies the pragma directives: '^0.8.28'.
[Info  - 2:25:36 AM] No Slang-supported version (latest: 0.8.26) for Solidity found that satisfies the pragma directives: '^0.8.28'.
[Info  - 2:25:36 AM] No Slang-supported version (latest: 0.8.26) for Solidity found that satisfies the pragma directives: '^0.8.28'.
[Info  - 2:25:50 AM] No Slang-supported version (latest: 0.8.26) for Solidity found that satisfies the pragma directives: '^0.8.28'.
[Info  - 2:25:51 AM] No Slang-supported version (latest: 0.8.26) for Solidity found that satisfies the pragma directives: '^0.8.28'.
[Info  - 2:25:51 AM] No Slang-supported version (latest: 0.8.26) for Solidity found that satisfies the pragma directives: '^0.8.28'.
[Info  - 2:25:51 AM] No Slang-supported version (latest: 0.8.26) for Solidity found that satisfies the pragma directives: '^0.8.28'.
[Info  - 2:25:52 AM] No Slang-supported version (latest: 0.8.26) for Solidity found that satisfies the pragma directives: '^0.8.28'.
[Info  - 2:25:52 AM] No Slang-supported version (latest: 0.8.26) for Solidity found that satisfies the pragma directives: '^0.8.28'.
[Info  - 2:25:53 AM] No Slang-supported version (latest: 0.8.26) for Solidity found that satisfies the pragma directives: '^0.8.28'.
[Info  - 2:25:53 AM] No Slang-supported version (latest: 0.8.26) for Solidity found that satisfies the pragma directives: '^0.8.28'.
[Info  - 2:26:00 AM] No Slang-supported version (latest: 0.8.26) for Solidity found that satisfies the pragma directives: '^0.8.28'.
[Info  - 2:26:00 AM] No Slang-supported version (latest: 0.8.26) for Solidity found that satisfies the pragma directives: '^0.8.28'.
[Info  - 2:26:01 AM] No Slang-supported version (latest: 0.8.26) for Solidity found that satisfies the pragma directives: '^0.8.28'.
[Info  - 2:26:08 AM] No Slang-supported version (latest: 0.8.26) for Solidity found that satisfies the pragma directives: '^0.8.28'.
[Info  - 2:26:08 AM] No Slang-supported version (latest: 0.8.26) for Solidity found that satisfies the pragma directives: '^0.8.28'.
[Info  - 2:26:08 AM] No Slang-supported version (latest: 0.8.26) for Solidity found that satisfies the pragma directives: '^0.8.28'.
[Info  - 2:26:14 AM] No Slang-supported version (latest: 0.8.26) for Solidity found that satisfies the pragma directives: '^0.8.28'.
[Info  - 2:26:15 AM] No Slang-supported version (latest: 0.8.26) for Solidity found that satisfies the pragma directives: '^0.8.28'.
[Info  - 2:26:15 AM] No Slang-supported version (latest: 0.8.26) for Solidity found that satisfies the pragma directives: '^0.8.28'.
[Info  - 2:26:15 AM] No Slang-supported version (latest: 0.8.26) for Solidity found that satisfies the pragma directives: '^0.8.28'.
[Info  - 2:26:18 AM] No Slang-supported version (latest: 0.8.26) for Solidity found that satisfies the pragma directives: '^0.8.28'.
[Info  - 2:26:19 AM] No Slang-supported version (latest: 0.8.26) for Solidity found that satisfies the pragma directives: '^0.8.28'.
[Info  - 2:26:19 AM] No Slang-supported version (latest: 0.8.26) for Solidity found that satisfies the pragma directives: '^0.8.28'.
[Info  - 2:26:20 AM] No Slang-supported version (latest: 0.8.26) for Solidity found that satisfies the pragma directives: '^0.8.28'.
[Info  - 2:26:23 AM] No Slang-supported version (latest: 0.8.26) for Solidity found that satisfies the pragma directives: '^0.8.28'.
[Info  - 2:26:23 AM] No Slang-supported version (latest: 0.8.26) for Solidity found that satisfies the pragma directives: '^0.8.28'.
[Info  - 2:26:23 AM] No Slang-supported version (latest: 0.8.26) for Solidity found that satisfies the pragma directives: '^0.8.28'.
[Info  - 2:26:24 AM] No Slang-supported version (latest: 0.8.26) for Solidity found that satisfies the pragma directives: '^0.8.28'.
[Info  - 2:26:26 AM] No Slang-supported version (latest: 0.8.26) for Solidity found that satisfies the pragma directives: '^0.8.28'.
[Info  - 2:26:26 AM] No Slang-supported version (latest: 0.8.26) for Solidity found that satisfies the pragma directives: '^0.8.28'.
[Info  - 2:26:26 AM] No Slang-supported version (latest: 0.8.26) for Solidity found that satisfies the pragma directives: '^0.8.28'.
[Info  - 2:26:32 AM] No Slang-supported version (latest: 0.8.26) for Solidity found that satisfies the pragma directives: '^0.8.28'.
[Info  - 2:26:32 AM] No Slang-supported version (latest: 0.8.26) for Solidity found that satisfies the pragma directives: '^0.8.28'.
[Info  - 2:32:40 AM] No Slang-supported version (latest: 0.8.26) for Solidity found that satisfies the pragma directives: '^0.8.28'.
[Info  - 2:32:40 AM] No Slang-supported version (latest: 0.8.26) for Solidity found that satisfies the pragma directives: '^0.8.28'.
[Info  - 2:32:57 AM] No Slang-supported version (latest: 0.8.26) for Solidity found that satisfies the pragma directives: '^0.8.28'.
[Info  - 2:32:57 AM] No Slang-supported version (latest: 0.8.26) for Solidity found that satisfies the pragma directives: '^0.8.28'.
[Info  - 2:32:58 AM] No Slang-supported version (latest: 0.8.26) for Solidity found that satisfies the pragma directives: '^0.8.28'.
[Info  - 2:32:58 AM] No Slang-supported version (latest: 0.8.26) for Solidity found that satisfies the pragma directives: '^0.8.28'.
[Info  - 2:32:59 AM] No Slang-supported version (latest: 0.8.26) for Solidity found that satisfies the pragma directives: '^0.8.28'.
[Info  - 2:32:59 AM] No Slang-supported version (latest: 0.8.26) for Solidity found that satisfies the pragma directives: '^0.8.28'.
[Info  - 2:32:59 AM] No Slang-supported version (latest: 0.8.26) for Solidity found that satisfies the pragma directives: '^0.8.28'.
[Info  - 2:32:59 AM] No Slang-supported version (latest: 0.8.26) for Solidity found that satisfies the pragma directives: '^0.8.28'.
[Info  - 2:33:00 AM] No Slang-supported version (latest: 0.8.26) for Solidity found that satisfies the pragma directives: '^0.8.28'.
[Info  - 2:33:07 AM] No Slang-supported version (latest: 0.8.26) for Solidity found that satisfies the pragma directives: '^0.8.28'.
[Info  - 2:33:07 AM] No Slang-supported version (latest: 0.8.26) for Solidity found that satisfies the pragma directives: '^0.8.28'.
[Info  - 2:33:07 AM] No Slang-supported version (latest: 0.8.26) for Solidity found that satisfies the pragma directives: '^0.8.28'.
[Info  - 2:33:08 AM] No Slang-supported version (latest: 0.8.26) for Solidity found that satisfies the pragma directives: '^0.8.28'.
[Info  - 2:33:09 AM] No Slang-supported version (latest: 0.8.26) for Solidity found that satisfies the pragma directives: '^0.8.28'.
[Info  - 2:33:09 AM] No Slang-supported version (latest: 0.8.26) for Solidity found that satisfies the pragma directives: '^0.8.28'.
[Info  - 2:33:09 AM] No Slang-supported version (latest: 0.8.26) for Solidity found that satisfies the pragma directives: '^0.8.28'.
[Info  - 2:33:09 AM] No Slang-supported version (latest: 0.8.26) for Solidity found that satisfies the pragma directives: '^0.8.28'.
[Info  - 2:33:09 AM] No Slang-supported version (latest: 0.8.26) for Solidity found that satisfies the pragma directives: '^0.8.28'.
[Info  - 2:33:12 AM] No Slang-supported version (latest: 0.8.26) for Solidity found that satisfies the pragma directives: '^0.8.28'.
[Info  - 2:33:13 AM] No Slang-supported version (latest: 0.8.26) for Solidity found that satisfies the pragma directives: '^0.8.28'.
[Info  - 2:33:13 AM] No Slang-supported version (latest: 0.8.26) for Solidity found that satisfies the pragma directives: '^0.8.28'.
[Info  - 2:33:13 AM] No Slang-supported version (latest: 0.8.26) for Solidity found that satisfies the pragma directives: '^0.8.28'.
[Info  - 2:33:14 AM] No Slang-supported version (latest: 0.8.26) for Solidity found that satisfies the pragma directives: '^0.8.28'.
[Info  - 2:33:15 AM] No Slang-supported version (latest: 0.8.26) for Solidity found that satisfies the pragma directives: '^0.8.28'.
[Info  - 2:33:15 AM] No Slang-supported version (latest: 0.8.26) for Solidity found that satisfies the pragma directives: '^0.8.28'.
[Info  - 2:34:10 AM] No Slang-supported version (latest: 0.8.26) for Solidity found that satisfies the pragma directives: '^0.8.28'.
[Info  - 2:34:11 AM] No Slang-supported version (latest: 0.8.26) for Solidity found that satisfies the pragma directives: '^0.8.28'.
[Info  - 2:34:20 AM] No Slang-supported version (latest: 0.8.26) for Solidity found that satisfies the pragma directives: '^0.8.28'.
[Info  - 2:34:20 AM] No Slang-supported version (latest: 0.8.26) for Solidity found that satisfies the pragma directives: '^0.8.28'.
[Info  - 2:34:20 AM] No Slang-supported version (latest: 0.8.26) for Solidity found that satisfies the pragma directives: '^0.8.28'.
[Info  - 2:34:21 AM] No Slang-supported version (latest: 0.8.26) for Solidity found that satisfies the pragma directives: '^0.8.28'.
[Info  - 2:34:21 AM] No Slang-supported version (latest: 0.8.26) for Solidity found that satisfies the pragma directives: '^0.8.28'.
[Info  - 2:34:22 AM] No Slang-supported version (latest: 0.8.26) for Solidity found that satisfies the pragma directives: '^0.8.28'.
[Info  - 2:34:22 AM] No Slang-supported version (latest: 0.8.26) for Solidity found that satisfies the pragma directives: '^0.8.28'.
[Info  - 2:34:22 AM] No Slang-supported version (latest: 0.8.26) for Solidity found that satisfies the pragma directives: '^0.8.28'.
[Info  - 2:34:32 AM] No Slang-supported version (latest: 0.8.26) for Solidity found that satisfies the pragma directives: '^0.8.28'.
[Info  - 2:34:32 AM] No Slang-supported version (latest: 0.8.26) for Solidity found that satisfies the pragma directives: '^0.8.28'.
[Info  - 2:34:33 AM] No Slang-supported version (latest: 0.8.26) for Solidity found that satisfies the pragma directives: '^0.8.28'.
[Info  - 2:34:33 AM] No Slang-supported version (latest: 0.8.26) for Solidity found that satisfies the pragma directives: '^0.8.28'.
[Info  - 2:34:33 AM] No Slang-supported version (latest: 0.8.26) for Solidity found that satisfies the pragma directives: '^0.8.28'.
[Info  - 2:34:34 AM] No Slang-supported version (latest: 0.8.26) for Solidity found that satisfies the pragma directives: '^0.8.28'.
[Info  - 2:34:34 AM] No Slang-supported version (latest: 0.8.26) for Solidity found that satisfies the pragma directives: '^0.8.28'.
[Info  - 2:34:35 AM] No Slang-supported version (latest: 0.8.26) for Solidity found that satisfies the pragma directives: '^0.8.28'.
[Info  - 2:34:43 AM] No Slang-supported version (latest: 0.8.26) for Solidity found that satisfies the pragma directives: '^0.8.28'.
[Info  - 2:34:43 AM] No Slang-supported version (latest: 0.8.26) for Solidity found that satisfies the pragma directives: '^0.8.28'.
[Info  - 2:34:44 AM] No Slang-supported version (latest: 0.8.26) for Solidity found that satisfies the pragma directives: '^0.8.28'.
[Info  - 2:35:13 AM] No Slang-supported version (latest: 0.8.26) for Solidity found that satisfies the pragma directives: '^0.8.28'.
[Info  - 2:35:13 AM] No Slang-supported version (latest: 0.8.26) for Solidity found that satisfies the pragma directives: '^0.8.28'.
[Info  - 3:50:39 AM] No Slang-supported version (latest: 0.8.26) for Solidity found that satisfies the pragma directives: '^0.8.28'.
[Info  - 3:50:39 AM] No Slang-supported version (latest: 0.8.26) for Solidity found that satisfies the pragma directives: '^0.8.28'.
[Info  - 3:50:39 AM] No Slang-supported version (latest: 0.8.26) for Solidity found that satisfies the pragma directives: '^0.8.28'.
[Info  - 3:50:39 AM] No Slang-supported version (latest: 0.8.26) for Solidity found that satisfies the pragma directives: '^0.8.28'.
[Info  - 3:50:39 AM] No Slang-supported version (latest: 0.8.26) for Solidity found that satisfies the pragma directives: '^0.8.28'.
[Info  - 3:50:39 AM] No Slang-supported version (latest: 0.8.26) for Solidity found that satisfies the pragma directives: '^0.8.28'.
[Info  - 3:50:41 AM] No Slang-supported version (latest: 0.8.26) for Solidity found that satisfies the pragma directives: '^0.8.28'.
[Info  - 3:50:41 AM] No Slang-supported version (latest: 0.8.26) for Solidity found that satisfies the pragma directives: '^0.8.28'.
[Info  - 3:50:41 AM] No Slang-supported version (latest: 0.8.26) for Solidity found that satisfies the pragma directives: '^0.8.28'.
[Info  - 3:51:24 AM] No Slang-supported version (latest: 0.8.26) for Solidity found that satisfies the pragma directives: '^0.8.28'.
[Info  - 3:51:24 AM] No Slang-supported version (latest: 0.8.26) for Solidity found that satisfies the pragma directives: '^0.8.28'.
[Info  - 3:51:24 AM] No Slang-supported version (latest: 0.8.26) for Solidity found that satisfies the pragma directives: '^0.8.28'.
[Info  - 3:51:43 AM] No Slang-supported version (latest: 0.8.26) for Solidity found that satisfies the pragma directives: '^0.8.28'.
[Info  - 3:51:46 AM] No Slang-supported version (latest: 0.8.26) for Solidity found that satisfies the pragma directives: '^0.8.28'.
[Info  - 3:51:46 AM] No Slang-supported version (latest: 0.8.26) for Solidity found that satisfies the pragma directives: '^0.8.28'.
[Info  - 3:51:46 AM] No Slang-supported version (latest: 0.8.26) for Solidity found that satisfies the pragma directives: '^0.8.28'.
[Info  - 5:02:18 AM] No Slang-supported version (latest: 0.8.26) for Solidity found that satisfies the pragma directives: '^0.8.28'.
[Info  - 5:02:18 AM] No Slang-supported version (latest: 0.8.26) for Solidity found that satisfies the pragma directives: '^0.8.28'.
[Info  - 5:02:18 AM] No Slang-supported version (latest: 0.8.26) for Solidity found that satisfies the pragma directives: '^0.8.28'.
[Info  - 6:35:22 AM] No Slang-supported version (latest: 0.8.26) for Solidity found that satisfies the pragma directives: '^0.8.28'.
[Info  - 6:35:22 AM] No Slang-supported version (latest: 0.8.26) for Solidity found that satisfies the pragma directives: '^0.8.28'.
[Info  - 6:35:23 AM] No Slang-supported version (latest: 0.8.26) for Solidity found that satisfies the pragma directives: '^0.8.28'.
[Info  - 6:35:28 AM] No Slang-supported version (latest: 0.8.26) for Solidity found that satisfies the pragma directives: '^0.8.28'.
[Info  - 6:35:28 AM] No Slang-supported version (latest: 0.8.26) for Solidity found that satisfies the pragma directives: '^0.8.28'.
[Info  - 6:35:28 AM] No Slang-supported version (latest: 0.8.26) for Solidity found that satisfies the pragma directives: '^0.8.28'.
[Info  - 6:35:49 AM] No Slang-supported version (latest: 0.8.26) for Solidity found that satisfies the pragma directives: '^0.8.28'.
[Info  - 6:35:49 AM] No Slang-supported version (latest: 0.8.26) for Solidity found that satisfies the pragma directives: '^0.8.28'.
[Info  - 6:35:49 AM] No Slang-supported version (latest: 0.8.26) for Solidity found that satisfies the pragma directives: '^0.8.28'.
[Info  - 6:37:47 AM] No Slang-supported version (latest: 0.8.26) for Solidity found that satisfies the pragma directives: '^0.8.28'.
[Info  - 6:37:47 AM] No Slang-supported version (latest: 0.8.26) for Solidity found that satisfies the pragma directives: '^0.8.28'.
[Info  - 6:40:37 AM] No Slang-supported version (latest: 0.8.26) for Solidity found that satisfies the pragma directives: '^0.8.28'.
[Info  - 6:40:37 AM] No Slang-supported version (latest: 0.8.26) for Solidity found that satisfies the pragma directives: '^0.8.28'.
[Info  - 6:40:37 AM] No Slang-supported version (latest: 0.8.26) for Solidity found that satisfies the pragma directives: '^0.8.28'.
[Info  - 6:40:47 AM] No Slang-supported version (latest: 0.8.26) for Solidity found that satisfies the pragma directives: '^0.8.28'.
[Info  - 6:40:47 AM] No Slang-supported version (latest: 0.8.26) for Solidity found that satisfies the pragma directives: '^0.8.28'.
[Info  - 6:40:47 AM] No Slang-supported version (latest: 0.8.26) for Solidity found that satisfies the pragma directives: '^0.8.28'.
[Info  - 6:40:57 AM] No Slang-supported version (latest: 0.8.26) for Solidity found that satisfies the pragma directives: '^0.8.28'.
[Info  - 6:40:58 AM] No Slang-supported version (latest: 0.8.26) for Solidity found that satisfies the pragma directives: '^0.8.28'.
[Info  - 6:40:58 AM] No Slang-supported version (latest: 0.8.26) for Solidity found that satisfies the pragma directives: '^0.8.28'.
[Info  - 6:40:58 AM] No Slang-supported version (latest: 0.8.26) for Solidity found that satisfies the pragma directives: '^0.8.28'.
[Info  - 6:41:14 AM] No Slang-supported version (latest: 0.8.26) for Solidity found that satisfies the pragma directives: '^0.8.28'.
[Info  - 6:41:14 AM] No Slang-supported version (latest: 0.8.26) for Solidity found that satisfies the pragma directives: '^0.8.28'.
[Info  - 6:41:16 AM] No Slang-supported version (latest: 0.8.26) for Solidity found that satisfies the pragma directives: '^0.8.28'.
[Info  - 6:41:16 AM] No Slang-supported version (latest: 0.8.26) for Solidity found that satisfies the pragma directives: '^0.8.28'.
[Info  - 6:41:16 AM] No Slang-supported version (latest: 0.8.26) for Solidity found that satisfies the pragma directives: '^0.8.28'.
[Info  - 6:41:17 AM] No Slang-supported version (latest: 0.8.26) for Solidity found that satisfies the pragma directives: '^0.8.28'.
[Info  - 6:41:18 AM] No Slang-supported version (latest: 0.8.26) for Solidity found that satisfies the pragma directives: '^0.8.28'.
[Info  - 6:41:18 AM] No Slang-supported version (latest: 0.8.26) for Solidity found that satisfies the pragma directives: '^0.8.28'.
[Info  - 6:41:18 AM] No Slang-supported version (latest: 0.8.26) for Solidity found that satisfies the pragma directives: '^0.8.28'.
[Info  - 6:41:20 AM] No Slang-supported version (latest: 0.8.26) for Solidity found that satisfies the pragma directives: '^0.8.28'.
[Info  - 6:41:20 AM] No Slang-supported version (latest: 0.8.26) for Solidity found that satisfies the pragma directives: '^0.8.28'.
[Info  - 6:41:20 AM] No Slang-supported version (latest: 0.8.26) for Solidity found that satisfies the pragma directives: '^0.8.28'.
[Info  - 6:41:22 AM] No Slang-supported version (latest: 0.8.26) for Solidity found that satisfies the pragma directives: '^0.8.28'.
[Info  - 6:41:22 AM] No Slang-supported version (latest: 0.8.26) for Solidity found that satisfies the pragma directives: '^0.8.28'.
[Info  - 6:41:22 AM] No Slang-supported version (latest: 0.8.26) for Solidity found that satisfies the pragma directives: '^0.8.28'.
[Info  - 6:41:22 AM] No Slang-supported version (latest: 0.8.26) for Solidity found that satisfies the pragma directives: '^0.8.28'.
[Info  - 6:41:23 AM] No Slang-supported version (latest: 0.8.26) for Solidity found that satisfies the pragma directives: '^0.8.28'.
[Info  - 6:41:23 AM] No Slang-supported version (latest: 0.8.26) for Solidity found that satisfies the pragma directives: '^0.8.28'.
[Info  - 6:41:23 AM] No Slang-supported version (latest: 0.8.26) for Solidity found that satisfies the pragma directives: '^0.8.28'.
[Info  - 6:41:32 AM] No Slang-supported version (latest: 0.8.26) for Solidity found that satisfies the pragma directives: '^0.8.28'.
[Info  - 6:41:33 AM] No Slang-supported version (latest: 0.8.26) for Solidity found that satisfies the pragma directives: '^0.8.28'.
[Info  - 6:41:33 AM] No Slang-supported version (latest: 0.8.26) for Solidity found that satisfies the pragma directives: '^0.8.28'.
[Info  - 6:41:33 AM] No Slang-supported version (latest: 0.8.26) for Solidity found that satisfies the pragma directives: '^0.8.28'.
[Info  - 6:41:33 AM] No Slang-supported version (latest: 0.8.26) for Solidity found that satisfies the pragma directives: '^0.8.28'.
[Info  - 6:41:34 AM] No Slang-supported version (latest: 0.8.26) for Solidity found that satisfies the pragma directives: '^0.8.28'.
[Info  - 6:41:34 AM] No Slang-supported version (latest: 0.8.26) for Solidity found that satisfies the pragma directives: '^0.8.28'.
[Info  - 6:41:34 AM] No Slang-supported version (latest: 0.8.26) for Solidity found that satisfies the pragma directives: '^0.8.28'.
[Info  - 6:41:34 AM] No Slang-supported version (latest: 0.8.26) for Solidity found that satisfies the pragma directives: '^0.8.28'.
[Info  - 6:41:34 AM] No Slang-supported version (latest: 0.8.26) for Solidity found that satisfies the pragma directives: '^0.8.28'.
[Info  - 6:41:34 AM] No Slang-supported version (latest: 0.8.26) for Solidity found that satisfies the pragma directives: '^0.8.28'.
[Info  - 6:41:35 AM] No Slang-supported version (latest: 0.8.26) for Solidity found that satisfies the pragma directives: '^0.8.28'.
[Info  - 6:41:35 AM] No Slang-supported version (latest: 0.8.26) for Solidity found that satisfies the pragma directives: '^0.8.28'.
[Info  - 6:41:35 AM] No Slang-supported version (latest: 0.8.26) for Solidity found that satisfies the pragma directives: '^0.8.28'.
[Info  - 6:41:35 AM] No Slang-supported version (latest: 0.8.26) for Solidity found that satisfies the pragma directives: '^0.8.28'.
[Info  - 6:41:36 AM] No Slang-supported version (latest: 0.8.26) for Solidity found that satisfies the pragma directives: '^0.8.28'.
[Info  - 6:41:36 AM] No Slang-supported version (latest: 0.8.26) for Solidity found that satisfies the pragma directives: '^0.8.28'.
[Info  - 6:41:36 AM] No Slang-supported version (latest: 0.8.26) for Solidity found that satisfies the pragma directives: '^0.8.28'.
[Info  - 6:41:36 AM] No Slang-supported version (latest: 0.8.26) for Solidity found that satisfies the pragma directives: '^0.8.28'.
[Info  - 6:41:36 AM] No Slang-supported version (latest: 0.8.26) for Solidity found that satisfies the pragma directives: '^0.8.28'.
[Info  - 6:41:39 AM] No Slang-supported version (latest: 0.8.26) for Solidity found that satisfies the pragma directives: '^0.8.28'.
[Info  - 6:42:00 AM] No Slang-supported version (latest: 0.8.26) for Solidity found that satisfies the pragma directives: '^0.8.28'.
[Info  - 6:42:00 AM] No Slang-supported version (latest: 0.8.26) for Solidity found that satisfies the pragma directives: '^0.8.28'.
[Info  - 6:42:07 AM] No Slang-supported version (latest: 0.8.26) for Solidity found that satisfies the pragma directives: '^0.8.28'.
[Info  - 6:42:07 AM] No Slang-supported version (latest: 0.8.26) for Solidity found that satisfies the pragma directives: '^0.8.28'.
[Info  - 6:42:08 AM] No Slang-supported version (latest: 0.8.26) for Solidity found that satisfies the pragma directives: '^0.8.28'.
[Info  - 6:42:08 AM] No Slang-supported version (latest: 0.8.26) for Solidity found that satisfies the pragma directives: '^0.8.28'.
[Info  - 6:42:09 AM] No Slang-supported version (latest: 0.8.26) for Solidity found that satisfies the pragma directives: '^0.8.28'.
[Info  - 6:42:09 AM] No Slang-supported version (latest: 0.8.26) for Solidity found that satisfies the pragma directives: '^0.8.28'.
[Info  - 6:42:09 AM] No Slang-supported version (latest: 0.8.26) for Solidity found that satisfies the pragma directives: '^0.8.28'.
[Info  - 6:42:13 AM] No Slang-supported version (latest: 0.8.26) for Solidity found that satisfies the pragma directives: '^0.8.28'.
[Info  - 6:42:13 AM] No Slang-supported version (latest: 0.8.26) for Solidity found that satisfies the pragma directives: '^0.8.28'.
[Info  - 6:42:13 AM] No Slang-supported version (latest: 0.8.26) for Solidity found that satisfies the pragma directives: '^0.8.28'.
[Info  - 6:42:14 AM] No Slang-supported version (latest: 0.8.26) for Solidity found that satisfies the pragma directives: '^0.8.28'.
[Info  - 6:42:14 AM] No Slang-supported version (latest: 0.8.26) for Solidity found that satisfies the pragma directives: '^0.8.28'.
[Info  - 6:42:14 AM] No Slang-supported version (latest: 0.8.26) for Solidity found that satisfies the pragma directives: '^0.8.28'.
[Info  - 6:42:27 AM] No Slang-supported version (latest: 0.8.26) for Solidity found that satisfies the pragma directives: '^0.8.28'.
[Info  - 6:42:27 AM] No Slang-supported version (latest: 0.8.26) for Solidity found that satisfies the pragma directives: '^0.8.28'.
[Info  - 6:42:27 AM] No Slang-supported version (latest: 0.8.26) for Solidity found that satisfies the pragma directives: '^0.8.28'.
[Info  - 6:42:28 AM] No Slang-supported version (latest: 0.8.26) for Solidity found that satisfies the pragma directives: '^0.8.28'.
[Info  - 6:42:28 AM] No Slang-supported version (latest: 0.8.26) for Solidity found that satisfies the pragma directives: '^0.8.28'.
[Info  - 6:42:41 AM] No Slang-supported version (latest: 0.8.26) for Solidity found that satisfies the pragma directives: '^0.8.28'.
[Info  - 6:42:41 AM] No Slang-supported version (latest: 0.8.26) for Solidity found that satisfies the pragma directives: '^0.8.28'.
[Info  - 6:42:41 AM] No Slang-supported version (latest: 0.8.26) for Solidity found that satisfies the pragma directives: '^0.8.28'.
[Info  - 6:42:42 AM] No Slang-supported version (latest: 0.8.26) for Solidity found that satisfies the pragma directives: '^0.8.28'.
[Info  - 6:42:42 AM] No Slang-supported version (latest: 0.8.26) for Solidity found that satisfies the pragma directives: '^0.8.28'.
[Info  - 6:42:42 AM] No Slang-supported version (latest: 0.8.26) for Solidity found that satisfies the pragma directives: '^0.8.28'.
[Info  - 6:42:42 AM] No Slang-supported version (latest: 0.8.26) for Solidity found that satisfies the pragma directives: '^0.8.28'.
[Info  - 6:42:46 AM] No Slang-supported version (latest: 0.8.26) for Solidity found that satisfies the pragma directives: '^0.8.28'.
[Info  - 6:42:47 AM] No Slang-supported version (latest: 0.8.26) for Solidity found that satisfies the pragma directives: '^0.8.28'.
[Info  - 6:42:47 AM] No Slang-supported version (latest: 0.8.26) for Solidity found that satisfies the pragma directives: '^0.8.28'.
[Info  - 6:42:47 AM] No Slang-supported version (latest: 0.8.26) for Solidity found that satisfies the pragma directives: '^0.8.28'.
[Info  - 6:42:47 AM] No Slang-supported version (latest: 0.8.26) for Solidity found that satisfies the pragma directives: '^0.8.28'.
[Info  - 6:42:47 AM] No Slang-supported version (latest: 0.8.26) for Solidity found that satisfies the pragma directives: '^0.8.28'.
[Info  - 6:42:48 AM] No Slang-supported version (latest: 0.8.26) for Solidity found that satisfies the pragma directives: '^0.8.28'.
[Info  - 6:42:48 AM] No Slang-supported version (latest: 0.8.26) for Solidity found that satisfies the pragma directives: '^0.8.28'.
[Info  - 6:42:48 AM] No Slang-supported version (latest: 0.8.26) for Solidity found that satisfies the pragma directives: '^0.8.28'.
[Info  - 6:42:48 AM] No Slang-supported version (latest: 0.8.26) for Solidity found that satisfies the pragma directives: '^0.8.28'.
[Info  - 6:42:48 AM] No Slang-supported version (latest: 0.8.26) for Solidity found that satisfies the pragma directives: '^0.8.28'.
[Info  - 6:42:48 AM] No Slang-supported version (latest: 0.8.26) for Solidity found that satisfies the pragma directives: '^0.8.28'.
[Info  - 6:43:03 AM] No Slang-supported version (latest: 0.8.26) for Solidity found that satisfies the pragma directives: '^0.8.28'.
[Info  - 6:43:04 AM] No Slang-supported version (latest: 0.8.26) for Solidity found that satisfies the pragma directives: '^0.8.28'.
[Info  - 6:43:04 AM] No Slang-supported version (latest: 0.8.26) for Solidity found that satisfies the pragma directives: '^0.8.28'.
[Info  - 6:43:04 AM] No Slang-supported version (latest: 0.8.26) for Solidity found that satisfies the pragma directives: '^0.8.28'.
[Info  - 6:43:04 AM] No Slang-supported version (latest: 0.8.26) for Solidity found that satisfies the pragma directives: '^0.8.28'.
[Info  - 6:43:05 AM] No Slang-supported version (latest: 0.8.26) for Solidity found that satisfies the pragma directives: '^0.8.28'.
[Info  - 6:43:06 AM] No Slang-supported version (latest: 0.8.26) for Solidity found that satisfies the pragma directives: '^0.8.28'.
[Info  - 6:43:06 AM] No Slang-supported version (latest: 0.8.26) for Solidity found that satisfies the pragma directives: '^0.8.28'.
[Info  - 6:43:06 AM] No Slang-supported version (latest: 0.8.26) for Solidity found that satisfies the pragma directives: '^0.8.28'.
[Info  - 6:43:06 AM] No Slang-supported version (latest: 0.8.26) for Solidity found that satisfies the pragma directives: '^0.8.28'.
[Info  - 6:43:06 AM] No Slang-supported version (latest: 0.8.26) for Solidity found that satisfies the pragma directives: '^0.8.28'.
[Info  - 6:43:06 AM] No Slang-supported version (latest: 0.8.26) for Solidity found that satisfies the pragma directives: '^0.8.28'.
[Info  - 6:43:17 AM] No Slang-supported version (latest: 0.8.26) for Solidity found that satisfies the pragma directives: '^0.8.28'.
[Info  - 6:43:17 AM] No Slang-supported version (latest: 0.8.26) for Solidity found that satisfies the pragma directives: '^0.8.28'.
[Info  - 6:43:18 AM] No Slang-supported version (latest: 0.8.26) for Solidity found that satisfies the pragma directives: '^0.8.28'.
[Info  - 6:43:18 AM] No Slang-supported version (latest: 0.8.26) for Solidity found that satisfies the pragma directives: '^0.8.28'.
[Info  - 6:43:18 AM] No Slang-supported version (latest: 0.8.26) for Solidity found that satisfies the pragma directives: '^0.8.28'.
[Info  - 6:43:18 AM] No Slang-supported version (latest: 0.8.26) for Solidity found that satisfies the pragma directives: '^0.8.28'.
[Info  - 6:43:18 AM] No Slang-supported version (latest: 0.8.26) for Solidity found that satisfies the pragma directives: '^0.8.28'.
[Info  - 6:43:19 AM] No Slang-supported version (latest: 0.8.26) for Solidity found that satisfies the pragma directives: '^0.8.28'.
[Info  - 6:43:19 AM] No Slang-supported version (latest: 0.8.26) for Solidity found that satisfies the pragma directives: '^0.8.28'.
[Info  - 6:43:19 AM] No Slang-supported version (latest: 0.8.26) for Solidity found that satisfies the pragma directives: '^0.8.28'.
[Info  - 6:43:20 AM] No Slang-supported version (latest: 0.8.26) for Solidity found that satisfies the pragma directives: '^0.8.28'.
[Info  - 6:43:20 AM] No Slang-supported version (latest: 0.8.26) for Solidity found that satisfies the pragma directives: '^0.8.28'.
[Info  - 6:43:20 AM] No Slang-supported version (latest: 0.8.26) for Solidity found that satisfies the pragma directives: '^0.8.28'.
[Info  - 6:43:20 AM] No Slang-supported version (latest: 0.8.26) for Solidity found that satisfies the pragma directives: '^0.8.28'.
[Info  - 6:43:21 AM] No Slang-supported version (latest: 0.8.26) for Solidity found that satisfies the pragma directives: '^0.8.28'.
[Info  - 6:43:21 AM] No Slang-supported version (latest: 0.8.26) for Solidity found that satisfies the pragma directives: '^0.8.28'.
[Info  - 6:43:21 AM] No Slang-supported version (latest: 0.8.26) for Solidity found that satisfies the pragma directives: '^0.8.28'.
[Info  - 6:43:21 AM] No Slang-supported version (latest: 0.8.26) for Solidity found that satisfies the pragma directives: '^0.8.28'.
[Info  - 6:43:22 AM] No Slang-supported version (latest: 0.8.26) for Solidity found that satisfies the pragma directives: '^0.8.28'.
[Info  - 6:43:22 AM] No Slang-supported version (latest: 0.8.26) for Solidity found that satisfies the pragma directives: '^0.8.28'.
[Info  - 6:43:23 AM] No Slang-supported version (latest: 0.8.26) for Solidity found that satisfies the pragma directives: '^0.8.28'.
[Info  - 6:43:23 AM] No Slang-supported version (latest: 0.8.26) for Solidity found that satisfies the pragma directives: '^0.8.28'.
[Info  - 6:43:23 AM] No Slang-supported version (latest: 0.8.26) for Solidity found that satisfies the pragma directives: '^0.8.28'.
[Info  - 6:43:29 AM] No Slang-supported version (latest: 0.8.26) for Solidity found that satisfies the pragma directives: '^0.8.28'.
[Info  - 6:43:30 AM] No Slang-supported version (latest: 0.8.26) for Solidity found that satisfies the pragma directives: '^0.8.28'.
[Info  - 6:43:30 AM] No Slang-supported version (latest: 0.8.26) for Solidity found that satisfies the pragma directives: '^0.8.28'.
[Info  - 6:43:30 AM] No Slang-supported version (latest: 0.8.26) for Solidity found that satisfies the pragma directives: '^0.8.28'.
[Info  - 6:43:31 AM] No Slang-supported version (latest: 0.8.26) for Solidity found that satisfies the pragma directives: '^0.8.28'.
[Info  - 6:43:31 AM] No Slang-supported version (latest: 0.8.26) for Solidity found that satisfies the pragma directives: '^0.8.28'.
[Info  - 6:43:31 AM] No Slang-supported version (latest: 0.8.26) for Solidity found that satisfies the pragma directives: '^0.8.28'.
[Info  - 6:43:32 AM] No Slang-supported version (latest: 0.8.26) for Solidity found that satisfies the pragma directives: '^0.8.28'.
[Info  - 6:43:32 AM] No Slang-supported version (latest: 0.8.26) for Solidity found that satisfies the pragma directives: '^0.8.28'.
[Info  - 6:43:33 AM] No Slang-supported version (latest: 0.8.26) for Solidity found that satisfies the pragma directives: '^0.8.28'.
[Info  - 6:43:33 AM] No Slang-supported version (latest: 0.8.26) for Solidity found that satisfies the pragma directives: '^0.8.28'.
[Info  - 6:43:36 AM] No Slang-supported version (latest: 0.8.26) for Solidity found that satisfies the pragma directives: '^0.8.28'.
[Info  - 6:43:36 AM] No Slang-supported version (latest: 0.8.26) for Solidity found that satisfies the pragma directives: '^0.8.28'.
[Info  - 6:43:37 AM] No Slang-supported version (latest: 0.8.26) for Solidity found that satisfies the pragma directives: '^0.8.28'.
[Info  - 6:43:37 AM] No Slang-supported version (latest: 0.8.26) for Solidity found that satisfies the pragma directives: '^0.8.28'.
[Info  - 6:43:37 AM] No Slang-supported version (latest: 0.8.26) for Solidity found that satisfies the pragma directives: '^0.8.28'.
[Info  - 6:43:37 AM] No Slang-supported version (latest: 0.8.26) for Solidity found that satisfies the pragma directives: '^0.8.28'.
[Info  - 6:43:39 AM] No Slang-supported version (latest: 0.8.26) for Solidity found that satisfies the pragma directives: '^0.8.28'.
[Info  - 6:43:39 AM] No Slang-supported version (latest: 0.8.26) for Solidity found that satisfies the pragma directives: '^0.8.28'.
[Info  - 6:43:39 AM] No Slang-supported version (latest: 0.8.26) for Solidity found that satisfies the pragma directives: '^0.8.28'.
[Info  - 6:43:41 AM] No Slang-supported version (latest: 0.8.26) for Solidity found that satisfies the pragma directives: '^0.8.28'.
[Info  - 6:43:42 AM] No Slang-supported version (latest: 0.8.26) for Solidity found that satisfies the pragma directives: '^0.8.28'.
[Info  - 6:43:42 AM] No Slang-supported version (latest: 0.8.26) for Solidity found that satisfies the pragma directives: '^0.8.28'.
[Info  - 6:43:42 AM] No Slang-supported version (latest: 0.8.26) for Solidity found that satisfies the pragma directives: '^0.8.28'.
[Info  - 6:43:45 AM] No Slang-supported version (latest: 0.8.26) for Solidity found that satisfies the pragma directives: '^0.8.28'.
[Info  - 6:43:45 AM] No Slang-supported version (latest: 0.8.26) for Solidity found that satisfies the pragma directives: '^0.8.28'.
[Info  - 6:43:45 AM] No Slang-supported version (latest: 0.8.26) for Solidity found that satisfies the pragma directives: '^0.8.28'.
[Info  - 6:43:45 AM] No Slang-supported version (latest: 0.8.26) for Solidity found that satisfies the pragma directives: '^0.8.28'.
[Info  - 6:43:46 AM] No Slang-supported version (latest: 0.8.26) for Solidity found that satisfies the pragma directives: '^0.8.28'.
[Info  - 6:43:46 AM] No Slang-supported version (latest: 0.8.26) for Solidity found that satisfies the pragma directives: '^0.8.28'.
[Info  - 6:43:46 AM] No Slang-supported version (latest: 0.8.26) for Solidity found that satisfies the pragma directives: '^0.8.28'.
[Info  - 6:43:46 AM] No Slang-supported version (latest: 0.8.26) for Solidity found that satisfies the pragma directives: '^0.8.28'.
[Info  - 6:43:47 AM] No Slang-supported version (latest: 0.8.26) for Solidity found that satisfies the pragma directives: '^0.8.28'.
[Info  - 6:43:47 AM] No Slang-supported version (latest: 0.8.26) for Solidity found that satisfies the pragma directives: '^0.8.28'.
[Info  - 6:43:47 AM] No Slang-supported version (latest: 0.8.26) for Solidity found that satisfies the pragma directives: '^0.8.28'.
[Info  - 6:43:49 AM] No Slang-supported version (latest: 0.8.26) for Solidity found that satisfies the pragma directives: '^0.8.28'.
[Info  - 6:43:49 AM] No Slang-supported version (latest: 0.8.26) for Solidity found that satisfies the pragma directives: '^0.8.28'.
[Info  - 6:43:49 AM] No Slang-supported version (latest: 0.8.26) for Solidity found that satisfies the pragma directives: '^0.8.28'.
[Info  - 6:44:00 AM] No Slang-supported version (latest: 0.8.26) for Solidity found that satisfies the pragma directives: '^0.8.28'.
[Info  - 6:44:00 AM] No Slang-supported version (latest: 0.8.26) for Solidity found that satisfies the pragma directives: '^0.8.28'.
[Info  - 6:44:00 AM] No Slang-supported version (latest: 0.8.26) for Solidity found that satisfies the pragma directives: '^0.8.28'.
[Info  - 6:44:09 AM] No Slang-supported version (latest: 0.8.26) for Solidity found that satisfies the pragma directives: '^0.8.28'.
[Info  - 6:44:09 AM] No Slang-supported version (latest: 0.8.26) for Solidity found that satisfies the pragma directives: '^0.8.28'.
[Info  - 6:44:09 AM] No Slang-supported version (latest: 0.8.26) for Solidity found that satisfies the pragma directives: '^0.8.28'.
[Info  - 6:44:09 AM] No Slang-supported version (latest: 0.8.26) for Solidity found that satisfies the pragma directives: '^0.8.28'.
[Info  - 6:44:09 AM] No Slang-supported version (latest: 0.8.26) for Solidity found that satisfies the pragma directives: '^0.8.28'.
[Info  - 6:44:09 AM] No Slang-supported version (latest: 0.8.26) for Solidity found that satisfies the pragma directives: '^0.8.28'.
[Info  - 6:44:18 AM] No Slang-supported version (latest: 0.8.26) for Solidity found that satisfies the pragma directives: '^0.8.28'.
[Info  - 6:44:18 AM] No Slang-supported version (latest: 0.8.26) for Solidity found that satisfies the pragma directives: '^0.8.28'.
[Info  - 6:44:18 AM] No Slang-supported version (latest: 0.8.26) for Solidity found that satisfies the pragma directives: '^0.8.28'.
[Info  - 6:44:19 AM] No Slang-supported version (latest: 0.8.26) for Solidity found that satisfies the pragma directives: '^0.8.28'.
[Info  - 6:44:19 AM] No Slang-supported version (latest: 0.8.26) for Solidity found that satisfies the pragma directives: '^0.8.28'.
[Info  - 6:44:19 AM] No Slang-supported version (latest: 0.8.26) for Solidity found that satisfies the pragma directives: '^0.8.28'.
[Info  - 6:44:20 AM] No Slang-supported version (latest: 0.8.26) for Solidity found that satisfies the pragma directives: '^0.8.28'.
[Info  - 6:44:20 AM] No Slang-supported version (latest: 0.8.26) for Solidity found that satisfies the pragma directives: '^0.8.28'.
[Info  - 6:44:20 AM] No Slang-supported version (latest: 0.8.26) for Solidity found that satisfies the pragma directives: '^0.8.28'.
[Info  - 6:44:23 AM] No Slang-supported version (latest: 0.8.26) for Solidity found that satisfies the pragma directives: '^0.8.28'.
[Info  - 6:44:23 AM] No Slang-supported version (latest: 0.8.26) for Solidity found that satisfies the pragma directives: '^0.8.28'.
[Info  - 6:44:24 AM] No Slang-supported version (latest: 0.8.26) for Solidity found that satisfies the pragma directives: '^0.8.28'.
[Info  - 6:44:25 AM] No Slang-supported version (latest: 0.8.26) for Solidity found that satisfies the pragma directives: '^0.8.28'.
[Info  - 6:44:26 AM] No Slang-supported version (latest: 0.8.26) for Solidity found that satisfies the pragma directives: '^0.8.28'.
[Info  - 6:44:26 AM] No Slang-supported version (latest: 0.8.26) for Solidity found that satisfies the pragma directives: '^0.8.28'.
[Info  - 6:44:27 AM] No Slang-supported version (latest: 0.8.26) for Solidity found that satisfies the pragma directives: '^0.8.28'.
[Info  - 6:44:27 AM] No Slang-supported version (latest: 0.8.26) for Solidity found that satisfies the pragma directives: '^0.8.28'.
[Info  - 6:44:27 AM] No Slang-supported version (latest: 0.8.26) for Solidity found that satisfies the pragma directives: '^0.8.28'.
[Info  - 6:44:27 AM] No Slang-supported version (latest: 0.8.26) for Solidity found that satisfies the pragma directives: '^0.8.28'.
[Info  - 6:44:27 AM] No Slang-supported version (latest: 0.8.26) for Solidity found that satisfies the pragma directives: '^0.8.28'.
[Info  - 6:44:27 AM] No Slang-supported version (latest: 0.8.26) for Solidity found that satisfies the pragma directives: '^0.8.28'.
[Info  - 6:44:28 AM] No Slang-supported version (latest: 0.8.26) for Solidity found that satisfies the pragma directives: '^0.8.28'.
[Info  - 6:44:28 AM] No Slang-supported version (latest: 0.8.26) for Solidity found that satisfies the pragma directives: '^0.8.28'.
[Info  - 6:44:28 AM] No Slang-supported version (latest: 0.8.26) for Solidity found that satisfies the pragma directives: '^0.8.28'.
[Info  - 6:46:40 AM] No Slang-supported version (latest: 0.8.26) for Solidity found that satisfies the pragma directives: '^0.8.28'.
[Info  - 6:46:41 AM] No Slang-supported version (latest: 0.8.26) for Solidity found that satisfies the pragma directives: '^0.8.28'.
[Info  - 6:46:41 AM] No Slang-supported version (latest: 0.8.26) for Solidity found that satisfies the pragma directives: '^0.8.28'.
[Info  - 6:46:42 AM] No Slang-supported version (latest: 0.8.26) for Solidity found that satisfies the pragma directives: '^0.8.28'.
[Info  - 6:46:42 AM] No Slang-supported version (latest: 0.8.26) for Solidity found that satisfies the pragma directives: '^0.8.28'.
[Info  - 6:46:42 AM] No Slang-supported version (latest: 0.8.26) for Solidity found that satisfies the pragma directives: '^0.8.28'.
[Info  - 6:46:43 AM] No Slang-supported version (latest: 0.8.26) for Solidity found that satisfies the pragma directives: '^0.8.28'.
[Info  - 6:46:43 AM] No Slang-supported version (latest: 0.8.26) for Solidity found that satisfies the pragma directives: '^0.8.28'.
[Info  - 6:46:43 AM] No Slang-supported version (latest: 0.8.26) for Solidity found that satisfies the pragma directives: '^0.8.28'.
[Info  - 6:46:43 AM] No Slang-supported version (latest: 0.8.26) for Solidity found that satisfies the pragma directives: '^0.8.28'.
[Info  - 6:46:43 AM] No Slang-supported version (latest: 0.8.26) for Solidity found that satisfies the pragma directives: '^0.8.28'.
[Info  - 6:46:44 AM] No Slang-supported version (latest: 0.8.26) for Solidity found that satisfies the pragma directives: '^0.8.28'.
[Info  - 6:46:50 AM] No Slang-supported version (latest: 0.8.26) for Solidity found that satisfies the pragma directives: '^0.8.28'.
[Info  - 6:46:50 AM] No Slang-supported version (latest: 0.8.26) for Solidity found that satisfies the pragma directives: '^0.8.28'.
[Info  - 6:46:51 AM] No Slang-supported version (latest: 0.8.26) for Solidity found that satisfies the pragma directives: '^0.8.28'.
[Info  - 6:46:51 AM] No Slang-supported version (latest: 0.8.26) for Solidity found that satisfies the pragma directives: '^0.8.28'.
[Info  - 6:46:51 AM] No Slang-supported version (latest: 0.8.26) for Solidity found that satisfies the pragma directives: '^0.8.28'.
[Info  - 6:46:51 AM] No Slang-supported version (latest: 0.8.26) for Solidity found that satisfies the pragma directives: '^0.8.28'.
[Info  - 6:46:52 AM] No Slang-supported version (latest: 0.8.26) for Solidity found that satisfies the pragma directives: '^0.8.28'.
[Info  - 6:46:53 AM] No Slang-supported version (latest: 0.8.26) for Solidity found that satisfies the pragma directives: '^0.8.28'.
[Info  - 6:46:54 AM] No Slang-supported version (latest: 0.8.26) for Solidity found that satisfies the pragma directives: '^0.8.28'.
[Info  - 6:46:54 AM] No Slang-supported version (latest: 0.8.26) for Solidity found that satisfies the pragma directives: '^0.8.28'.
[Info  - 6:46:54 AM] No Slang-supported version (latest: 0.8.26) for Solidity found that satisfies the pragma directives: '^0.8.28'.
[Info  - 6:46:54 AM] No Slang-supported version (latest: 0.8.26) for Solidity found that satisfies the pragma directives: '^0.8.28'.
[Info  - 6:46:54 AM] No Slang-supported version (latest: 0.8.26) for Solidity found that satisfies the pragma directives: '^0.8.28'.
[Info  - 6:46:54 AM] No Slang-supported version (latest: 0.8.26) for Solidity found that satisfies the pragma directives: '^0.8.28'.
[Info  - 6:46:55 AM] No Slang-supported version (latest: 0.8.26) for Solidity found that satisfies the pragma directives: '^0.8.28'.
[Info  - 6:46:55 AM] No Slang-supported version (latest: 0.8.26) for Solidity found that satisfies the pragma directives: '^0.8.28'.
[Info  - 6:46:55 AM] No Slang-supported version (latest: 0.8.26) for Solidity found that satisfies the pragma directives: '^0.8.28'.
[Info  - 6:46:56 AM] No Slang-supported version (latest: 0.8.26) for Solidity found that satisfies the pragma directives: '^0.8.28'.
[Info  - 6:46:56 AM] No Slang-supported version (latest: 0.8.26) for Solidity found that satisfies the pragma directives: '^0.8.28'.
[Info  - 6:47:12 AM] No Slang-supported version (latest: 0.8.26) for Solidity found that satisfies the pragma directives: '^0.8.28'.
[Info  - 6:47:12 AM] No Slang-supported version (latest: 0.8.26) for Solidity found that satisfies the pragma directives: '^0.8.28'.
[Info  - 6:47:12 AM] No Slang-supported version (latest: 0.8.26) for Solidity found that satisfies the pragma directives: '^0.8.28'.
[Info  - 6:47:13 AM] No Slang-supported version (latest: 0.8.26) for Solidity found that satisfies the pragma directives: '^0.8.28'.
[Info  - 6:47:14 AM] No Slang-supported version (latest: 0.8.26) for Solidity found that satisfies the pragma directives: '^0.8.28'.
[Info  - 6:47:14 AM] No Slang-supported version (latest: 0.8.26) for Solidity found that satisfies the pragma directives: '^0.8.28'.
[Info  - 6:47:14 AM] No Slang-supported version (latest: 0.8.26) for Solidity found that satisfies the pragma directives: '^0.8.28'.
[Info  - 6:47:14 AM] No Slang-supported version (latest: 0.8.26) for Solidity found that satisfies the pragma directives: '^0.8.28'.
[Info  - 6:47:14 AM] No Slang-supported version (latest: 0.8.26) for Solidity found that satisfies the pragma directives: '^0.8.28'.
[Info  - 6:47:15 AM] No Slang-supported version (latest: 0.8.26) for Solidity found that satisfies the pragma directives: '^0.8.28'.
[Info  - 6:47:15 AM] No Slang-supported version (latest: 0.8.26) for Solidity found that satisfies the pragma directives: '^0.8.28'.
[Info  - 6:47:15 AM] No Slang-supported version (latest: 0.8.26) for Solidity found that satisfies the pragma directives: '^0.8.28'.
[Info  - 6:47:16 AM] No Slang-supported version (latest: 0.8.26) for Solidity found that satisfies the pragma directives: '^0.8.28'.
[Info  - 6:47:16 AM] No Slang-supported version (latest: 0.8.26) for Solidity found that satisfies the pragma directives: '^0.8.28'.
[Info  - 6:47:16 AM] No Slang-supported version (latest: 0.8.26) for Solidity found that satisfies the pragma directives: '^0.8.28'.
[Info  - 6:47:17 AM] No Slang-supported version (latest: 0.8.26) for Solidity found that satisfies the pragma directives: '^0.8.28'.
[Info  - 6:47:17 AM] No Slang-supported version (latest: 0.8.26) for Solidity found that satisfies the pragma directives: '^0.8.28'.
[Info  - 6:47:17 AM] No Slang-supported version (latest: 0.8.26) for Solidity found that satisfies the pragma directives: '^0.8.28'.
[Info  - 6:47:17 AM] No Slang-supported version (latest: 0.8.26) for Solidity found that satisfies the pragma directives: '^0.8.28'.
[Info  - 6:47:18 AM] No Slang-supported version (latest: 0.8.26) for Solidity found that satisfies the pragma directives: '^0.8.28'.
[Info  - 6:47:18 AM] No Slang-supported version (latest: 0.8.26) for Solidity found that satisfies the pragma directives: '^0.8.28'.
[Info  - 6:47:18 AM] No Slang-supported version (latest: 0.8.26) for Solidity found that satisfies the pragma directives: '^0.8.28'.
[Info  - 6:47:18 AM] No Slang-supported version (latest: 0.8.26) for Solidity found that satisfies the pragma directives: '^0.8.28'.
[Info  - 6:47:19 AM] No Slang-supported version (latest: 0.8.26) for Solidity found that satisfies the pragma directives: '^0.8.28'.
[Info  - 6:47:19 AM] No Slang-supported version (latest: 0.8.26) for Solidity found that satisfies the pragma directives: '^0.8.28'.
[Info  - 6:47:19 AM] No Slang-supported version (latest: 0.8.26) for Solidity found that satisfies the pragma directives: '^0.8.28'.
[Info  - 6:47:19 AM] No Slang-supported version (latest: 0.8.26) for Solidity found that satisfies the pragma directives: '^0.8.28'.
[Info  - 6:47:20 AM] No Slang-supported version (latest: 0.8.26) for Solidity found that satisfies the pragma directives: '^0.8.28'.
[Info  - 6:47:20 AM] No Slang-supported version (latest: 0.8.26) for Solidity found that satisfies the pragma directives: '^0.8.28'.
[Info  - 6:47:20 AM] No Slang-supported version (latest: 0.8.26) for Solidity found that satisfies the pragma directives: '^0.8.28'.
[Info  - 6:47:20 AM] No Slang-supported version (latest: 0.8.26) for Solidity found that satisfies the pragma directives: '^0.8.28'.
[Info  - 6:47:20 AM] No Slang-supported version (latest: 0.8.26) for Solidity found that satisfies the pragma directives: '^0.8.28'.
[Info  - 6:47:21 AM] No Slang-supported version (latest: 0.8.26) for Solidity found that satisfies the pragma directives: '^0.8.28'.
[Info  - 6:47:21 AM] No Slang-supported version (latest: 0.8.26) for Solidity found that satisfies the pragma directives: '^0.8.28'.
[Info  - 6:47:21 AM] No Slang-supported version (latest: 0.8.26) for Solidity found that satisfies the pragma directives: '^0.8.28'.
[Info  - 6:47:21 AM] No Slang-supported version (latest: 0.8.26) for Solidity found that satisfies the pragma directives: '^0.8.28'.
[Info  - 6:47:49 AM] No Slang-supported version (latest: 0.8.26) for Solidity found that satisfies the pragma directives: '^0.8.28'.
[Info  - 6:47:49 AM] No Slang-supported version (latest: 0.8.26) for Solidity found that satisfies the pragma directives: '^0.8.28'.
[Info  - 6:47:49 AM] No Slang-supported version (latest: 0.8.26) for Solidity found that satisfies the pragma directives: '^0.8.28'.
[Info  - 6:47:50 AM] No Slang-supported version (latest: 0.8.26) for Solidity found that satisfies the pragma directives: '^0.8.28'.
[Info  - 6:47:50 AM] No Slang-supported version (latest: 0.8.26) for Solidity found that satisfies the pragma directives: '^0.8.28'.
[Info  - 6:47:50 AM] No Slang-supported version (latest: 0.8.26) for Solidity found that satisfies the pragma directives: '^0.8.28'.
[Info  - 6:50:23 AM] No Slang-supported version (latest: 0.8.26) for Solidity found that satisfies the pragma directives: '^0.8.28'.
[Info  - 6:50:23 AM] No Slang-supported version (latest: 0.8.26) for Solidity found that satisfies the pragma directives: '^0.8.28'.
[Info  - 6:50:23 AM] No Slang-supported version (latest: 0.8.26) for Solidity found that satisfies the pragma directives: '^0.8.28'.
[Info  - 6:50:56 AM] No Slang-supported version (latest: 0.8.26) for Solidity found that satisfies the pragma directives: '^0.8.28'.
[Info  - 6:50:56 AM] No Slang-supported version (latest: 0.8.26) for Solidity found that satisfies the pragma directives: '^0.8.28'.
[Info  - 6:50:56 AM] No Slang-supported version (latest: 0.8.26) for Solidity found that satisfies the pragma directives: '^0.8.28'.
[Info  - 6:50:58 AM] No Slang-supported version (latest: 0.8.26) for Solidity found that satisfies the pragma directives: '^0.8.28'.
[Info  - 6:50:58 AM] No Slang-supported version (latest: 0.8.26) for Solidity found that satisfies the pragma directives: '^0.8.28'.
[Info  - 6:51:05 AM] No Slang-supported version (latest: 0.8.26) for Solidity found that satisfies the pragma directives: '^0.8.28'.
[Info  - 6:51:06 AM] No Slang-supported version (latest: 0.8.26) for Solidity found that satisfies the pragma directives: '^0.8.28'.
[Info  - 6:51:06 AM] No Slang-supported version (latest: 0.8.26) for Solidity found that satisfies the pragma directives: '^0.8.28'.
[Info  - 6:51:06 AM] No Slang-supported version (latest: 0.8.26) for Solidity found that satisfies the pragma directives: '^0.8.28'.
[Info  - 6:51:06 AM] No Slang-supported version (latest: 0.8.26) for Solidity found that satisfies the pragma directives: '^0.8.28'.
[Info  - 6:51:06 AM] No Slang-supported version (latest: 0.8.26) for Solidity found that satisfies the pragma directives: '^0.8.28'.
[Info  - 6:51:07 AM] No Slang-supported version (latest: 0.8.26) for Solidity found that satisfies the pragma directives: '^0.8.28'.
[Info  - 6:51:07 AM] No Slang-supported version (latest: 0.8.26) for Solidity found that satisfies the pragma directives: '^0.8.28'.
[Info  - 6:51:07 AM] No Slang-supported version (latest: 0.8.26) for Solidity found that satisfies the pragma directives: '^0.8.28'.
[Info  - 6:51:25 AM] No Slang-supported version (latest: 0.8.26) for Solidity found that satisfies the pragma directives: '^0.8.28'.
[Info  - 6:51:25 AM] No Slang-supported version (latest: 0.8.26) for Solidity found that satisfies the pragma directives: '^0.8.28'.
[Info  - 6:51:25 AM] No Slang-supported version (latest: 0.8.26) for Solidity found that satisfies the pragma directives: '^0.8.28'.
[Info  - 6:51:25 AM] No Slang-supported version (latest: 0.8.26) for Solidity found that satisfies the pragma directives: '^0.8.28'.
[Info  - 6:51:25 AM] No Slang-supported version (latest: 0.8.26) for Solidity found that satisfies the pragma directives: '^0.8.28'.
[Info  - 6:51:25 AM] No Slang-supported version (latest: 0.8.26) for Solidity found that satisfies the pragma directives: '^0.8.28'.
[Info  - 6:51:36 AM] No Slang-supported version (latest: 0.8.26) for Solidity found that satisfies the pragma directives: '^0.8.28'.
[Info  - 6:51:36 AM] No Slang-supported version (latest: 0.8.26) for Solidity found that satisfies the pragma directives: '^0.8.28'.
[Info  - 6:51:36 AM] No Slang-supported version (latest: 0.8.26) for Solidity found that satisfies the pragma directives: '^0.8.28'.
[Info  - 6:51:36 AM] No Slang-supported version (latest: 0.8.26) for Solidity found that satisfies the pragma directives: '^0.8.28'.
[Info  - 6:51:36 AM] No Slang-supported version (latest: 0.8.26) for Solidity found that satisfies the pragma directives: '^0.8.28'.
[Info  - 6:51:36 AM] No Slang-supported version (latest: 0.8.26) for Solidity found that satisfies the pragma directives: '^0.8.28'.
[Info  - 6:51:47 AM] No Slang-supported version (latest: 0.8.26) for Solidity found that satisfies the pragma directives: '^0.8.28'.
[Info  - 6:51:47 AM] No Slang-supported version (latest: 0.8.26) for Solidity found that satisfies the pragma directives: '^0.8.28'.
[Info  - 6:51:47 AM] No Slang-supported version (latest: 0.8.26) for Solidity found that satisfies the pragma directives: '^0.8.28'.
[Info  - 6:51:47 AM] No Slang-supported version (latest: 0.8.26) for Solidity found that satisfies the pragma directives: '^0.8.28'.
[Info  - 6:51:47 AM] No Slang-supported version (latest: 0.8.26) for Solidity found that satisfies the pragma directives: '^0.8.28'.
[Info  - 6:51:47 AM] No Slang-supported version (latest: 0.8.26) for Solidity found that satisfies the pragma directives: '^0.8.28'.
[Info  - 6:51:47 AM] No Slang-supported version (latest: 0.8.26) for Solidity found that satisfies the pragma directives: '^0.8.28'.
[Info  - 6:51:47 AM] No Slang-supported version (latest: 0.8.26) for Solidity found that satisfies the pragma directives: '^0.8.28'.
[Info  - 6:51:48 AM] No Slang-supported version (latest: 0.8.26) for Solidity found that satisfies the pragma directives: '^0.8.28'.
[Info  - 6:51:48 AM] No Slang-supported version (latest: 0.8.26) for Solidity found that satisfies the pragma directives: '^0.8.28'.
[Info  - 6:51:48 AM] No Slang-supported version (latest: 0.8.26) for Solidity found that satisfies the pragma directives: '^0.8.28'.
[Info  - 6:51:48 AM] No Slang-supported version (latest: 0.8.26) for Solidity found that satisfies the pragma directives: '^0.8.28'.
[Info  - 6:51:48 AM] No Slang-supported version (latest: 0.8.26) for Solidity found that satisfies the pragma directives: '^0.8.28'.
[Info  - 6:51:49 AM] No Slang-supported version (latest: 0.8.26) for Solidity found that satisfies the pragma directives: '^0.8.28'.
[Info  - 6:51:58 AM] No Slang-supported version (latest: 0.8.26) for Solidity found that satisfies the pragma directives: '^0.8.28'.
[Info  - 6:51:58 AM] No Slang-supported version (latest: 0.8.26) for Solidity found that satisfies the pragma directives: '^0.8.28'.
[Info  - 6:51:58 AM] No Slang-supported version (latest: 0.8.26) for Solidity found that satisfies the pragma directives: '^0.8.28'.
[Info  - 6:51:58 AM] No Slang-supported version (latest: 0.8.26) for Solidity found that satisfies the pragma directives: '^0.8.28'.
[Info  - 6:51:58 AM] No Slang-supported version (latest: 0.8.26) for Solidity found that satisfies the pragma directives: '^0.8.28'.
[Info  - 6:51:58 AM] No Slang-supported version (latest: 0.8.26) for Solidity found that satisfies the pragma directives: '^0.8.28'.
[Info  - 6:52:05 AM] No Slang-supported version (latest: 0.8.26) for Solidity found that satisfies the pragma directives: '^0.8.28'.
[Info  - 6:52:05 AM] No Slang-supported version (latest: 0.8.26) for Solidity found that satisfies the pragma directives: '^0.8.28'.
[Info  - 6:52:05 AM] No Slang-supported version (latest: 0.8.26) for Solidity found that satisfies the pragma directives: '^0.8.28'.
[Info  - 6:52:05 AM] No Slang-supported version (latest: 0.8.26) for Solidity found that satisfies the pragma directives: '^0.8.28'.
[Info  - 6:52:06 AM] No Slang-supported version (latest: 0.8.26) for Solidity found that satisfies the pragma directives: '^0.8.28'.
[Info  - 6:52:06 AM] No Slang-supported version (latest: 0.8.26) for Solidity found that satisfies the pragma directives: '^0.8.28'.
[Info  - 6:52:31 AM] No Slang-supported version (latest: 0.8.26) for Solidity found that satisfies the pragma directives: '^0.8.28'.
[Info  - 6:52:32 AM] No Slang-supported version (latest: 0.8.26) for Solidity found that satisfies the pragma directives: '^0.8.28'.
[Info  - 6:52:32 AM] No Slang-supported version (latest: 0.8.26) for Solidity found that satisfies the pragma directives: '^0.8.28'.
[Info  - 6:52:41 AM] No Slang-supported version (latest: 0.8.26) for Solidity found that satisfies the pragma directives: '^0.8.28'.
[Info  - 6:52:42 AM] No Slang-supported version (latest: 0.8.26) for Solidity found that satisfies the pragma directives: '^0.8.28'.
[Info  - 6:52:42 AM] No Slang-supported version (latest: 0.8.26) for Solidity found that satisfies the pragma directives: '^0.8.28'.
[Info  - 6:52:42 AM] No Slang-supported version (latest: 0.8.26) for Solidity found that satisfies the pragma directives: '^0.8.28'.
[Info  - 6:52:42 AM] No Slang-supported version (latest: 0.8.26) for Solidity found that satisfies the pragma directives: '^0.8.28'.
[Info  - 6:53:36 AM] No Slang-supported version (latest: 0.8.26) for Solidity found that satisfies the pragma directives: '^0.8.28'.
[Info  - 6:53:37 AM] No Slang-supported version (latest: 0.8.26) for Solidity found that satisfies the pragma directives: '^0.8.28'.
[Info  - 6:53:37 AM] No Slang-supported version (latest: 0.8.26) for Solidity found that satisfies the pragma directives: '^0.8.28'.
[Info  - 6:54:28 AM] No Slang-supported version (latest: 0.8.26) for Solidity found that satisfies the pragma directives: '^0.8.28'.
[Info  - 6:54:28 AM] No Slang-supported version (latest: 0.8.26) for Solidity found that satisfies the pragma directives: '^0.8.28'.
[Info  - 6:54:28 AM] No Slang-supported version (latest: 0.8.26) for Solidity found that satisfies the pragma directives: '^0.8.28'.
[Info  - 6:54:59 AM] No Slang-supported version (latest: 0.8.26) for Solidity found that satisfies the pragma directives: '^0.8.28'.
[Info  - 6:55:00 AM] No Slang-supported version (latest: 0.8.26) for Solidity found that satisfies the pragma directives: '^0.8.28'.
[Info  - 6:55:00 AM] No Slang-supported version (latest: 0.8.26) for Solidity found that satisfies the pragma directives: '^0.8.28'.
[Info  - 6:55:09 AM] No Slang-supported version (latest: 0.8.26) for Solidity found that satisfies the pragma directives: '^0.8.28'.
[Info  - 6:55:09 AM] No Slang-supported version (latest: 0.8.26) for Solidity found that satisfies the pragma directives: '^0.8.28'.
[Info  - 6:55:10 AM] No Slang-supported version (latest: 0.8.26) for Solidity found that satisfies the pragma directives: '^0.8.28'.
[Info  - 6:55:40 AM] No Slang-supported version (latest: 0.8.26) for Solidity found that satisfies the pragma directives: '^0.8.28'.
[Info  - 6:55:41 AM] No Slang-supported version (latest: 0.8.26) for Solidity found that satisfies the pragma directives: '^0.8.28'.
[Info  - 6:55:41 AM] No Slang-supported version (latest: 0.8.26) for Solidity found that satisfies the pragma directives: '^0.8.28'.
[Info  - 6:55:41 AM] No Slang-supported version (latest: 0.8.26) for Solidity found that satisfies the pragma directives: '^0.8.28'.
[Info  - 6:55:41 AM] No Slang-supported version (latest: 0.8.26) for Solidity found that satisfies the pragma directives: '^0.8.28'.
[Info  - 6:55:41 AM] No Slang-supported version (latest: 0.8.26) for Solidity found that satisfies the pragma directives: '^0.8.28'.
[Info  - 6:55:42 AM] No Slang-supported version (latest: 0.8.26) for Solidity found that satisfies the pragma directives: '^0.8.28'.
[Info  - 6:55:56 AM] No Slang-supported version (latest: 0.8.26) for Solidity found that satisfies the pragma directives: '^0.8.28'.
[Info  - 6:55:56 AM] No Slang-supported version (latest: 0.8.26) for Solidity found that satisfies the pragma directives: '^0.8.28'.
[Info  - 6:55:56 AM] No Slang-supported version (latest: 0.8.26) for Solidity found that satisfies the pragma directives: '^0.8.28'.
[Info  - 6:55:59 AM] No Slang-supported version (latest: 0.8.26) for Solidity found that satisfies the pragma directives: '^0.8.28'.
[Info  - 6:55:59 AM] No Slang-supported version (latest: 0.8.26) for Solidity found that satisfies the pragma directives: '^0.8.28'.
[Info  - 6:55:59 AM] No Slang-supported version (latest: 0.8.26) for Solidity found that satisfies the pragma directives: '^0.8.28'.
[Info  - 6:55:59 AM] No Slang-supported version (latest: 0.8.26) for Solidity found that satisfies the pragma directives: '^0.8.28'.
[Info  - 6:56:05 AM] No Slang-supported version (latest: 0.8.26) for Solidity found that satisfies the pragma directives: '^0.8.28'.
[Info  - 6:56:05 AM] No Slang-supported version (latest: 0.8.26) for Solidity found that satisfies the pragma directives: '^0.8.28'.
[Info  - 6:56:05 AM] No Slang-supported version (latest: 0.8.26) for Solidity found that satisfies the pragma directives: '^0.8.28'.
[Info  - 6:56:35 AM] No Slang-supported version (latest: 0.8.26) for Solidity found that satisfies the pragma directives: '^0.8.28'.
[Info  - 6:56:35 AM] No Slang-supported version (latest: 0.8.26) for Solidity found that satisfies the pragma directives: '^0.8.28'.
[Info  - 6:56:35 AM] No Slang-supported version (latest: 0.8.26) for Solidity found that satisfies the pragma directives: '^0.8.28'.
[Info  - 6:56:35 AM] No Slang-supported version (latest: 0.8.26) for Solidity found that satisfies the pragma directives: '^0.8.28'.
[Info  - 6:56:35 AM] No Slang-supported version (latest: 0.8.26) for Solidity found that satisfies the pragma directives: '^0.8.28'.
[Info  - 6:56:35 AM] No Slang-supported version (latest: 0.8.26) for Solidity found that satisfies the pragma directives: '^0.8.28'.
[Info  - 6:56:45 AM] No Slang-supported version (latest: 0.8.26) for Solidity found that satisfies the pragma directives: '^0.8.28'.
[Info  - 6:56:45 AM] No Slang-supported version (latest: 0.8.26) for Solidity found that satisfies the pragma directives: '^0.8.28'.
[Info  - 6:56:45 AM] No Slang-supported version (latest: 0.8.26) for Solidity found that satisfies the pragma directives: '^0.8.28'.
[Info  - 6:56:45 AM] No Slang-supported version (latest: 0.8.26) for Solidity found that satisfies the pragma directives: '^0.8.28'.
