2025-07-05 23:15:49.516 [info] Extension host with pid 19379 started
2025-07-05 23:15:49.516 [info] Skipping acquiring lock for /home/user/.config/Code - OSS/User/workspaceStorage/ac4ec37c65c7152583dc4163d7906d6e.
2025-07-05 23:15:49.652 [info] ExtensionService#_doActivateExtension vscode.emmet, startup: false, activationEvent: 'onLanguage'
2025-07-05 23:15:49.670 [info] ExtensionService#_doActivateExtension IARD-Solutions.iards-solidity-analyzer, startup: false, activationEvent: 'onLanguage:solidity'
2025-07-05 23:15:49.679 [info] ExtensionService#_doActivateExtension NomicFoundation.hardhat-solidity, startup: false, activationEvent: 'onLanguage:solidity'
2025-07-05 23:15:49.722 [info] ExtensionService#_doActivateExtension tintinweb.vscode-ethover, startup: false, activationEvent: 'onLanguage:solidity'
2025-07-05 23:15:50.168 [info] ExtensionService#_doActivateExtension vscode.configuration-editing, startup: false, activationEvent: 'onLanguage:jsonc'
2025-07-05 23:15:50.178 [info] ExtensionService#_doActivateExtension vscode.json-language-features, startup: false, activationEvent: 'onLanguage:jsonc'
2025-07-05 23:15:50.234 [info] ExtensionService#_doActivateExtension vscode.typescript-language-features, startup: false, activationEvent: 'onLanguage:jsonc'
2025-07-05 23:15:50.574 [info] ExtensionService#_doActivateExtension vscode.git-base, startup: true, activationEvent: '*', root cause: vscode.git
2025-07-05 23:15:50.577 [info] ExtensionService#_doActivateExtension christian-kohler.path-intellisense, startup: true, activationEvent: '*'
2025-07-05 23:15:50.589 [info] ExtensionService#_doActivateExtension CoenraadS.bracket-pair-colorizer, startup: true, activationEvent: '*'
2025-07-05 23:15:50.617 [info] ExtensionService#_doActivateExtension vscode.git, startup: true, activationEvent: '*'
2025-07-05 23:15:50.665 [info] ExtensionService#_doActivateExtension vscode.github, startup: true, activationEvent: '*'
2025-07-05 23:15:51.050 [info] ExtensionService#_doActivateExtension vscode.github-authentication, startup: false, activationEvent: 'onAuthenticationRequest:github'
2025-07-05 23:15:53.335 [info] Eager extensions activated
2025-07-05 23:15:53.338 [info] ExtensionService#_doActivateExtension vscode.debug-auto-launch, startup: false, activationEvent: 'onStartupFinished'
2025-07-05 23:15:53.341 [info] ExtensionService#_doActivateExtension vscode.merge-conflict, startup: false, activationEvent: 'onStartupFinished'
2025-07-05 23:15:53.360 [info] ExtensionService#_doActivateExtension aaron-bond.better-comments, startup: false, activationEvent: 'onStartupFinished'
2025-07-05 23:15:53.365 [info] ExtensionService#_doActivateExtension dbaeumer.vscode-eslint, startup: false, activationEvent: 'onStartupFinished'
2025-07-05 23:15:53.397 [info] ExtensionService#_doActivateExtension esbenp.prettier-vscode, startup: false, activationEvent: 'onStartupFinished'
2025-07-05 23:15:53.457 [info] ExtensionService#_doActivateExtension PKief.material-icon-theme, startup: false, activationEvent: 'onStartupFinished'
2025-07-05 23:15:53.474 [info] ExtensionService#_doActivateExtension usernamehw.errorlens, startup: false, activationEvent: 'onStartupFinished'
2025-07-06 01:33:54.322 [info] Extension host terminating: renderer closed the MessagePort
2025-07-06 01:33:54.387 [info] Extension host with pid 19379 exiting with code 0
2025-07-06 01:33:56.380 [info] Extension host with pid 27999 started
2025-07-06 01:33:56.380 [info] Skipping acquiring lock for /home/user/.config/Code - OSS/User/workspaceStorage/fcaab3c62323601372de9f26357e93d9.
2025-07-06 01:33:56.381 [info] ExtensionService#_doActivateExtension vscode.configuration-editing, startup: false, activationEvent: 'onLanguage:jsonc'
2025-07-06 01:33:56.388 [info] ExtensionService#_doActivateExtension vscode.json-language-features, startup: false, activationEvent: 'onLanguage:jsonc'
2025-07-06 01:33:56.426 [info] ExtensionService#_doActivateExtension vscode.typescript-language-features, startup: false, activationEvent: 'onLanguage:jsonc'
2025-07-06 01:33:56.464 [info] ExtensionService#_doActivateExtension vscode.emmet, startup: false, activationEvent: 'onLanguage'
2025-07-06 01:33:56.635 [info] ExtensionService#_doActivateExtension vscode.git-base, startup: true, activationEvent: '*'
2025-07-06 01:33:56.636 [info] ExtensionService#_doActivateExtension christian-kohler.path-intellisense, startup: true, activationEvent: '*'
2025-07-06 01:33:56.642 [info] ExtensionService#_doActivateExtension vscode.github, startup: true, activationEvent: '*'
2025-07-06 01:33:56.658 [info] Eager extensions activated
2025-07-06 01:33:56.669 [info] ExtensionService#_doActivateExtension vscode.debug-auto-launch, startup: false, activationEvent: 'onStartupFinished'
2025-07-06 01:33:56.670 [info] ExtensionService#_doActivateExtension vscode.merge-conflict, startup: false, activationEvent: 'onStartupFinished'
2025-07-06 01:33:56.682 [info] ExtensionService#_doActivateExtension esbenp.prettier-vscode, startup: false, activationEvent: 'onStartupFinished'
2025-07-06 01:33:56.726 [info] ExtensionService#_doActivateExtension PKief.material-icon-theme, startup: false, activationEvent: 'onStartupFinished'
2025-07-06 01:33:58.084 [info] ExtensionService#_doActivateExtension vscode.git, startup: false, activationEvent: 'api', root cause: vscode.github
2025-07-06 01:33:58.194 [info] ExtensionService#_doActivateExtension aaron-bond.better-comments, startup: false, activationEvent: 'onStartupFinished'
2025-07-06 01:33:58.201 [info] ExtensionService#_doActivateExtension CoenraadS.bracket-pair-colorizer, startup: false, activationEvent: '*'
2025-07-06 01:33:58.220 [info] ExtensionService#_doActivateExtension dbaeumer.vscode-eslint, startup: false, activationEvent: 'onStartupFinished'
2025-07-06 01:33:58.265 [info] ExtensionService#_doActivateExtension usernamehw.errorlens, startup: false, activationEvent: 'onStartupFinished'
