2025-07-07 10:50:33.510 [info] Started local extension host with pid 4089.
2025-07-07 10:50:33.690 [info] ComputeTargetPlatform: linux-x64
2025-07-07 10:50:33.719 [error] Ignoring vscode-ethover.hover.getBalance.showErrors as vscode-ethover.hover.getBalance is "yes-ask"
2025-07-07 10:50:34.411 [error] Unable to write to User Settings because python.venvFolders is not a registered configuration.
2025-07-07 10:50:36.717 [info] [perf] Render performance baseline is 14ms
2025-07-07 10:50:37.660 [info] Auto updating outdated extensions. beardedbear.beardedicons, nomicfoundation.hardhat-solidity, pkief.material-icon-theme
2025-07-07 10:50:44.091 [error] Signature verification failed with 'UnhandledException' error.: SignatureVerificationInternal: Signature verification failed with 'UnhandledException' error.
    at yh.xb (file:///usr/lib/code/out/vs/code/electron-utility/sharedProcess/sharedProcessMain.js:74:64415)
    at async yh.wb (file:///usr/lib/code/out/vs/code/electron-utility/sharedProcess/sharedProcessMain.js:74:62886)
2025-07-07 10:50:46.268 [warning] [backup tracker] suspended, ignoring unregister event file:///home/user/git/js/package.json 
2025-07-07 10:50:47.337 [info] Started local extension host with pid 4468.
2025-07-07 10:50:47.381 [info] ComputeTargetPlatform: linux-x64
2025-07-07 10:50:47.540 [info] ChatSessionStore: Migrating 0 chat sessions from storage service to file system
2025-07-07 10:50:49.673 [error] Ignoring vscode-ethover.hover.getBalance.showErrors as vscode-ethover.hover.getBalance is "yes-ask"
2025-07-07 10:50:50.144 [info] [perf] Render performance baseline is 15ms
2025-07-07 10:50:50.212 [error] Unable to write to User Settings because python.venvFolders is not a registered configuration.
2025-07-07 10:50:50.359 [info] Auto updating outdated extensions. beardedbear.beardedicons, nomicfoundation.hardhat-solidity, pkief.material-icon-theme
2025-07-07 10:50:51.448 [error] [Extension Host] Failed to read shared state
2025-07-07 10:50:59.169 [error] Signature verification failed with 'UnhandledException' error.: SignatureVerificationInternal: Signature verification failed with 'UnhandledException' error.
    at yh.xb (file:///usr/lib/code/out/vs/code/electron-utility/sharedProcess/sharedProcessMain.js:74:64415)
    at async yh.wb (file:///usr/lib/code/out/vs/code/electron-utility/sharedProcess/sharedProcessMain.js:74:62886)
2025-07-07 10:51:03.110 [error] Signature verification failed with 'UnhandledException' error.: SignatureVerificationInternal: Signature verification failed with 'UnhandledException' error.
    at yh.xb (file:///usr/lib/code/out/vs/code/electron-utility/sharedProcess/sharedProcessMain.js:74:64415)
    at async yh.wb (file:///usr/lib/code/out/vs/code/electron-utility/sharedProcess/sharedProcessMain.js:74:62886)
2025-07-07 10:51:39.323 [error] Unknown error while installing extension nomicfoundation.hardhat-solidity: Unknown: Unknown error while installing extension nomicfoundation.hardhat-solidity
    at yh.installFromGallery (file:///usr/lib/code/out/vs/code/electron-utility/sharedProcess/sharedProcessMain.js:74:1547)
2025-07-07 11:07:43.781 [warning] [File Watcher (node.js)] Watcher shutdown because watched path got deleted
