2025-07-07 10:50:34.146 [info] ComputeTargetPlatform: linux-x64
2025-07-07 10:50:36.291 [info] ComputeTargetPlatform: linux-x64
2025-07-07 10:50:40.199 [info] Getting Manifest... beardedbear.beardedicons
2025-07-07 10:50:40.202 [info] Getting Manifest... nomicfoundation.hardhat-solidity
2025-07-07 10:50:40.203 [info] Getting Manifest... pkief.material-icon-theme
2025-07-07 10:50:41.192 [info] Installing extension: beardedbear.beardedicons {"productVersion":{"version":"1.100.2","date":"2025-05-21T09:36:24.436Z"},"pinned":false,"operation":3,"isApplicationScoped":false,"profileLocation":{"$mid":1,"external":"vscode-userdata:/home/user/.vscode-oss/extensions/extensions.json","path":"/home/user/.vscode-oss/extensions/extensions.json","scheme":"vscode-userdata"}}
2025-07-07 10:50:41.194 [info] Installing extension: pkief.material-icon-theme {"productVersion":{"version":"1.100.2","date":"2025-05-21T09:36:24.436Z"},"pinned":false,"operation":3,"isApplicationScoped":false,"profileLocation":{"$mid":1,"external":"vscode-userdata:/home/user/.vscode-oss/extensions/extensions.json","path":"/home/user/.vscode-oss/extensions/extensions.json","scheme":"vscode-userdata"}}
2025-07-07 10:50:41.197 [info] Installing extension: nomicfoundation.hardhat-solidity {"productVersion":{"version":"1.100.2","date":"2025-05-21T09:36:24.436Z"},"pinned":false,"operation":3,"isApplicationScoped":false,"profileLocation":{"$mid":1,"external":"vscode-userdata:/home/user/.vscode-oss/extensions/extensions.json","path":"/home/user/.vscode-oss/extensions/extensions.json","scheme":"vscode-userdata"}}
2025-07-07 10:50:44.085 [info] Extension signature verification result for beardedbear.beardedicons: UnhandledException. Internal Code: 6. Executed: true. Duration: 576ms.
2025-07-07 10:50:44.088 [error] Error while installing the extension beardedbear.beardedicons Signature verification failed with 'UnhandledException' error. vscode-userdata:/home/user/.vscode-oss/extensions/extensions.json
2025-07-07 10:50:44.091 [error] [uncaught exception in sharedProcess]: Signature verification failed with 'UnhandledException' error.: SignatureVerificationInternal: Signature verification failed with 'UnhandledException' error.
    at yh.xb (file:///usr/lib/code/out/vs/code/electron-utility/sharedProcess/sharedProcessMain.js:74:64415)
    at async yh.wb (file:///usr/lib/code/out/vs/code/electron-utility/sharedProcess/sharedProcessMain.js:74:62886)
2025-07-07 10:50:49.391 [info] Extension signature verification result for pkief.material-icon-theme: UnhandledException. Internal Code: 6. Executed: true. Duration: 195ms.
2025-07-07 10:50:49.392 [error] Error while installing the extension pkief.material-icon-theme Signature verification failed with 'UnhandledException' error. vscode-userdata:/home/user/.vscode-oss/extensions/extensions.json
2025-07-07 10:50:49.393 [error] [uncaught exception in sharedProcess]: Signature verification failed with 'UnhandledException' error.: SignatureVerificationInternal: Signature verification failed with 'UnhandledException' error.
    at yh.xb (file:///usr/lib/code/out/vs/code/electron-utility/sharedProcess/sharedProcessMain.js:74:64415)
    at async yh.wb (file:///usr/lib/code/out/vs/code/electron-utility/sharedProcess/sharedProcessMain.js:74:62886)
2025-07-07 10:50:51.648 [info] Getting Manifest... beardedbear.beardedicons
2025-07-07 10:50:51.648 [info] Getting Manifest... nomicfoundation.hardhat-solidity
2025-07-07 10:50:51.649 [info] Getting Manifest... pkief.material-icon-theme
2025-07-07 10:50:51.945 [info] Extension is already requested to install nomicfoundation.hardhat-solidity vscode-userdata:/home/user/.vscode-oss/extensions/extensions.json
2025-07-07 10:50:51.946 [info] Installing extension: beardedbear.beardedicons {"productVersion":{"version":"1.100.2","date":"2025-05-21T09:36:24.436Z"},"pinned":false,"operation":3,"isApplicationScoped":false,"profileLocation":{"$mid":1,"external":"vscode-userdata:/home/user/.vscode-oss/extensions/extensions.json","path":"/home/user/.vscode-oss/extensions/extensions.json","scheme":"vscode-userdata"}}
2025-07-07 10:50:53.461 [info] Installing extension: pkief.material-icon-theme {"productVersion":{"version":"1.100.2","date":"2025-05-21T09:36:24.436Z"},"pinned":false,"operation":3,"isApplicationScoped":false,"profileLocation":{"$mid":1,"external":"vscode-userdata:/home/user/.vscode-oss/extensions/extensions.json","path":"/home/user/.vscode-oss/extensions/extensions.json","scheme":"vscode-userdata"}}
2025-07-07 10:50:59.161 [info] Extension signature verification result for beardedbear.beardedicons: UnhandledException. Internal Code: 6. Executed: true. Duration: 346ms.
2025-07-07 10:50:59.167 [error] Error while installing the extension beardedbear.beardedicons Signature verification failed with 'UnhandledException' error. vscode-userdata:/home/user/.vscode-oss/extensions/extensions.json
2025-07-07 10:50:59.167 [error] [uncaught exception in sharedProcess]: Signature verification failed with 'UnhandledException' error.: SignatureVerificationInternal: Signature verification failed with 'UnhandledException' error.
    at yh.xb (file:///usr/lib/code/out/vs/code/electron-utility/sharedProcess/sharedProcessMain.js:74:64415)
    at async yh.wb (file:///usr/lib/code/out/vs/code/electron-utility/sharedProcess/sharedProcessMain.js:74:62886)
2025-07-07 10:51:03.103 [info] Extension signature verification result for pkief.material-icon-theme: UnhandledException. Internal Code: 6. Executed: true. Duration: 357ms.
2025-07-07 10:51:03.108 [error] Error while installing the extension pkief.material-icon-theme Signature verification failed with 'UnhandledException' error. vscode-userdata:/home/user/.vscode-oss/extensions/extensions.json
2025-07-07 10:51:03.108 [error] [uncaught exception in sharedProcess]: Signature verification failed with 'UnhandledException' error.: SignatureVerificationInternal: Signature verification failed with 'UnhandledException' error.
    at yh.xb (file:///usr/lib/code/out/vs/code/electron-utility/sharedProcess/sharedProcessMain.js:74:64415)
    at async yh.wb (file:///usr/lib/code/out/vs/code/electron-utility/sharedProcess/sharedProcessMain.js:74:62886)
2025-07-07 10:51:39.316 [info] Extension signature verification result for nomicfoundation.hardhat-solidity: UnhandledException. Internal Code: 6. Executed: true. Duration: 327ms.
2025-07-07 10:51:39.320 [error] Error while installing the extension nomicfoundation.hardhat-solidity Signature verification failed with 'UnhandledException' error. vscode-userdata:/home/user/.vscode-oss/extensions/extensions.json
2025-07-07 10:51:39.321 [error] [uncaught exception in sharedProcess]: Signature verification failed with 'UnhandledException' error.: SignatureVerificationInternal: Signature verification failed with 'UnhandledException' error.
    at yh.xb (file:///usr/lib/code/out/vs/code/electron-utility/sharedProcess/sharedProcessMain.js:74:64415)
    at async yh.wb (file:///usr/lib/code/out/vs/code/electron-utility/sharedProcess/sharedProcessMain.js:74:62886)
