2025-04-11 16:19:10 Loading main app package /usr/lib/obsidian/obsidian.asar
2025-04-11 16:19:10 Checking for update using Github
2025-04-11 16:19:11 Success.
2025-04-11 16:19:11 Latest version is 1.8.9
2025-04-11 16:19:11 App is up to date.
2025-04-11 17:50:49 Loading main app package /usr/lib/obsidian/obsidian.asar
2025-04-11 17:50:49 Checking for update using Github
2025-04-11 17:50:49 Success.
2025-04-11 17:50:49 Latest version is 1.8.9
2025-04-11 17:50:49 App is up to date.
2025-04-11 23:58:22 Loading main app package /usr/lib/obsidian/obsidian.asar
2025-04-11 23:58:23 Checking for update using Github
2025-04-11 23:58:23 Success.
2025-04-11 23:58:23 Latest version is 1.8.9
2025-04-11 23:58:23 App is up to date.
2025-04-12 09:04:58 Loading main app package /usr/lib/obsidian/obsidian.asar
2025-04-12 09:04:58 Checking for update using Github
2025-04-12 09:04:59 Success.
2025-04-12 09:04:59 Latest version is 1.8.9
2025-04-12 09:04:59 App is up to date.
2025-04-12 09:11:23 Loading main app package /usr/lib/obsidian/obsidian.asar
2025-04-12 09:11:23 Checking for update using Github
2025-04-12 10:04:58 Checking for update using Github
2025-04-12 10:04:58 Failed to check for update using Github (net::ERR_INTERNET_DISCONNECTED)
2025-04-12 10:04:58 Checking for update using obsidian.md
2025-04-12 10:04:58 Failed to check for update using obsidian.md (net::ERR_INTERNET_DISCONNECTED)
2025-04-12 11:52:54 Loading main app package /usr/lib/obsidian/obsidian.asar
2025-04-12 11:52:54 Checking for update using Github
2025-04-12 11:52:55 Success.
2025-04-12 11:52:55 Latest version is 1.8.9
2025-04-12 11:52:55 App is up to date.
2025-04-12 23:44:16 Loading main app package /usr/lib/obsidian/obsidian.asar
2025-04-12 23:44:16 Checking for update using Github
2025-04-12 23:44:17 Success.
2025-04-12 23:44:17 Latest version is 1.8.9
2025-04-12 23:44:17 App is up to date.
2025-04-13 16:59:16 Loading main app package /usr/lib/obsidian/obsidian.asar
2025-04-13 16:59:16 Checking for update using Github
2025-04-13 16:59:17 Success.
2025-04-13 16:59:17 Latest version is 1.8.9
2025-04-13 16:59:17 App is up to date.
2025-04-13 17:59:16 Checking for update using Github
2025-04-13 17:59:17 Success.
2025-04-13 17:59:17 Latest version is 1.8.9
2025-04-13 17:59:17 App is up to date.
2025-04-13 18:59:16 Checking for update using Github
2025-04-13 18:59:16 Success.
2025-04-13 18:59:16 Latest version is 1.8.9
2025-04-13 18:59:16 App is up to date.
2025-04-13 19:59:16 Checking for update using Github
2025-04-13 19:59:16 Success.
2025-04-13 19:59:16 Latest version is 1.8.9
2025-04-13 19:59:16 App is up to date.
2025-04-13 20:59:16 Checking for update using Github
2025-04-13 20:59:16 Success.
2025-04-13 20:59:16 Latest version is 1.8.9
2025-04-13 20:59:16 App is up to date.
2025-04-14 20:51:18 Loading main app package /usr/lib/obsidian/obsidian.asar
2025-04-14 20:51:18 Checking for update using Github
2025-04-14 20:51:18 Success.
2025-04-14 20:51:18 Latest version is 1.8.9
2025-04-14 20:51:18 App is up to date.
2025-04-14 22:18:04 Loading main app package /usr/lib/obsidian/obsidian.asar
2025-04-14 22:18:05 Checking for update using Github
2025-04-14 22:18:05 Success.
2025-04-14 22:18:05 Latest version is 1.8.9
2025-04-14 22:18:05 App is up to date.
2025-04-14 23:18:04 Checking for update using Github
2025-04-14 23:18:05 Success.
2025-04-14 23:18:05 Latest version is 1.8.9
2025-04-14 23:18:05 App is up to date.
2025-04-15 09:05:21 Loading main app package /usr/lib/obsidian/obsidian.asar
2025-04-15 09:05:22 Checking for update using Github
2025-04-15 09:05:22 Success.
2025-04-15 09:05:22 Latest version is 1.8.9
2025-04-15 09:05:22 App is up to date.
2025-04-15 09:06:33 Loading main app package /usr/lib/obsidian/obsidian.asar
2025-04-15 09:06:33 Checking for update using Github
2025-04-15 09:06:33 Success.
2025-04-15 09:06:33 Latest version is 1.8.9
2025-04-15 09:06:33 App is up to date.
2025-04-15 09:38:38 Loading main app package /usr/lib/obsidian/obsidian.asar
2025-04-15 09:38:38 Checking for update using Github
2025-04-15 09:38:39 Success.
2025-04-15 09:38:39 Latest version is 1.8.9
2025-04-15 09:38:39 App is up to date.
2025-04-15 10:41:15 Checking for update using Github
2025-04-15 10:41:15 Failed to check for update using Github (net::ERR_INTERNET_DISCONNECTED)
2025-04-15 10:41:15 Checking for update using obsidian.md
2025-04-15 10:41:15 Failed to check for update using obsidian.md (net::ERR_INTERNET_DISCONNECTED)
2025-04-15 11:57:52 Loading main app package /usr/lib/obsidian/obsidian.asar
2025-04-15 11:57:53 Checking for update using Github
2025-04-15 11:57:53 Success.
2025-04-15 11:57:53 Latest version is 1.8.9
2025-04-15 11:57:53 App is up to date.
2025-04-15 12:57:52 Checking for update using Github
2025-04-15 12:57:53 Success.
2025-04-15 12:57:53 Latest version is 1.8.9
2025-04-15 12:57:53 App is up to date.
2025-04-15 15:22:41 Loading main app package /usr/lib/obsidian/obsidian.asar
2025-04-15 15:22:42 Checking for update using Github
2025-04-15 15:22:42 Success.
2025-04-15 15:22:42 Latest version is 1.8.9
2025-04-15 15:22:42 App is up to date.
2025-04-16 23:04:56 Loading main app package /usr/lib/obsidian/obsidian.asar
2025-04-16 23:04:57 Checking for update using Github
2025-04-16 23:04:57 Success.
2025-04-16 23:04:57 Latest version is 1.8.9
2025-04-16 23:04:57 App is up to date.
2025-04-18 09:16:14 Loading main app package /usr/lib/obsidian/obsidian.asar
2025-04-18 09:16:14 Checking for update using Github
2025-04-18 09:16:14 Success.
2025-04-18 09:16:14 Latest version is 1.8.9
2025-04-18 09:16:14 App is up to date.
2025-04-18 09:40:18 Loading main app package /usr/lib/obsidian/obsidian.asar
2025-04-18 09:40:18 Checking for update using Github
2025-04-18 09:40:18 Success.
2025-04-18 09:40:18 Latest version is 1.8.9
2025-04-18 09:40:18 App is up to date.
2025-04-18 10:40:18 Checking for update using Github
2025-04-18 10:40:18 Success.
2025-04-18 10:40:18 Latest version is 1.8.9
2025-04-18 10:40:18 App is up to date.
2025-04-18 11:40:18 Checking for update using Github
2025-04-18 11:40:18 Success.
2025-04-18 11:40:18 Latest version is 1.8.9
2025-04-18 11:40:18 App is up to date.
2025-04-18 12:40:18 Checking for update using Github
2025-04-18 12:40:18 Success.
2025-04-18 12:40:18 Latest version is 1.8.9
2025-04-18 12:40:18 App is up to date.
2025-04-18 13:40:18 Checking for update using Github
2025-04-18 13:40:18 Success.
2025-04-18 13:40:18 Latest version is 1.8.9
2025-04-18 13:40:18 App is up to date.
2025-04-20 19:39:43 Loading main app package /usr/lib/obsidian/obsidian.asar
2025-04-20 19:39:43 Checking for update using Github
2025-04-20 19:39:43 Success.
2025-04-20 19:39:43 Latest version is 1.8.9
2025-04-20 19:39:43 App is up to date.
2025-04-20 19:49:38 Loading main app package /usr/lib/obsidian/obsidian.asar
2025-04-20 19:49:39 Checking for update using Github
2025-04-20 19:49:39 Success.
2025-04-20 19:49:39 Latest version is 1.8.9
2025-04-20 19:49:39 App is up to date.
2025-04-20 20:49:38 Checking for update using Github
2025-04-20 20:49:38 Success.
2025-04-20 20:49:38 Latest version is 1.8.9
2025-04-20 20:49:38 App is up to date.
2025-04-21 09:28:47 Loading main app package /usr/lib/obsidian/obsidian.asar
2025-04-21 09:28:47 Checking for update using Github
2025-04-21 09:28:48 Success.
2025-04-21 09:28:48 Latest version is 1.8.9
2025-04-21 09:28:48 App is up to date.
2025-04-22 14:31:21 Loading main app package /usr/lib/obsidian/obsidian.asar
2025-04-22 14:31:22 Checking for update using Github
2025-04-22 14:31:22 Failed to check for update using Github (net::ERR_INTERNET_DISCONNECTED)
2025-04-22 14:31:22 Checking for update using obsidian.md
2025-04-22 14:31:22 Failed to check for update using obsidian.md (net::ERR_INTERNET_DISCONNECTED)
2025-04-22 11:34:42 Loading main app package /usr/lib/obsidian/obsidian.asar
2025-04-22 11:34:42 Checking for update using Github
2025-04-22 12:31:22 Checking for update using Github
2025-04-22 12:31:22 Failed to check for update using Github (net::ERR_INTERNET_DISCONNECTED)
2025-04-22 12:31:22 Checking for update using obsidian.md
2025-04-22 12:31:22 Failed to check for update using obsidian.md (net::ERR_INTERNET_DISCONNECTED)
2025-04-27 15:21:37 Loading main app package /usr/lib/obsidian/obsidian.asar
2025-04-27 15:21:37 Checking for update using Github
2025-04-27 15:21:38 Success.
2025-04-27 15:21:38 Latest version is 1.8.10
2025-04-27 15:21:38 Downloading update from https://github.com/obsidianmd/obsidian-releases/releases/download/v1.8.10/obsidian-1.8.10.asar.gz
2025-04-27 15:21:40 Verifying hash & signature. Size= 8128788
2025-04-27 15:21:40 Saving file
2025-04-27 15:21:40 Update complete.
2025-04-27 16:21:37 Checking for update using Github
2025-04-27 16:21:37 Success.
2025-04-27 16:21:37 Latest version is 1.8.10
2025-04-27 16:21:37 An update is already downloaded.
2025-04-27 17:21:37 Checking for update using Github
2025-04-27 17:21:38 Success.
2025-04-27 17:21:38 Latest version is 1.8.10
2025-04-27 17:21:38 An update is already downloaded.
2025-04-27 18:21:37 Checking for update using Github
2025-04-27 18:21:38 Success.
2025-04-27 18:21:38 Latest version is 1.8.10
2025-04-27 18:21:38 An update is already downloaded.
2025-04-27 19:21:38 Checking for update using Github
2025-04-27 19:21:38 Success.
2025-04-27 19:21:38 Latest version is 1.8.10
2025-04-27 19:21:38 An update is already downloaded.
2025-04-29 22:18:58 Loading updated app package /home/user/.config/obsidian/obsidian-1.8.10.asar
2025-04-29 22:18:58 Checking for update using Github
2025-04-29 22:19:04 Success.
2025-04-29 22:19:04 Latest version is 1.8.10
2025-04-29 22:19:04 App is up to date.
2025-04-29 23:18:58 Checking for update using Github
2025-04-29 23:19:04 Success.
2025-04-29 23:19:04 Latest version is 1.8.10
2025-04-29 23:19:04 App is up to date.
2025-04-30 00:18:58 Checking for update using Github
2025-04-30 00:19:04 Success.
2025-04-30 00:19:04 Latest version is 1.8.10
2025-04-30 00:19:04 App is up to date.
2025-04-30 12:17:41 Loading updated app package /home/user/.config/obsidian/obsidian-1.8.10.asar
2025-04-30 12:17:41 Checking for update using Github
2025-04-30 12:17:42 Success.
2025-04-30 12:17:42 Latest version is 1.8.10
2025-04-30 12:17:42 App is up to date.
2025-04-30 13:17:41 Checking for update using Github
2025-04-30 13:17:42 Success.
2025-04-30 13:17:42 Latest version is 1.8.10
2025-04-30 13:17:42 App is up to date.
2025-04-30 14:17:41 Checking for update using Github
2025-04-30 14:17:42 Success.
2025-04-30 14:17:42 Latest version is 1.8.10
2025-04-30 14:17:42 App is up to date.
2025-05-07 14:06:35 Loading updated app package /home/user/.config/obsidian/obsidian-1.8.10.asar
2025-05-07 14:06:35 Checking for update using Github
2025-05-07 14:06:36 Success.
2025-05-07 14:06:36 Latest version is 1.8.10
2025-05-07 14:06:36 App is up to date.
2025-05-10 11:15:45 Loading updated app package /home/user/.config/obsidian/obsidian-1.8.10.asar
2025-05-10 11:15:45 Checking for update using Github
2025-05-10 11:15:46 Success.
2025-05-10 11:15:46 Latest version is 1.8.10
2025-05-10 11:15:46 App is up to date.
2025-05-10 12:15:45 Checking for update using Github
2025-05-10 12:15:49 Success.
2025-05-10 12:15:49 Latest version is 1.8.10
2025-05-10 12:15:49 App is up to date.
2025-05-10 18:57:55 Loading updated app package /home/user/.config/obsidian/obsidian-1.8.10.asar
2025-05-10 18:57:55 Checking for update using Github
2025-05-10 18:57:55 Success.
2025-05-10 18:57:55 Latest version is 1.8.10
2025-05-10 18:57:55 App is up to date.
2025-05-10 18:57:58 Loading updated app package /home/user/.config/obsidian/obsidian-1.8.10.asar
2025-05-10 18:57:59 Checking for update using Github
2025-05-10 18:57:59 Success.
2025-05-10 18:57:59 Latest version is 1.8.10
2025-05-10 18:57:59 App is up to date.
2025-05-10 19:57:58 Checking for update using Github
2025-05-10 19:57:59 Success.
2025-05-10 19:57:59 Latest version is 1.8.10
2025-05-10 19:57:59 App is up to date.
2025-05-10 20:57:58 Checking for update using Github
2025-05-10 20:57:59 Success.
2025-05-10 20:57:59 Latest version is 1.8.10
2025-05-10 20:57:59 App is up to date.
2025-05-10 21:57:58 Checking for update using Github
2025-05-10 21:57:59 Success.
2025-05-10 21:57:59 Latest version is 1.8.10
2025-05-10 21:57:59 App is up to date.
2025-05-11 07:21:56 Loading updated app package /home/user/.config/obsidian/obsidian-1.8.10.asar
2025-05-11 07:21:56 Checking for update using Github
2025-05-11 07:22:05 Success.
2025-05-11 07:22:05 Latest version is 1.8.10
2025-05-11 07:22:05 App is up to date.
2025-05-11 08:21:55 Checking for update using Github
2025-05-11 08:21:56 Success.
2025-05-11 08:21:56 Latest version is 1.8.10
2025-05-11 08:21:56 App is up to date.
2025-05-11 09:21:55 Checking for update using Github
2025-05-11 09:21:57 Success.
2025-05-11 09:21:57 Latest version is 1.8.10
2025-05-11 09:21:57 App is up to date.
2025-05-11 09:58:25 Loading updated app package /home/user/.config/obsidian/obsidian-1.8.10.asar
2025-05-11 09:58:25 Checking for update using Github
2025-05-11 09:58:26 Success.
2025-05-11 09:58:26 Latest version is 1.8.10
2025-05-11 09:58:26 App is up to date.
2025-05-11 10:58:25 Checking for update using Github
2025-05-11 10:58:30 Success.
2025-05-11 10:58:30 Latest version is 1.8.10
2025-05-11 10:58:30 App is up to date.
2025-05-11 11:58:25 Checking for update using Github
2025-05-11 11:58:25 Success.
2025-05-11 11:58:25 Latest version is 1.8.10
2025-05-11 11:58:25 App is up to date.
2025-05-11 12:58:25 Checking for update using Github
2025-05-11 12:58:25 Success.
2025-05-11 12:58:25 Latest version is 1.8.10
2025-05-11 12:58:25 App is up to date.
2025-05-11 15:39:13 Loading updated app package /home/user/.config/obsidian/obsidian-1.8.10.asar
2025-05-11 15:39:14 Checking for update using Github
2025-05-11 15:39:14 Success.
2025-05-11 15:39:14 Latest version is 1.8.10
2025-05-11 15:39:14 App is up to date.
2025-05-11 16:39:13 Checking for update using Github
2025-05-11 16:39:14 Success.
2025-05-11 16:39:14 Latest version is 1.8.10
2025-05-11 16:39:14 App is up to date.
2025-05-11 17:39:13 Checking for update using Github
2025-05-11 17:39:13 Success.
2025-05-11 17:39:13 Latest version is 1.8.10
2025-05-11 17:39:13 App is up to date.
2025-05-11 18:39:13 Checking for update using Github
2025-05-11 18:39:13 Success.
2025-05-11 18:39:13 Latest version is 1.8.10
2025-05-11 18:39:13 App is up to date.
2025-05-11 19:39:13 Checking for update using Github
2025-05-11 19:39:14 Success.
2025-05-11 19:39:14 Latest version is 1.8.10
2025-05-11 19:39:14 App is up to date.
2025-05-12 21:24:48 Loading updated app package /home/user/.config/obsidian/obsidian-1.8.10.asar
2025-05-12 21:24:48 Checking for update using Github
2025-05-12 21:24:48 Success.
2025-05-12 21:24:48 Latest version is 1.8.10
2025-05-12 21:24:48 App is up to date.
2025-05-12 22:24:48 Checking for update using Github
2025-05-12 22:24:48 Success.
2025-05-12 22:24:48 Latest version is 1.8.10
2025-05-12 22:24:48 App is up to date.
2025-05-12 23:24:48 Checking for update using Github
2025-05-12 23:24:48 Success.
2025-05-12 23:24:48 Latest version is 1.8.10
2025-05-12 23:24:48 App is up to date.
2025-05-13 11:59:03 Loading updated app package /home/user/.config/obsidian/obsidian-1.8.10.asar
2025-05-13 11:59:03 Checking for update using Github
2025-05-13 11:59:04 Success.
2025-05-13 11:59:04 Latest version is 1.8.10
2025-05-13 11:59:04 App is up to date.
2025-05-13 12:59:03 Checking for update using Github
2025-05-13 12:59:03 Failed to check for update using Github (net::ERR_INTERNET_DISCONNECTED)
2025-05-13 12:59:03 Checking for update using obsidian.md
2025-05-13 12:59:03 Failed to check for update using obsidian.md (net::ERR_INTERNET_DISCONNECTED)
2025-05-14 10:56:15 Loading main app package /usr/lib/obsidian/obsidian.asar
2025-05-14 10:56:15 Checking for update using Github
2025-05-14 10:56:15 Success.
2025-05-14 10:56:15 Latest version is 1.8.10
2025-05-14 10:56:15 App is up to date.
2025-05-14 17:48:03 Loading main app package /usr/lib/obsidian/obsidian.asar
2025-05-14 17:48:03 Checking for update using Github
2025-05-14 17:48:03 Success.
2025-05-14 17:48:03 Latest version is 1.8.10
2025-05-14 17:48:03 App is up to date.
2025-05-14 18:48:03 Checking for update using Github
2025-05-14 18:48:03 Success.
2025-05-14 18:48:03 Latest version is 1.8.10
2025-05-14 18:48:03 App is up to date.
2025-05-14 19:48:03 Checking for update using Github
2025-05-14 19:48:03 Success.
2025-05-14 19:48:03 Latest version is 1.8.10
2025-05-14 19:48:03 App is up to date.
2025-05-14 20:48:03 Checking for update using Github
2025-05-14 20:48:03 Success.
2025-05-14 20:48:03 Latest version is 1.8.10
2025-05-14 20:48:03 App is up to date.
2025-05-14 21:48:03 Checking for update using Github
2025-05-14 21:48:03 Success.
2025-05-14 21:48:03 Latest version is 1.8.10
2025-05-14 21:48:03 App is up to date.
2025-05-14 23:30:39 Loading main app package /usr/lib/obsidian/obsidian.asar
2025-05-14 23:30:39 Checking for update using Github
2025-05-14 23:30:39 Success.
2025-05-14 23:30:39 Latest version is 1.8.10
2025-05-14 23:30:39 App is up to date.
2025-05-15 00:30:39 Checking for update using Github
2025-05-15 00:30:39 Success.
2025-05-15 00:30:39 Latest version is 1.8.10
2025-05-15 00:30:39 App is up to date.
2025-05-15 19:25:31 Loading main app package /usr/lib/obsidian/obsidian.asar
2025-05-15 19:25:31 Checking for update using Github
2025-05-15 19:25:33 Success.
2025-05-15 19:25:33 Latest version is 1.8.10
2025-05-15 19:25:33 App is up to date.
2025-05-15 20:25:31 Checking for update using Github
2025-05-15 20:25:31 Success.
2025-05-15 20:25:31 Latest version is 1.8.10
2025-05-15 20:25:31 App is up to date.
2025-05-15 21:25:31 Checking for update using Github
2025-05-15 21:25:31 Success.
2025-05-15 21:25:31 Latest version is 1.8.10
2025-05-15 21:25:31 App is up to date.
2025-05-16 09:40:49 Loading main app package /usr/lib/obsidian/obsidian.asar
2025-05-16 09:40:49 Checking for update using Github
2025-05-16 09:40:49 Success.
2025-05-16 09:40:49 Latest version is 1.8.10
2025-05-16 09:40:49 App is up to date.
2025-05-16 10:40:49 Checking for update using Github
2025-05-16 10:40:49 Success.
2025-05-16 10:40:49 Latest version is 1.8.10
2025-05-16 10:40:49 App is up to date.
2025-05-16 11:40:49 Checking for update using Github
2025-05-16 11:40:49 Success.
2025-05-16 11:40:49 Latest version is 1.8.10
2025-05-16 11:40:49 App is up to date.
2025-05-16 12:40:49 Checking for update using Github
2025-05-16 12:40:49 Success.
2025-05-16 12:40:49 Latest version is 1.8.10
2025-05-16 12:40:49 App is up to date.
2025-05-16 13:40:49 Checking for update using Github
2025-05-16 13:40:49 Success.
2025-05-16 13:40:49 Latest version is 1.8.10
2025-05-16 13:40:49 App is up to date.
2025-05-16 21:52:17 Loading main app package /usr/lib/obsidian/obsidian.asar
2025-05-16 21:52:17 Checking for update using Github
2025-05-16 21:52:17 Success.
2025-05-16 21:52:17 Latest version is 1.8.10
2025-05-16 21:52:17 App is up to date.
2025-05-16 22:52:17 Checking for update using Github
2025-05-16 22:52:18 Success.
2025-05-16 22:52:18 Latest version is 1.8.10
2025-05-16 22:52:18 App is up to date.
2025-05-16 23:52:17 Checking for update using Github
2025-05-16 23:52:18 Success.
2025-05-16 23:52:18 Latest version is 1.8.10
2025-05-16 23:52:18 App is up to date.
2025-05-17 20:49:15 Loading main app package /usr/lib/obsidian/obsidian.asar
2025-05-17 20:49:15 Checking for update using Github
2025-05-17 20:49:16 Success.
2025-05-17 20:49:16 Latest version is 1.8.10
2025-05-17 20:49:16 App is up to date.
2025-05-17 21:49:15 Checking for update using Github
2025-05-17 21:49:15 Success.
2025-05-17 21:49:15 Latest version is 1.8.10
2025-05-17 21:49:15 App is up to date.
2025-05-19 18:16:10 Loading main app package /usr/lib/obsidian/obsidian.asar
2025-05-19 18:16:10 Checking for update using Github
2025-05-19 18:16:10 Success.
2025-05-19 18:16:10 Latest version is 1.8.10
2025-05-19 18:16:10 App is up to date.
2025-05-19 19:16:10 Checking for update using Github
2025-05-19 19:16:10 Success.
2025-05-19 19:16:10 Latest version is 1.8.10
2025-05-19 19:16:10 App is up to date.
2025-05-19 20:16:10 Checking for update using Github
2025-05-19 20:16:10 Success.
2025-05-19 20:16:10 Latest version is 1.8.10
2025-05-19 20:16:10 App is up to date.
2025-05-20 11:56:03 Loading main app package /usr/lib/obsidian/obsidian.asar
2025-05-20 11:56:04 Checking for update using Github
2025-05-20 11:56:04 Failed to check for update using Github (net::ERR_CONNECTION_CLOSED)
2025-05-20 11:56:04 Checking for update using obsidian.md
2025-05-20 11:56:04 Failed to check for update using obsidian.md (net::ERR_CONNECTION_CLOSED)
2025-05-20 12:56:03 Checking for update using Github
2025-05-20 12:56:03 Failed to check for update using Github (net::ERR_CONNECTION_CLOSED)
2025-05-20 12:56:03 Checking for update using obsidian.md
2025-05-20 12:56:04 Failed to check for update using obsidian.md (net::ERR_CONNECTION_CLOSED)
2025-05-21 09:42:21 Loading main app package /usr/lib/obsidian/obsidian.asar
2025-05-21 09:42:21 Checking for update using Github
2025-05-21 09:42:21 Success.
2025-05-21 09:42:21 Latest version is 1.8.10
2025-05-21 09:42:21 App is up to date.
2025-05-21 10:42:21 Checking for update using Github
2025-05-21 10:42:21 Success.
2025-05-21 10:42:21 Latest version is 1.8.10
2025-05-21 10:42:21 App is up to date.
2025-05-21 12:13:47 Loading main app package /usr/lib/obsidian/obsidian.asar
2025-05-21 12:13:47 Checking for update using Github
2025-05-21 12:13:48 Success.
2025-05-21 12:13:48 Latest version is 1.8.10
2025-05-21 12:13:48 App is up to date.
2025-05-21 12:59:47 Loading main app package /usr/lib/obsidian/obsidian.asar
2025-05-21 12:59:47 Checking for update using Github
2025-05-21 12:59:47 Success.
2025-05-21 12:59:47 Latest version is 1.8.10
2025-05-21 12:59:47 App is up to date.
2025-05-21 13:50:19 Loading main app package /usr/lib/obsidian/obsidian.asar
2025-05-21 13:50:20 Checking for update using Github
2025-05-21 13:50:20 Success.
2025-05-21 13:50:20 Latest version is 1.8.10
2025-05-21 13:50:20 App is up to date.
2025-05-21 18:14:29 Loading main app package /usr/lib/obsidian/obsidian.asar
2025-05-21 18:14:29 Checking for update using Github
2025-05-21 18:14:30 Success.
2025-05-21 18:14:30 Latest version is 1.8.10
2025-05-21 18:14:30 App is up to date.
2025-05-23 11:35:09 Loading main app package /usr/lib/obsidian/obsidian.asar
2025-05-23 11:35:10 Checking for update using Github
2025-05-23 11:35:10 Failed to check for update using Github (net::ERR_INTERNET_DISCONNECTED)
2025-05-23 11:35:10 Checking for update using obsidian.md
2025-05-23 11:35:10 Failed to check for update using obsidian.md (net::ERR_INTERNET_DISCONNECTED)
2025-05-24 13:03:44 Loading main app package /usr/lib/obsidian/obsidian.asar
2025-05-24 13:03:45 Checking for update using Github
2025-05-24 13:03:45 Success.
2025-05-24 13:03:45 Latest version is 1.8.10
2025-05-24 13:03:45 App is up to date.
2025-05-24 14:03:44 Checking for update using Github
2025-05-24 14:03:45 Success.
2025-05-24 14:03:45 Latest version is 1.8.10
2025-05-24 14:03:45 App is up to date.
2025-05-24 15:48:47 Checking for update using Github
2025-05-24 15:48:47 Success.
2025-05-24 15:48:47 Latest version is 1.8.10
2025-05-24 15:48:47 App is up to date.
2025-05-24 16:48:48 Checking for update using Github
2025-05-24 16:48:53 Success.
2025-05-24 16:48:53 Latest version is 1.8.10
2025-05-24 16:48:53 App is up to date.
2025-05-24 17:48:48 Checking for update using Github
2025-05-24 17:48:48 Success.
2025-05-24 17:48:48 Latest version is 1.8.10
2025-05-24 17:48:48 App is up to date.
2025-05-25 19:05:58 Loading main app package /usr/lib/obsidian/obsidian.asar
2025-05-25 19:05:58 Checking for update using Github
2025-05-25 19:05:58 Success.
2025-05-25 19:05:58 Latest version is 1.8.10
2025-05-25 19:05:58 App is up to date.
2025-05-25 19:07:45 Loading main app package /usr/lib/obsidian/obsidian.asar
2025-05-25 19:07:45 Checking for update using Github
2025-05-25 19:07:45 Success.
2025-05-25 19:07:45 Latest version is 1.8.10
2025-05-25 19:07:45 App is up to date.
2025-05-25 20:07:45 Checking for update using Github
2025-05-25 20:07:45 Success.
2025-05-25 20:07:45 Latest version is 1.8.10
2025-05-25 20:07:45 App is up to date.
2025-05-25 21:07:45 Checking for update using Github
2025-05-25 21:07:45 Success.
2025-05-25 21:07:45 Latest version is 1.8.10
2025-05-25 21:07:45 App is up to date.
2025-05-25 22:07:45 Checking for update using Github
2025-05-25 22:07:45 Success.
2025-05-25 22:07:45 Latest version is 1.8.10
2025-05-25 22:07:45 App is up to date.
2025-05-27 11:53:29 Loading main app package /usr/lib/obsidian/obsidian.asar
2025-05-27 11:53:29 Checking for update using Github
2025-05-27 11:53:30 Success.
2025-05-27 11:53:30 Latest version is 1.8.10
2025-05-27 11:53:30 App is up to date.
2025-05-27 12:53:29 Checking for update using Github
2025-05-27 12:53:29 Success.
2025-05-27 12:53:29 Latest version is 1.8.10
2025-05-27 12:53:29 App is up to date.
2025-05-27 14:54:06 Loading main app package /usr/lib/obsidian/obsidian.asar
2025-05-27 14:54:06 Checking for update using Github
2025-05-27 14:54:06 Failed to check for update using Github (net::ERR_CONNECTION_CLOSED)
2025-05-27 14:54:06 Checking for update using obsidian.md
2025-05-27 14:54:06 Failed to check for update using obsidian.md (net::ERR_CONNECTION_CLOSED)
2025-05-27 15:54:06 Checking for update using Github
2025-05-27 15:54:06 Success.
2025-05-27 15:54:06 Latest version is 1.8.10
2025-05-27 15:54:06 App is up to date.
2025-05-27 18:02:12 Loading main app package /usr/lib/obsidian/obsidian.asar
2025-05-27 18:02:12 Checking for update using Github
2025-05-27 18:02:12 Success.
2025-05-27 18:02:12 Latest version is 1.8.10
2025-05-27 18:02:12 App is up to date.
2025-05-27 19:02:12 Checking for update using Github
2025-05-27 19:02:12 Success.
2025-05-27 19:02:12 Latest version is 1.8.10
2025-05-27 19:02:12 App is up to date.
2025-05-27 20:02:12 Checking for update using Github
2025-05-27 20:02:12 Success.
2025-05-27 20:02:12 Latest version is 1.8.10
2025-05-27 20:02:12 App is up to date.
2025-05-27 21:02:12 Checking for update using Github
2025-05-27 21:02:12 Success.
2025-05-27 21:02:12 Latest version is 1.8.10
2025-05-27 21:02:12 App is up to date.
2025-05-27 22:02:12 Checking for update using Github
2025-05-27 22:02:12 Success.
2025-05-27 22:02:12 Latest version is 1.8.10
2025-05-27 22:02:12 App is up to date.
2025-05-27 23:02:12 Checking for update using Github
2025-05-27 23:02:12 Success.
2025-05-27 23:02:12 Latest version is 1.8.10
2025-05-27 23:02:12 App is up to date.
2025-05-28 09:22:45 Loading main app package /usr/lib/obsidian/obsidian.asar
2025-05-28 09:22:45 Checking for update using Github
2025-05-28 09:22:46 Success.
2025-05-28 09:22:46 Latest version is 1.8.10
2025-05-28 09:22:46 App is up to date.
2025-05-28 10:22:45 Checking for update using Github
2025-05-28 10:22:45 Success.
2025-05-28 10:22:45 Latest version is 1.8.10
2025-05-28 10:22:45 App is up to date.
2025-05-28 11:22:45 Checking for update using Github
2025-05-28 11:22:46 Success.
2025-05-28 11:22:46 Latest version is 1.8.10
2025-05-28 11:22:46 App is up to date.
2025-05-28 12:22:45 Checking for update using Github
2025-05-28 12:22:45 Success.
2025-05-28 12:22:45 Latest version is 1.8.10
2025-05-28 12:22:45 App is up to date.
2025-05-28 13:22:45 Checking for update using Github
2025-05-28 13:22:50 Success.
2025-05-28 13:22:50 Latest version is 1.8.10
2025-05-28 13:22:50 App is up to date.
2025-05-29 14:54:36 Loading main app package /usr/lib/obsidian/obsidian.asar
2025-05-29 14:54:36 Checking for update using Github
2025-05-29 14:54:36 Success.
2025-05-29 14:54:36 Latest version is 1.8.10
2025-05-29 14:54:36 App is up to date.
2025-05-29 15:54:37 Checking for update using Github
2025-05-29 15:54:37 Success.
2025-05-29 15:54:37 Latest version is 1.8.10
2025-05-29 15:54:37 App is up to date.
2025-05-30 12:40:16 Loading main app package /usr/lib/obsidian/obsidian.asar
2025-05-30 12:40:17 Checking for update using Github
2025-05-30 12:40:18 Success.
2025-05-30 12:40:18 Latest version is 1.8.10
2025-05-30 12:40:18 App is up to date.
2025-05-30 13:40:16 Checking for update using Github
2025-05-30 13:40:22 Success.
2025-05-30 13:40:22 Latest version is 1.8.10
2025-05-30 13:40:22 App is up to date.
2025-05-30 14:40:16 Checking for update using Github
2025-05-30 14:40:17 Success.
2025-05-30 14:40:17 Latest version is 1.8.10
2025-05-30 14:40:17 App is up to date.
2025-05-30 15:40:16 Checking for update using Github
2025-05-30 15:40:17 Success.
2025-05-30 15:40:17 Latest version is 1.8.10
2025-05-30 15:40:17 App is up to date.
2025-05-30 16:40:16 Checking for update using Github
2025-05-30 16:40:17 Success.
2025-05-30 16:40:17 Latest version is 1.8.10
2025-05-30 16:40:17 App is up to date.
2025-05-30 17:40:16 Checking for update using Github
2025-05-30 17:40:17 Success.
2025-05-30 17:40:17 Latest version is 1.8.10
2025-05-30 17:40:17 App is up to date.
2025-06-02 15:11:18 Loading main app package /usr/lib/obsidian/obsidian.asar
2025-06-02 15:11:18 Checking for update using Github
2025-06-02 15:11:19 Success.
2025-06-02 15:11:19 Latest version is 1.8.10
2025-06-02 15:11:19 App is up to date.
2025-06-02 16:11:19 Checking for update using Github
2025-06-02 16:11:19 Success.
2025-06-02 16:11:19 Latest version is 1.8.10
2025-06-02 16:11:19 App is up to date.
2025-06-03 14:32:12 Loading main app package /usr/lib/obsidian/obsidian.asar
2025-06-03 14:32:12 Checking for update using Github
2025-06-03 14:32:13 Success.
2025-06-03 14:32:13 Latest version is 1.8.10
2025-06-03 14:32:13 App is up to date.
2025-06-04 14:00:28 Loading main app package /usr/lib/obsidian/obsidian.asar
2025-06-04 14:00:28 Checking for update using Github
2025-06-04 14:00:29 Success.
2025-06-04 14:00:29 Latest version is 1.8.10
2025-06-04 14:00:29 App is up to date.
2025-06-04 15:00:28 Checking for update using Github
2025-06-04 15:00:29 Success.
2025-06-04 15:00:29 Latest version is 1.8.10
2025-06-04 15:00:29 App is up to date.
2025-06-04 16:00:28 Checking for update using Github
2025-06-04 16:00:29 Success.
2025-06-04 16:00:29 Latest version is 1.8.10
2025-06-04 16:00:29 App is up to date.
2025-06-04 17:00:28 Checking for update using Github
2025-06-04 17:00:28 Success.
2025-06-04 17:00:28 Latest version is 1.8.10
2025-06-04 17:00:28 App is up to date.
2025-06-10 18:02:16 Loading main app package /usr/lib/obsidian/obsidian.asar
2025-06-10 18:02:16 Checking for update using Github
2025-06-10 18:02:17 Success.
2025-06-10 18:02:17 Latest version is 1.8.10
2025-06-10 18:02:17 App is up to date.
2025-06-10 20:28:57 Checking for update using Github
2025-06-10 20:28:57 Success.
2025-06-10 20:28:57 Latest version is 1.8.10
2025-06-10 20:28:57 App is up to date.
2025-06-10 21:28:58 Checking for update using Github
2025-06-10 21:28:58 Success.
2025-06-10 21:28:58 Latest version is 1.8.10
2025-06-10 21:28:58 App is up to date.
2025-06-11 16:13:55 Loading main app package /usr/lib/obsidian/obsidian.asar
2025-06-11 16:13:55 Checking for update using Github
2025-06-11 16:13:55 Failed to check for update using Github (net::ERR_NETWORK_CHANGED)
2025-06-11 16:13:55 Checking for update using obsidian.md
2025-06-11 16:13:56 Failed to check for update using obsidian.md (net::ERR_INTERNET_DISCONNECTED)
2025-06-11 17:13:55 Checking for update using Github
2025-06-11 17:14:06 Success.
2025-06-11 17:14:06 Latest version is 1.8.10
2025-06-11 17:14:06 App is up to date.
2025-06-11 18:13:55 Checking for update using Github
2025-06-11 18:13:55 Success.
2025-06-11 18:13:55 Latest version is 1.8.10
2025-06-11 18:13:55 App is up to date.
2025-06-11 19:13:55 Checking for update using Github
2025-06-11 19:13:55 Success.
2025-06-11 19:13:55 Latest version is 1.8.10
2025-06-11 19:13:55 App is up to date.
2025-06-11 22:07:08 Checking for update using Github
2025-06-11 22:07:08 Success.
2025-06-11 22:07:08 Latest version is 1.8.10
2025-06-11 22:07:08 App is up to date.
2025-06-13 10:32:20 Loading main app package /usr/lib/obsidian/obsidian.asar
2025-06-13 10:32:20 Checking for update using Github
2025-06-13 10:32:21 Success.
2025-06-13 10:32:21 Latest version is 1.8.10
2025-06-13 10:32:21 App is up to date.
2025-06-13 11:32:20 Checking for update using Github
2025-06-13 11:32:20 Success.
2025-06-13 11:32:20 Latest version is 1.8.10
2025-06-13 11:32:20 App is up to date.
2025-06-13 12:32:20 Checking for update using Github
2025-06-13 12:32:20 Success.
2025-06-13 12:32:20 Latest version is 1.8.10
2025-06-13 12:32:20 App is up to date.
2025-06-13 13:32:20 Checking for update using Github
2025-06-13 13:32:20 Success.
2025-06-13 13:32:20 Latest version is 1.8.10
2025-06-13 13:32:20 App is up to date.
2025-06-13 15:16:27 Checking for update using Github
2025-06-13 15:16:27 Success.
2025-06-13 15:16:27 Latest version is 1.8.10
2025-06-13 15:16:27 App is up to date.
2025-06-13 16:16:27 Checking for update using Github
2025-06-13 16:16:27 Success.
2025-06-13 16:16:27 Latest version is 1.8.10
2025-06-13 16:16:27 App is up to date.
2025-06-13 17:16:27 Checking for update using Github
2025-06-13 17:16:27 Success.
2025-06-13 17:16:27 Latest version is 1.8.10
2025-06-13 17:16:27 App is up to date.
2025-06-13 18:16:27 Checking for update using Github
2025-06-13 18:16:27 Success.
2025-06-13 18:16:27 Latest version is 1.8.10
2025-06-13 18:16:27 App is up to date.
2025-06-13 19:16:27 Checking for update using Github
2025-06-13 19:17:08 Success.
2025-06-13 19:17:08 Latest version is 1.8.10
2025-06-13 19:17:08 App is up to date.
2025-06-13 20:16:27 Checking for update using Github
2025-06-13 20:16:36 Success.
2025-06-13 20:16:36 Latest version is 1.8.10
2025-06-13 20:16:36 App is up to date.
2025-06-13 21:20:50 Checking for update using Github
2025-06-13 21:20:50 Failed to check for update using Github (net::ERR_NAME_NOT_RESOLVED)
2025-06-13 21:20:50 Checking for update using obsidian.md
2025-06-13 21:20:50 Failed to check for update using obsidian.md (net::ERR_NAME_NOT_RESOLVED)
2025-06-15 08:20:57 Loading main app package /usr/lib/obsidian/obsidian.asar
2025-06-15 08:20:57 Checking for update using Github
2025-06-15 08:20:57 Success.
2025-06-15 08:20:57 Latest version is 1.8.10
2025-06-15 08:20:57 App is up to date.
2025-06-15 09:20:57 Checking for update using Github
2025-06-15 09:20:57 Success.
2025-06-15 09:20:57 Latest version is 1.8.10
2025-06-15 09:20:57 App is up to date.
2025-06-15 10:20:57 Checking for update using Github
2025-06-15 10:20:57 Success.
2025-06-15 10:20:57 Latest version is 1.8.10
2025-06-15 10:20:57 App is up to date.
2025-06-15 11:20:57 Checking for update using Github
2025-06-15 11:20:57 Success.
2025-06-15 11:20:57 Latest version is 1.8.10
2025-06-15 11:20:57 App is up to date.
2025-06-15 12:20:57 Checking for update using Github
2025-06-15 12:20:57 Success.
2025-06-15 12:20:57 Latest version is 1.8.10
2025-06-15 12:20:57 App is up to date.
2025-06-15 13:20:57 Checking for update using Github
2025-06-15 13:20:57 Success.
2025-06-15 13:20:57 Latest version is 1.8.10
2025-06-15 13:20:57 App is up to date.
2025-06-15 14:20:57 Checking for update using Github
2025-06-15 14:20:57 Success.
2025-06-15 14:20:57 Latest version is 1.8.10
2025-06-15 14:20:57 App is up to date.
2025-06-15 15:20:57 Checking for update using Github
2025-06-15 15:20:57 Success.
2025-06-15 15:20:57 Latest version is 1.8.10
2025-06-15 15:20:57 App is up to date.
2025-06-16 06:21:37 Loading main app package /usr/lib/obsidian/obsidian.asar
2025-06-16 06:21:37 Checking for update using Github
2025-06-16 06:21:37 Success.
2025-06-16 06:21:37 Latest version is 1.8.10
2025-06-16 06:21:37 App is up to date.
2025-06-16 07:21:24 Loading main app package /usr/lib/obsidian/obsidian.asar
2025-06-16 07:21:25 Checking for update using Github
2025-06-16 07:21:25 Failed to check for update using Github (net::ERR_INTERNET_DISCONNECTED)
2025-06-16 07:21:25 Checking for update using obsidian.md
2025-06-16 07:21:25 Failed to check for update using obsidian.md (net::ERR_INTERNET_DISCONNECTED)
2025-06-16 08:21:24 Checking for update using Github
2025-06-16 08:21:24 Failed to check for update using Github (net::ERR_INTERNET_DISCONNECTED)
2025-06-16 08:21:24 Checking for update using obsidian.md
2025-06-16 08:21:24 Failed to check for update using obsidian.md (net::ERR_INTERNET_DISCONNECTED)
2025-06-21 13:40:01 Loading main app package /usr/lib/obsidian/obsidian.asar
2025-06-21 13:40:01 Checking for update using Github
2025-06-21 13:40:01 Success.
2025-06-21 13:40:01 Latest version is 1.8.10
2025-06-21 13:40:01 App is up to date.
2025-06-21 14:40:01 Checking for update using Github
2025-06-21 14:40:06 Success.
2025-06-21 14:40:06 Latest version is 1.8.10
2025-06-21 14:40:06 App is up to date.
2025-06-21 16:26:19 Checking for update using Github
2025-06-21 16:26:24 Success.
2025-06-21 16:26:24 Latest version is 1.8.10
2025-06-21 16:26:24 App is up to date.
2025-06-21 17:26:19 Checking for update using Github
2025-06-21 17:26:19 Success.
2025-06-21 17:26:19 Latest version is 1.8.10
2025-06-21 17:26:19 App is up to date.
2025-06-21 18:26:19 Checking for update using Github
2025-06-21 18:26:19 Success.
2025-06-21 18:26:19 Latest version is 1.8.10
2025-06-21 18:26:19 App is up to date.
2025-06-21 19:26:19 Checking for update using Github
2025-06-21 19:26:20 Success.
2025-06-21 19:26:20 Latest version is 1.8.10
2025-06-21 19:26:20 App is up to date.
2025-06-21 20:26:19 Checking for update using Github
2025-06-21 20:26:19 Success.
2025-06-21 20:26:19 Latest version is 1.8.10
2025-06-21 20:26:19 App is up to date.
2025-06-21 21:26:19 Checking for update using Github
2025-06-21 21:26:19 Success.
2025-06-21 21:26:19 Latest version is 1.8.10
2025-06-21 21:26:19 App is up to date.
2025-06-21 22:26:19 Checking for update using Github
2025-06-21 22:26:26 Failed to check for update using Github (net::ERR_NETWORK_CHANGED)
2025-06-21 22:26:26 Checking for update using obsidian.md
2025-06-21 22:26:40 Failed to check for update using obsidian.md (net::ERR_ADDRESS_UNREACHABLE)
2025-06-21 22:45:17 Loading main app package /usr/lib/obsidian/obsidian.asar
2025-06-21 22:45:17 Checking for update using Github
2025-06-21 22:45:17 Success.
2025-06-21 22:45:17 Latest version is 1.8.10
2025-06-21 22:45:17 App is up to date.
2025-06-21 23:45:17 Checking for update using Github
2025-06-21 23:45:22 Success.
2025-06-21 23:45:22 Latest version is 1.8.10
2025-06-21 23:45:22 App is up to date.
2025-06-22 17:17:38 Loading main app package /usr/lib/obsidian/obsidian.asar
2025-06-22 17:17:38 Checking for update using Github
2025-06-22 17:17:44 Success.
2025-06-22 17:17:44 Latest version is 1.8.10
2025-06-22 17:17:44 App is up to date.
2025-06-22 18:17:38 Checking for update using Github
2025-06-22 18:17:43 Success.
2025-06-22 18:17:43 Latest version is 1.8.10
2025-06-22 18:17:43 App is up to date.
2025-06-22 19:17:38 Checking for update using Github
2025-06-22 19:17:38 Success.
2025-06-22 19:17:38 Latest version is 1.8.10
2025-06-22 19:17:38 App is up to date.
2025-06-22 21:37:26 Checking for update using Github
2025-06-22 21:37:32 Success.
2025-06-22 21:37:32 Latest version is 1.8.10
2025-06-22 21:37:32 App is up to date.
2025-06-22 22:37:26 Checking for update using Github
2025-06-22 22:37:32 Success.
2025-06-22 22:37:32 Latest version is 1.8.10
2025-06-22 22:37:32 App is up to date.
2025-06-22 23:37:26 Checking for update using Github
2025-06-22 23:37:32 Success.
2025-06-22 23:37:32 Latest version is 1.8.10
2025-06-22 23:37:32 App is up to date.
2025-06-23 11:15:44 Loading main app package /usr/lib/obsidian/obsidian.asar
2025-06-23 11:15:45 Checking for update using Github
2025-06-23 11:15:50 Success.
2025-06-23 11:15:50 Latest version is 1.8.10
2025-06-23 11:15:50 App is up to date.
2025-06-23 12:15:44 Checking for update using Github
2025-06-23 12:15:50 Success.
2025-06-23 12:15:50 Latest version is 1.8.10
2025-06-23 12:15:50 App is up to date.
2025-06-23 13:15:44 Checking for update using Github
2025-06-23 13:15:50 Success.
2025-06-23 13:15:50 Latest version is 1.8.10
2025-06-23 13:15:50 App is up to date.
2025-06-23 14:15:44 Checking for update using Github
2025-06-23 14:15:50 Success.
2025-06-23 14:15:50 Latest version is 1.8.10
2025-06-23 14:15:50 App is up to date.
2025-06-23 16:05:13 Checking for update using Github
2025-06-23 16:05:14 Success.
2025-06-23 16:05:14 Latest version is 1.8.10
2025-06-23 16:05:14 App is up to date.
2025-06-23 17:05:13 Checking for update using Github
2025-06-23 17:05:15 Success.
2025-06-23 17:05:15 Latest version is 1.8.10
2025-06-23 17:05:15 App is up to date.
2025-06-23 18:05:13 Checking for update using Github
2025-06-23 18:05:13 Success.
2025-06-23 18:05:13 Latest version is 1.8.10
2025-06-23 18:05:13 App is up to date.
2025-06-23 19:05:13 Checking for update using Github
2025-06-23 19:05:18 Success.
2025-06-23 19:05:18 Latest version is 1.8.10
2025-06-23 19:05:18 App is up to date.
2025-06-23 20:05:13 Checking for update using Github
2025-06-23 20:05:18 Success.
2025-06-23 20:05:18 Latest version is 1.8.10
2025-06-23 20:05:18 App is up to date.
2025-06-23 21:05:13 Checking for update using Github
2025-06-23 21:05:18 Success.
2025-06-23 21:05:18 Latest version is 1.8.10
2025-06-23 21:05:18 App is up to date.
2025-06-23 22:05:13 Checking for update using Github
2025-06-23 22:05:13 Success.
2025-06-23 22:05:13 Latest version is 1.8.10
2025-06-23 22:05:13 App is up to date.
2025-06-23 23:05:13 Checking for update using Github
2025-06-23 23:05:18 Success.
2025-06-23 23:05:18 Latest version is 1.8.10
2025-06-23 23:05:18 App is up to date.
2025-06-25 14:04:54 Loading main app package /usr/lib/obsidian/obsidian.asar
2025-06-25 14:04:54 Checking for update using Github
2025-06-25 14:04:55 Success.
2025-06-25 14:04:55 Latest version is 1.8.10
2025-06-25 14:04:55 App is up to date.
2025-06-26 12:13:14 Loading main app package /usr/lib/obsidian/obsidian.asar
2025-06-26 12:13:14 Checking for update using Github
2025-06-26 12:13:19 Success.
2025-06-26 12:13:19 Latest version is 1.8.10
2025-06-26 12:13:19 App is up to date.
2025-06-26 13:13:14 Checking for update using Github
2025-06-26 13:13:19 Success.
2025-06-26 13:13:19 Latest version is 1.8.10
2025-06-26 13:13:19 App is up to date.
2025-06-26 14:13:14 Checking for update using Github
2025-06-26 14:13:19 Success.
2025-06-26 14:13:19 Latest version is 1.8.10
2025-06-26 14:13:19 App is up to date.
2025-06-26 15:13:14 Checking for update using Github
2025-06-26 15:13:14 Success.
2025-06-26 15:13:14 Latest version is 1.8.10
2025-06-26 15:13:14 App is up to date.
2025-06-26 16:13:14 Checking for update using Github
2025-06-26 16:13:19 Success.
2025-06-26 16:13:19 Latest version is 1.8.10
2025-06-26 16:13:19 App is up to date.
2025-06-26 17:13:14 Checking for update using Github
2025-06-26 17:13:14 Success.
2025-06-26 17:13:14 Latest version is 1.8.10
2025-06-26 17:13:14 App is up to date.
2025-06-26 18:13:14 Checking for update using Github
2025-06-26 18:13:17 Failed to check for update using Github (net::ERR_NAME_NOT_RESOLVED)
2025-06-26 18:13:17 Checking for update using obsidian.md
2025-06-26 18:13:21 Failed to check for update using obsidian.md (net::ERR_NAME_NOT_RESOLVED)
2025-06-26 19:13:14 Checking for update using Github
2025-06-26 19:13:14 Success.
2025-06-26 19:13:14 Latest version is 1.8.10
2025-06-26 19:13:14 App is up to date.
2025-06-26 20:13:14 Checking for update using Github
2025-06-26 20:13:14 Success.
2025-06-26 20:13:14 Latest version is 1.8.10
2025-06-26 20:13:14 App is up to date.
2025-06-26 21:13:14 Checking for update using Github
2025-06-26 21:13:14 Success.
2025-06-26 21:13:14 Latest version is 1.8.10
2025-06-26 21:13:14 App is up to date.
2025-06-26 22:13:14 Checking for update using Github
2025-06-26 22:13:14 Success.
2025-06-26 22:13:14 Latest version is 1.8.10
2025-06-26 22:13:14 App is up to date.
2025-06-28 18:25:55 Loading main app package /usr/lib/obsidian/obsidian.asar
2025-06-28 18:25:55 Checking for update using Github
2025-06-28 18:25:55 Failed to check for update using Github (net::ERR_INTERNET_DISCONNECTED)
2025-06-28 18:25:55 Checking for update using obsidian.md
2025-06-28 18:25:55 Failed to check for update using obsidian.md (net::ERR_INTERNET_DISCONNECTED)
2025-06-28 19:25:56 Checking for update using Github
2025-06-28 19:26:02 Success.
2025-06-28 19:26:02 Latest version is 1.8.10
2025-06-28 19:26:02 App is up to date.
2025-06-28 21:25:38 Checking for update using Github
2025-06-28 21:25:43 Success.
2025-06-28 21:25:43 Latest version is 1.8.10
2025-06-28 21:25:43 App is up to date.
2025-06-28 22:25:38 Checking for update using Github
2025-06-28 22:25:39 Success.
2025-06-28 22:25:39 Latest version is 1.8.10
2025-06-28 22:25:39 App is up to date.
2025-06-28 23:25:38 Checking for update using Github
2025-06-28 23:25:38 Success.
2025-06-28 23:25:38 Latest version is 1.8.10
2025-06-28 23:25:38 App is up to date.
2025-06-29 09:07:06 Loading main app package /usr/lib/obsidian/obsidian.asar
2025-06-29 09:07:06 Checking for update using Github
2025-06-29 09:07:09 Success.
2025-06-29 09:07:09 Latest version is 1.8.10
2025-06-29 09:07:09 App is up to date.
2025-06-29 10:07:06 Checking for update using Github
2025-06-29 10:07:06 Success.
2025-06-29 10:07:06 Latest version is 1.8.10
2025-06-29 10:07:06 App is up to date.
2025-06-29 11:07:06 Checking for update using Github
2025-06-29 11:07:14 Success.
2025-06-29 11:07:14 Latest version is 1.8.10
2025-06-29 11:07:14 App is up to date.
2025-06-29 12:07:06 Checking for update using Github
2025-06-29 12:07:06 Success.
2025-06-29 12:07:06 Latest version is 1.8.10
2025-06-29 12:07:06 App is up to date.
2025-06-29 13:07:06 Checking for update using Github
2025-06-29 13:07:06 Success.
2025-06-29 13:07:06 Latest version is 1.8.10
2025-06-29 13:07:06 App is up to date.
2025-06-29 14:07:06 Checking for update using Github
2025-06-29 14:07:06 Success.
2025-06-29 14:07:06 Latest version is 1.8.10
2025-06-29 14:07:06 App is up to date.
2025-06-29 15:07:06 Checking for update using Github
2025-06-29 15:07:06 Success.
2025-06-29 15:07:06 Latest version is 1.8.10
2025-06-29 15:07:06 App is up to date.
2025-06-29 16:07:06 Checking for update using Github
2025-06-29 16:07:36 Failed to check for update using Github (net::ERR_NAME_NOT_RESOLVED)
2025-06-29 16:07:36 Checking for update using obsidian.md
2025-06-29 16:07:36 Failed to check for update using obsidian.md (net::ERR_NAME_NOT_RESOLVED)
2025-06-29 17:07:06 Checking for update using Github
2025-06-29 17:07:07 Success.
2025-06-29 17:07:07 Latest version is 1.8.10
2025-06-29 17:07:07 App is up to date.
2025-06-29 18:07:06 Checking for update using Github
2025-06-29 18:07:06 Success.
2025-06-29 18:07:06 Latest version is 1.8.10
2025-06-29 18:07:06 App is up to date.
2025-06-29 19:07:06 Checking for update using Github
2025-06-29 19:07:06 Success.
2025-06-29 19:07:06 Latest version is 1.8.10
2025-06-29 19:07:06 App is up to date.
2025-06-29 20:07:06 Checking for update using Github
2025-06-29 20:07:06 Success.
2025-06-29 20:07:06 Latest version is 1.8.10
2025-06-29 20:07:06 App is up to date.
2025-06-29 21:07:06 Checking for update using Github
2025-06-29 21:07:06 Success.
2025-06-29 21:07:06 Latest version is 1.8.10
2025-06-29 21:07:06 App is up to date.
2025-06-29 22:07:06 Checking for update using Github
2025-06-29 22:07:06 Success.
2025-06-29 22:07:06 Latest version is 1.8.10
2025-06-29 22:07:06 App is up to date.
2025-06-30 08:35:38 Loading main app package /usr/lib/obsidian/obsidian.asar
2025-06-30 08:35:38 Checking for update using Github
2025-06-30 08:35:39 Success.
2025-06-30 08:35:39 Latest version is 1.8.10
2025-06-30 08:35:39 App is up to date.
2025-06-30 09:35:38 Checking for update using Github
2025-06-30 09:35:39 Success.
2025-06-30 09:35:39 Latest version is 1.8.10
2025-06-30 09:35:39 App is up to date.
2025-06-30 10:35:38 Checking for update using Github
2025-06-30 10:35:39 Success.
2025-06-30 10:35:39 Latest version is 1.8.10
2025-06-30 10:35:39 App is up to date.
2025-06-30 11:35:38 Checking for update using Github
2025-06-30 11:35:39 Success.
2025-06-30 11:35:39 Latest version is 1.8.10
2025-06-30 11:35:39 App is up to date.
2025-06-30 13:36:27 Loading main app package /usr/lib/obsidian/obsidian.asar
2025-06-30 13:36:27 Checking for update using Github
2025-06-30 13:36:28 Success.
2025-06-30 13:36:28 Latest version is 1.8.10
2025-06-30 13:36:28 App is up to date.
2025-06-30 14:54:47 Loading main app package /usr/lib/obsidian/obsidian.asar
2025-06-30 14:54:47 Checking for update using Github
2025-06-30 14:54:47 Failed to check for update using Github (net::ERR_INTERNET_DISCONNECTED)
2025-06-30 14:54:47 Checking for update using obsidian.md
2025-06-30 14:54:47 Failed to check for update using obsidian.md (net::ERR_INTERNET_DISCONNECTED)
2025-06-30 16:02:02 Checking for update using Github
2025-06-30 16:02:03 Success.
2025-06-30 16:02:03 Latest version is 1.8.10
2025-06-30 16:02:03 App is up to date.
2025-07-04 17:33:49 Loading main app package /usr/lib/obsidian/obsidian.asar
2025-07-04 17:33:50 Checking for update using Github
2025-07-04 17:33:50 Success.
2025-07-04 17:33:50 Latest version is 1.8.10
2025-07-04 17:33:50 App is up to date.
2025-07-04 18:33:49 Checking for update using Github
2025-07-04 18:33:50 Success.
2025-07-04 18:33:50 Latest version is 1.8.10
2025-07-04 18:33:50 App is up to date.
2025-07-04 19:33:49 Checking for update using Github
2025-07-04 19:33:50 Success.
2025-07-04 19:33:50 Latest version is 1.8.10
2025-07-04 19:33:50 App is up to date.
2025-07-04 20:33:49 Checking for update using Github
2025-07-04 20:33:50 Success.
2025-07-04 20:33:50 Latest version is 1.8.10
2025-07-04 20:33:50 App is up to date.
2025-07-04 21:33:49 Checking for update using Github
2025-07-04 21:33:50 Success.
2025-07-04 21:33:50 Latest version is 1.8.10
2025-07-04 21:33:50 App is up to date.
2025-07-04 22:33:49 Checking for update using Github
2025-07-04 22:33:50 Success.
2025-07-04 22:33:50 Latest version is 1.8.10
2025-07-04 22:33:50 App is up to date.
2025-07-05 10:35:02 Loading main app package /usr/lib/obsidian/obsidian.asar
2025-07-05 10:35:02 Checking for update using Github
2025-07-05 10:35:02 Success.
2025-07-05 10:35:02 Latest version is 1.8.10
2025-07-05 10:35:02 App is up to date.
2025-07-05 11:35:02 Checking for update using Github
2025-07-05 11:35:02 Failed to check for update using Github (net::ERR_INTERNET_DISCONNECTED)
2025-07-05 11:35:02 Checking for update using obsidian.md
2025-07-05 11:35:02 Failed to check for update using obsidian.md (net::ERR_INTERNET_DISCONNECTED)
2025-07-05 12:35:02 Checking for update using Github
2025-07-05 12:35:02 Success.
2025-07-05 12:35:02 Latest version is 1.8.10
2025-07-05 12:35:02 App is up to date.
2025-07-05 13:35:02 Checking for update using Github
2025-07-05 13:35:02 Success.
2025-07-05 13:35:02 Latest version is 1.8.10
2025-07-05 13:35:02 App is up to date.
2025-07-05 18:55:23 Loading main app package /usr/lib/obsidian/obsidian.asar
2025-07-05 18:55:24 Checking for update using Github
2025-07-05 18:55:24 Success.
2025-07-05 18:55:24 Latest version is 1.8.10
2025-07-05 18:55:24 App is up to date.
2025-07-05 19:55:25 Checking for update using Github
2025-07-05 19:55:25 Success.
2025-07-05 19:55:25 Latest version is 1.8.10
2025-07-05 19:55:25 App is up to date.
2025-07-05 22:53:55 Checking for update using Github
2025-07-05 22:53:56 Success.
2025-07-05 22:53:56 Latest version is 1.8.10
2025-07-05 22:53:56 App is up to date.
2025-07-06 14:11:58 Loading main app package /usr/lib/obsidian/obsidian.asar
2025-07-06 14:11:58 Checking for update using Github
2025-07-06 14:11:58 Success.
2025-07-06 14:11:58 Latest version is 1.8.10
2025-07-06 14:11:58 App is up to date.
2025-07-06 15:11:58 Checking for update using Github
2025-07-06 15:11:59 Success.
2025-07-06 15:11:59 Latest version is 1.8.10
2025-07-06 15:11:59 App is up to date.
2025-07-06 16:11:58 Checking for update using Github
2025-07-06 16:11:58 Success.
2025-07-06 16:11:58 Latest version is 1.8.10
2025-07-06 16:11:58 App is up to date.
2025-07-06 17:11:58 Checking for update using Github
2025-07-06 17:11:58 Success.
2025-07-06 17:11:58 Latest version is 1.8.10
2025-07-06 17:11:58 App is up to date.
2025-07-06 19:03:03 Checking for update using Github
2025-07-06 19:03:04 Success.
2025-07-06 19:03:04 Latest version is 1.8.10
2025-07-06 19:03:04 App is up to date.
2025-07-06 20:03:03 Checking for update using Github
2025-07-06 20:03:04 Success.
2025-07-06 20:03:04 Latest version is 1.8.10
2025-07-06 20:03:04 App is up to date.
2025-07-06 21:03:03 Checking for update using Github
2025-07-06 21:03:04 Success.
2025-07-06 21:03:04 Latest version is 1.8.10
2025-07-06 21:03:04 App is up to date.
2025-07-07 07:48:55 Loading main app package /usr/lib/obsidian/obsidian.asar
2025-07-07 07:48:55 Checking for update using Github
2025-07-07 07:48:56 Success.
2025-07-07 07:48:56 Latest version is 1.8.10
2025-07-07 07:48:56 App is up to date.
2025-07-07 08:48:55 Checking for update using Github
2025-07-07 08:48:55 Success.
2025-07-07 08:48:55 Latest version is 1.8.10
2025-07-07 08:48:55 App is up to date.
2025-07-07 17:59:30 Checking for update using Github
2025-07-07 17:59:31 Success.
2025-07-07 17:59:31 Latest version is 1.8.10
2025-07-07 17:59:31 App is up to date.
2025-07-07 18:59:30 Checking for update using Github
2025-07-07 18:59:31 Success.
2025-07-07 18:59:31 Latest version is 1.8.10
2025-07-07 18:59:31 App is up to date.
2025-07-07 19:59:30 Checking for update using Github
2025-07-07 19:59:31 Success.
2025-07-07 19:59:31 Latest version is 1.8.10
2025-07-07 19:59:31 App is up to date.
2025-07-07 20:59:30 Checking for update using Github
2025-07-07 20:59:31 Success.
2025-07-07 20:59:31 Latest version is 1.8.10
2025-07-07 20:59:31 App is up to date.
2025-07-08 10:23:38 Loading main app package /usr/lib/obsidian/obsidian.asar
2025-07-08 10:23:38 Checking for update using Github
2025-07-08 10:23:38 Success.
2025-07-08 10:23:38 Latest version is 1.8.10
2025-07-08 10:23:38 App is up to date.
2025-07-08 11:23:38 Checking for update using Github
2025-07-08 11:23:38 Success.
2025-07-08 11:23:38 Latest version is 1.8.10
2025-07-08 11:23:38 App is up to date.
2025-07-08 12:23:38 Checking for update using Github
2025-07-08 12:23:38 Success.
2025-07-08 12:23:38 Latest version is 1.8.10
2025-07-08 12:23:38 App is up to date.
2025-07-08 13:23:38 Checking for update using Github
2025-07-08 13:23:38 Success.
2025-07-08 13:23:38 Latest version is 1.8.10
2025-07-08 13:23:38 App is up to date.
2025-07-08 14:23:38 Checking for update using Github
2025-07-08 14:23:38 Success.
2025-07-08 14:23:38 Latest version is 1.8.10
2025-07-08 14:23:38 App is up to date.
2025-07-08 20:49:51 Loading main app package /usr/lib/obsidian/obsidian.asar
2025-07-08 20:49:51 Checking for update using Github
2025-07-08 20:49:52 Success.
2025-07-08 20:49:52 Latest version is 1.8.10
2025-07-08 20:49:52 App is up to date.
2025-07-08 21:49:51 Checking for update using Github
2025-07-08 21:49:51 Success.
2025-07-08 21:49:51 Latest version is 1.8.10
2025-07-08 21:49:51 App is up to date.
2025-07-08 22:49:51 Checking for update using Github
2025-07-08 22:49:51 Success.
2025-07-08 22:49:51 Latest version is 1.8.10
2025-07-08 22:49:51 App is up to date.
2025-07-09 12:03:10 Loading main app package /usr/lib/obsidian/obsidian.asar
2025-07-09 12:03:10 Checking for update using Github
2025-07-09 12:03:11 Success.
2025-07-09 12:03:11 Latest version is 1.8.10
2025-07-09 12:03:11 App is up to date.
2025-07-09 13:03:10 Checking for update using Github
2025-07-09 13:03:10 Success.
2025-07-09 13:03:10 Latest version is 1.8.10
2025-07-09 13:03:10 App is up to date.
2025-07-09 13:14:02 Loading main app package /usr/lib/obsidian/obsidian.asar
2025-07-09 13:14:02 Checking for update using Github
2025-07-09 13:14:03 Success.
2025-07-09 13:14:03 Latest version is 1.8.10
2025-07-09 13:14:03 App is up to date.
2025-07-09 14:14:02 Checking for update using Github
2025-07-09 14:14:02 Success.
2025-07-09 14:14:02 Latest version is 1.8.10
2025-07-09 14:14:02 App is up to date.
2025-07-09 15:14:52 Checking for update using Github
2025-07-09 15:14:52 Success.
2025-07-09 15:14:52 Latest version is 1.8.10
2025-07-09 15:14:52 App is up to date.
2025-07-09 16:14:53 Checking for update using Github
2025-07-09 16:14:53 Success.
2025-07-09 16:14:53 Latest version is 1.8.10
2025-07-09 16:14:53 App is up to date.
2025-07-09 17:14:53 Checking for update using Github
2025-07-09 17:14:53 Success.
2025-07-09 17:14:53 Latest version is 1.8.10
2025-07-09 17:14:53 App is up to date.
2025-07-09 18:14:53 Checking for update using Github
2025-07-09 18:14:53 Failed to check for update using Github (net::ERR_INTERNET_DISCONNECTED)
2025-07-09 18:14:53 Checking for update using obsidian.md
2025-07-09 18:14:53 Failed to check for update using obsidian.md (net::ERR_INTERNET_DISCONNECTED)
2025-07-09 19:14:53 Checking for update using Github
2025-07-09 19:14:53 Success.
2025-07-09 19:14:53 Latest version is 1.8.10
2025-07-09 19:14:53 App is up to date.
2025-07-09 20:14:53 Checking for update using Github
2025-07-09 20:14:53 Success.
2025-07-09 20:14:53 Latest version is 1.8.10
2025-07-09 20:14:53 App is up to date.
2025-07-10 11:20:01 Loading main app package /usr/lib/obsidian/obsidian.asar
2025-07-10 11:20:01 Checking for update using Github
2025-07-10 11:20:02 Success.
2025-07-10 11:20:02 Latest version is 1.8.10
2025-07-10 11:20:02 App is up to date.
2025-07-10 12:20:01 Checking for update using Github
2025-07-10 12:20:01 Success.
2025-07-10 12:20:01 Latest version is 1.8.10
2025-07-10 12:20:01 App is up to date.
2025-07-10 16:33:57 Loading main app package /usr/lib/obsidian/obsidian.asar
2025-07-10 16:33:57 Checking for update using Github
2025-07-10 16:33:57 Success.
2025-07-10 16:33:57 Latest version is 1.8.10
2025-07-10 16:33:57 App is up to date.
2025-07-10 17:33:57 Checking for update using Github
2025-07-10 17:33:57 Success.
2025-07-10 17:33:57 Latest version is 1.8.10
2025-07-10 17:33:57 App is up to date.
2025-07-10 18:52:36 Checking for update using Github
2025-07-10 18:52:37 Success.
2025-07-10 18:52:37 Latest version is 1.8.10
2025-07-10 18:52:37 App is up to date.
2025-07-10 19:52:36 Checking for update using Github
2025-07-10 19:52:36 Success.
2025-07-10 19:52:36 Latest version is 1.8.10
2025-07-10 19:52:36 App is up to date.
2025-07-10 20:52:36 Checking for update using Github
2025-07-10 20:52:36 Success.
2025-07-10 20:52:36 Latest version is 1.8.10
2025-07-10 20:52:36 App is up to date.
2025-07-10 21:52:36 Checking for update using Github
2025-07-10 21:52:37 Success.
2025-07-10 21:52:37 Latest version is 1.8.10
2025-07-10 21:52:37 App is up to date.
2025-07-12 04:39:09 Loading main app package /usr/lib/obsidian/obsidian.asar
2025-07-12 04:39:10 Checking for update using Github
2025-07-12 04:39:10 Success.
2025-07-12 04:39:10 Latest version is 1.8.10
2025-07-12 04:39:10 App is up to date.
