2025-07-08 23:14:50.658 [info] ComputeTargetPlatform: linux-x64
2025-07-08 23:14:52.774 [info] ComputeTargetPlatform: linux-x64
2025-07-08 23:14:55.699 [info] Getting Manifest... beardedbear.beardedicons
2025-07-08 23:14:55.700 [info] Getting Manifest... nomicfoundation.hardhat-solidity
2025-07-08 23:14:55.700 [info] Getting Manifest... pkief.material-icon-theme
2025-07-08 23:14:56.555 [info] Installing extension: pkief.material-icon-theme {"productVersion":{"version":"1.100.2","date":"2025-05-21T09:36:24.436Z"},"pinned":false,"operation":3,"isApplicationScoped":false,"profileLocation":{"$mid":1,"external":"vscode-userdata:/home/user/.vscode-oss/extensions/extensions.json","path":"/home/user/.vscode-oss/extensions/extensions.json","scheme":"vscode-userdata"}}
2025-07-08 23:14:56.570 [info] Installing extension: beardedbear.beardedicons {"productVersion":{"version":"1.100.2","date":"2025-05-21T09:36:24.436Z"},"pinned":false,"operation":3,"isApplicationScoped":false,"profileLocation":{"$mid":1,"external":"vscode-userdata:/home/user/.vscode-oss/extensions/extensions.json","path":"/home/user/.vscode-oss/extensions/extensions.json","scheme":"vscode-userdata"}}
2025-07-08 23:14:56.571 [info] Installing extension: nomicfoundation.hardhat-solidity {"productVersion":{"version":"1.100.2","date":"2025-05-21T09:36:24.436Z"},"pinned":false,"operation":3,"isApplicationScoped":false,"profileLocation":{"$mid":1,"external":"vscode-userdata:/home/user/.vscode-oss/extensions/extensions.json","path":"/home/user/.vscode-oss/extensions/extensions.json","scheme":"vscode-userdata"}}
2025-07-08 23:14:57.684 [info] Extension signature verification result for beardedbear.beardedicons: UnhandledException. Internal Code: 6. Executed: true. Duration: 218ms.
2025-07-08 23:14:57.686 [error] Error while installing the extension beardedbear.beardedicons Signature verification failed with 'UnhandledException' error. vscode-userdata:/home/user/.vscode-oss/extensions/extensions.json
2025-07-08 23:14:57.688 [error] [uncaught exception in sharedProcess]: Signature verification failed with 'UnhandledException' error.: SignatureVerificationInternal: Signature verification failed with 'UnhandledException' error.
    at yh.xb (file:///usr/lib/code/out/vs/code/electron-utility/sharedProcess/sharedProcessMain.js:74:64415)
    at async yh.wb (file:///usr/lib/code/out/vs/code/electron-utility/sharedProcess/sharedProcessMain.js:74:62886)
2025-07-08 23:14:57.900 [info] Extension signature verification result for pkief.material-icon-theme: UnhandledException. Internal Code: 6. Executed: true. Duration: 182ms.
2025-07-08 23:14:57.902 [error] Error while installing the extension pkief.material-icon-theme Signature verification failed with 'UnhandledException' error. vscode-userdata:/home/user/.vscode-oss/extensions/extensions.json
2025-07-08 23:14:57.902 [error] [uncaught exception in sharedProcess]: Signature verification failed with 'UnhandledException' error.: SignatureVerificationInternal: Signature verification failed with 'UnhandledException' error.
    at yh.xb (file:///usr/lib/code/out/vs/code/electron-utility/sharedProcess/sharedProcessMain.js:74:64415)
    at async yh.wb (file:///usr/lib/code/out/vs/code/electron-utility/sharedProcess/sharedProcessMain.js:74:62886)
2025-07-08 23:15:02.714 [info] Extension signature verification result for nomicfoundation.hardhat-solidity: UnhandledException. Internal Code: 6. Executed: true. Duration: 228ms.
2025-07-08 23:15:02.716 [error] Error while installing the extension nomicfoundation.hardhat-solidity Signature verification failed with 'UnhandledException' error. vscode-userdata:/home/user/.vscode-oss/extensions/extensions.json
2025-07-08 23:15:02.716 [error] [uncaught exception in sharedProcess]: Signature verification failed with 'UnhandledException' error.: SignatureVerificationInternal: Signature verification failed with 'UnhandledException' error.
    at yh.xb (file:///usr/lib/code/out/vs/code/electron-utility/sharedProcess/sharedProcessMain.js:74:64415)
    at async yh.wb (file:///usr/lib/code/out/vs/code/electron-utility/sharedProcess/sharedProcessMain.js:74:62886)
