2025-07-10 13:01:22.186 [info] Reading sessions from keychain...
2025-07-10 13:01:22.186 [info] Getting sessions for all scopes...
2025-07-10 13:01:22.186 [info] Getting sessions for all scopes...
2025-07-10 13:01:22.186 [info] Getting sessions for read:user,repo,user:email,workflow...
2025-07-10 13:01:22.186 [info] Got 0 sessions for ...
2025-07-10 13:01:22.186 [info] Got 0 sessions for ...
2025-07-10 13:01:22.186 [info] Got 0 sessions for read:user,repo,user:email,workflow...
2025-07-10 13:01:22.863 [info] Getting sessions for all scopes...
2025-07-10 13:01:22.863 [info] Got 0 sessions for ...
2025-07-10 13:01:33.400 [info] Reading sessions from keychain...
2025-07-10 13:01:33.401 [info] Getting sessions for all scopes...
2025-07-10 13:01:33.401 [info] Getting sessions for all scopes...
2025-07-10 13:01:33.401 [info] Got 0 sessions for ...
2025-07-10 13:01:33.401 [info] Got 0 sessions for ...
2025-07-10 13:01:33.401 [info] Getting sessions for read:user,repo,user:email,workflow...
2025-07-10 13:01:33.401 [info] Got 0 sessions for read:user,repo,user:email,workflow...
2025-07-10 13:01:33.765 [info] Getting sessions for all scopes...
2025-07-10 13:01:33.765 [info] Got 0 sessions for ...
2025-07-10 13:14:35.338 [info] Reading sessions from keychain...
2025-07-10 13:14:35.338 [info] Getting sessions for all scopes...
2025-07-10 13:14:35.338 [info] Getting sessions for all scopes...
2025-07-10 13:14:35.338 [info] Got 0 sessions for ...
2025-07-10 13:14:35.338 [info] Got 0 sessions for ...
2025-07-10 13:14:35.338 [info] Getting sessions for read:user,repo,user:email,workflow...
2025-07-10 13:14:35.338 [info] Got 0 sessions for read:user,repo,user:email,workflow...
2025-07-10 13:14:36.546 [info] Getting sessions for all scopes...
2025-07-10 13:14:36.546 [info] Got 0 sessions for ...
