2025-07-08 13:39:23.246 [info] ComputeTargetPlatform: linux-x64
2025-07-08 13:39:25.418 [info] ComputeTargetPlatform: linux-x64
2025-07-08 13:39:28.503 [info] Getting Manifest... beardedbear.beardedicons
2025-07-08 13:39:28.504 [info] Getting Manifest... nomicfoundation.hardhat-solidity
2025-07-08 13:39:28.504 [info] Getting Manifest... pkief.material-icon-theme
2025-07-08 13:39:29.372 [info] Installing extension: pkief.material-icon-theme {"productVersion":{"version":"1.100.2","date":"2025-05-21T09:36:24.436Z"},"pinned":false,"operation":3,"isApplicationScoped":false,"profileLocation":{"$mid":1,"external":"vscode-userdata:/home/user/.vscode-oss/extensions/extensions.json","path":"/home/user/.vscode-oss/extensions/extensions.json","scheme":"vscode-userdata"}}
2025-07-08 13:39:29.399 [info] Installing extension: nomicfoundation.hardhat-solidity {"productVersion":{"version":"1.100.2","date":"2025-05-21T09:36:24.436Z"},"pinned":false,"operation":3,"isApplicationScoped":false,"profileLocation":{"$mid":1,"external":"vscode-userdata:/home/user/.vscode-oss/extensions/extensions.json","path":"/home/user/.vscode-oss/extensions/extensions.json","scheme":"vscode-userdata"}}
2025-07-08 13:39:29.402 [info] Installing extension: beardedbear.beardedicons {"productVersion":{"version":"1.100.2","date":"2025-05-21T09:36:24.436Z"},"pinned":false,"operation":3,"isApplicationScoped":false,"profileLocation":{"$mid":1,"external":"vscode-userdata:/home/user/.vscode-oss/extensions/extensions.json","path":"/home/user/.vscode-oss/extensions/extensions.json","scheme":"vscode-userdata"}}
2025-07-08 13:39:30.611 [info] Extension signature verification result for beardedbear.beardedicons: UnhandledException. Internal Code: 6. Executed: true. Duration: 231ms.
2025-07-08 13:39:30.614 [error] Error while installing the extension beardedbear.beardedicons Signature verification failed with 'UnhandledException' error. vscode-userdata:/home/user/.vscode-oss/extensions/extensions.json
2025-07-08 13:39:30.615 [error] [uncaught exception in sharedProcess]: Signature verification failed with 'UnhandledException' error.: SignatureVerificationInternal: Signature verification failed with 'UnhandledException' error.
    at yh.xb (file:///usr/lib/code/out/vs/code/electron-utility/sharedProcess/sharedProcessMain.js:74:64415)
    at async yh.wb (file:///usr/lib/code/out/vs/code/electron-utility/sharedProcess/sharedProcessMain.js:74:62886)
2025-07-08 13:39:30.819 [info] Extension signature verification result for pkief.material-icon-theme: UnhandledException. Internal Code: 6. Executed: true. Duration: 197ms.
2025-07-08 13:39:30.821 [error] Error while installing the extension pkief.material-icon-theme Signature verification failed with 'UnhandledException' error. vscode-userdata:/home/user/.vscode-oss/extensions/extensions.json
2025-07-08 13:39:30.821 [error] [uncaught exception in sharedProcess]: Signature verification failed with 'UnhandledException' error.: SignatureVerificationInternal: Signature verification failed with 'UnhandledException' error.
    at yh.xb (file:///usr/lib/code/out/vs/code/electron-utility/sharedProcess/sharedProcessMain.js:74:64415)
    at async yh.wb (file:///usr/lib/code/out/vs/code/electron-utility/sharedProcess/sharedProcessMain.js:74:62886)
2025-07-08 13:39:39.966 [info] Extension signature verification result for nomicfoundation.hardhat-solidity: UnhandledException. Internal Code: 6. Executed: true. Duration: 228ms.
2025-07-08 13:39:39.968 [error] Error while installing the extension nomicfoundation.hardhat-solidity Signature verification failed with 'UnhandledException' error. vscode-userdata:/home/user/.vscode-oss/extensions/extensions.json
2025-07-08 13:39:39.968 [error] [uncaught exception in sharedProcess]: Signature verification failed with 'UnhandledException' error.: SignatureVerificationInternal: Signature verification failed with 'UnhandledException' error.
    at yh.xb (file:///usr/lib/code/out/vs/code/electron-utility/sharedProcess/sharedProcessMain.js:74:64415)
    at async yh.wb (file:///usr/lib/code/out/vs/code/electron-utility/sharedProcess/sharedProcessMain.js:74:62886)
