2025-07-10 02:21:16.141 [info] Started local extension host with pid 84327.
2025-07-10 02:21:16.165 [info] ComputeTargetPlatform: linux-x64
2025-07-10 02:21:16.478 [error] Ignoring vscode-ethover.hover.getBalance.showErrors as vscode-ethover.hover.getBalance is "yes-ask"
2025-07-10 02:21:18.928 [info] [perf] Render performance baseline is 27ms
2025-07-10 02:21:19.895 [info] Auto updating outdated extensions. beardedbear.beardedicons, nomicfoundation.hardhat-solidity, pkief.material-icon-theme
2025-07-10 02:21:24.284 [error] Signature verification failed with 'UnhandledException' error.: SignatureVerificationInternal: Signature verification failed with 'UnhandledException' error.
    at yh.xb (file:///usr/lib/code/out/vs/code/electron-utility/sharedProcess/sharedProcessMain.js:74:64415)
    at async yh.wb (file:///usr/lib/code/out/vs/code/electron-utility/sharedProcess/sharedProcessMain.js:74:62886)
2025-07-10 02:21:29.194 [error] Signature verification failed with 'UnhandledException' error.: SignatureVerificationInternal: Signature verification failed with 'UnhandledException' error.
    at yh.xb (file:///usr/lib/code/out/vs/code/electron-utility/sharedProcess/sharedProcessMain.js:74:64415)
    at async yh.wb (file:///usr/lib/code/out/vs/code/electron-utility/sharedProcess/sharedProcessMain.js:74:62886)
2025-07-10 02:21:37.409 [info] Started local extension host with pid 84408.
2025-07-10 02:21:37.447 [info] ComputeTargetPlatform: linux-x64
2025-07-10 02:21:37.738 [info] ChatSessionStore: Migrating 0 chat sessions from storage service to file system
2025-07-10 02:21:37.809 [error] Ignoring vscode-ethover.hover.getBalance.showErrors as vscode-ethover.hover.getBalance is "yes-ask"
2025-07-10 02:21:40.093 [info] [perf] Render performance baseline is 27ms
2025-07-10 02:21:40.173 [info] Auto updating outdated extensions. beardedbear.beardedicons, nomicfoundation.hardhat-solidity, pkief.material-icon-theme
2025-07-10 02:21:43.185 [error] Signature verification failed with 'UnhandledException' error.: SignatureVerificationInternal: Signature verification failed with 'UnhandledException' error.
    at yh.xb (file:///usr/lib/code/out/vs/code/electron-utility/sharedProcess/sharedProcessMain.js:74:64415)
    at async yh.wb (file:///usr/lib/code/out/vs/code/electron-utility/sharedProcess/sharedProcessMain.js:74:62886)
2025-07-10 02:21:44.659 [error] Signature verification failed with 'UnhandledException' error.: SignatureVerificationInternal: Signature verification failed with 'UnhandledException' error.
    at yh.xb (file:///usr/lib/code/out/vs/code/electron-utility/sharedProcess/sharedProcessMain.js:74:64415)
    at async yh.wb (file:///usr/lib/code/out/vs/code/electron-utility/sharedProcess/sharedProcessMain.js:74:62886)
2025-07-10 02:22:09.811 [info] Started local extension host with pid 84574.
2025-07-10 02:22:09.870 [info] ComputeTargetPlatform: linux-x64
2025-07-10 02:22:10.149 [info] ChatSessionStore: Migrating 0 chat sessions from storage service to file system
2025-07-10 02:22:11.965 [error] Ignoring vscode-ethover.hover.getBalance.showErrors as vscode-ethover.hover.getBalance is "yes-ask"
2025-07-10 02:22:12.718 [info] Auto updating outdated extensions. beardedbear.beardedicons, nomicfoundation.hardhat-solidity, pkief.material-icon-theme
2025-07-10 02:22:12.755 [info] [perf] Render performance baseline is 15ms
2025-07-10 02:22:15.593 [error] Signature verification failed with 'UnhandledException' error.: SignatureVerificationInternal: Signature verification failed with 'UnhandledException' error.
    at yh.xb (file:///usr/lib/code/out/vs/code/electron-utility/sharedProcess/sharedProcessMain.js:74:64415)
    at async yh.wb (file:///usr/lib/code/out/vs/code/electron-utility/sharedProcess/sharedProcessMain.js:74:62886)
2025-07-10 02:22:16.646 [error] Signature verification failed with 'UnhandledException' error.: SignatureVerificationInternal: Signature verification failed with 'UnhandledException' error.
    at yh.xb (file:///usr/lib/code/out/vs/code/electron-utility/sharedProcess/sharedProcessMain.js:74:64415)
    at async yh.wb (file:///usr/lib/code/out/vs/code/electron-utility/sharedProcess/sharedProcessMain.js:74:62886)
2025-07-10 02:22:23.121 [error] Signature verification failed with 'UnhandledException' error.: SignatureVerificationInternal: Signature verification failed with 'UnhandledException' error.
    at yh.xb (file:///usr/lib/code/out/vs/code/electron-utility/sharedProcess/sharedProcessMain.js:74:64415)
    at async yh.wb (file:///usr/lib/code/out/vs/code/electron-utility/sharedProcess/sharedProcessMain.js:74:62886)
