2025-07-08 13:39:23.373 [info] Extension host with pid 4200 started
2025-07-08 13:39:23.373 [info] Skipping acquiring lock for /home/user/.config/Code - OSS/User/workspaceStorage/f17fd247989cbc1376eb4a21d8644854.
2025-07-08 13:39:23.428 [info] ExtensionService#_doActivateExtension vscode.emmet, startup: false, activationEvent: 'onLanguage'
2025-07-08 13:39:23.442 [info] ExtensionService#_doActivateExtension AckeeBlockchain.tools-for-solidity, startup: false, activationEvent: 'onLanguage:solidity'
2025-07-08 13:39:23.646 [info] ExtensionService#_doActivateExtension IARD-Solutions.iards-solidity-analyzer, startup: false, activationEvent: 'onLanguage:solidity'
2025-07-08 13:39:23.653 [info] ExtensionService#_doActivateExtension NomicFoundation.hardhat-solidity, startup: false, activationEvent: 'onLanguage:solidity'
2025-07-08 13:39:23.690 [info] ExtensionService#_doActivateExtension tintinweb.vscode-ethover, startup: false, activationEvent: 'onLanguage:solidity'
2025-07-08 13:39:24.147 [error] CodeExpectedError: Unable to write to User Settings because python.venvFolders is not a registered configuration.
    at Cpt.z (vscode-file://vscode-app/usr/lib/code/out/vs/workbench/workbench.desktop.main.js:3235:6793)
    at Cpt.F (vscode-file://vscode-app/usr/lib/code/out/vs/workbench/workbench.desktop.main.js:3235:9281)
    at Cpt.o (vscode-file://vscode-app/usr/lib/code/out/vs/workbench/workbench.desktop.main.js:3235:3874)
    at Object.factory (vscode-file://vscode-app/usr/lib/code/out/vs/workbench/workbench.desktop.main.js:3235:3774)
    at iC.j (vscode-file://vscode-app/usr/lib/code/out/vs/workbench/workbench.desktop.main.js:30:75271)
    at vscode-file://vscode-app/usr/lib/code/out/vs/workbench/workbench.desktop.main.js:30:75183
    at new Promise (<anonymous>)
    at iC.queue (vscode-file://vscode-app/usr/lib/code/out/vs/workbench/workbench.desktop.main.js:30:75125)
    at Cpt.writeConfiguration (vscode-file://vscode-app/usr/lib/code/out/vs/workbench/workbench.desktop.main.js:3235:3743)
    at RXs.Hb (vscode-file://vscode-app/usr/lib/code/out/vs/workbench/workbench.desktop.main.js:3235:42634)
2025-07-08 13:39:24.149 [info] ExtensionService#_doActivateExtension vscode.configuration-editing, startup: false, activationEvent: 'onLanguage:jsonc'
2025-07-08 13:39:24.157 [info] ExtensionService#_doActivateExtension vscode.json-language-features, startup: false, activationEvent: 'onLanguage:jsonc'
2025-07-08 13:39:24.197 [info] ExtensionService#_doActivateExtension vscode.typescript-language-features, startup: false, activationEvent: 'onLanguage:jsonc'
2025-07-08 13:39:24.399 [info] ExtensionService#_doActivateExtension vscode.git-base, startup: true, activationEvent: '*', root cause: vscode.git
2025-07-08 13:39:24.401 [info] ExtensionService#_doActivateExtension christian-kohler.path-intellisense, startup: true, activationEvent: '*'
2025-07-08 13:39:24.414 [info] ExtensionService#_doActivateExtension CoenraadS.bracket-pair-colorizer, startup: true, activationEvent: '*'
2025-07-08 13:39:24.427 [info] ExtensionService#_doActivateExtension vscode.npm, startup: true, activationEvent: 'workspaceContains:package.json'
2025-07-08 13:39:24.485 [info] ExtensionService#_doActivateExtension vscode.git, startup: true, activationEvent: '*'
2025-07-08 13:39:24.528 [info] ExtensionService#_doActivateExtension vscode.github, startup: true, activationEvent: '*'
2025-07-08 13:39:24.790 [info] ExtensionService#_doActivateExtension vscode.github-authentication, startup: false, activationEvent: 'onAuthenticationRequest:github'
2025-07-08 13:39:26.666 [info] Eager extensions activated
2025-07-08 13:39:26.671 [info] ExtensionService#_doActivateExtension vscode.debug-auto-launch, startup: false, activationEvent: 'onStartupFinished'
2025-07-08 13:39:26.673 [info] ExtensionService#_doActivateExtension vscode.merge-conflict, startup: false, activationEvent: 'onStartupFinished'
2025-07-08 13:39:26.687 [info] ExtensionService#_doActivateExtension aaron-bond.better-comments, startup: false, activationEvent: 'onStartupFinished'
2025-07-08 13:39:26.691 [info] ExtensionService#_doActivateExtension dbaeumer.vscode-eslint, startup: false, activationEvent: 'onStartupFinished'
2025-07-08 13:39:26.713 [info] ExtensionService#_doActivateExtension esbenp.prettier-vscode, startup: false, activationEvent: 'onStartupFinished'
2025-07-08 13:39:26.765 [info] ExtensionService#_doActivateExtension PKief.material-icon-theme, startup: false, activationEvent: 'onStartupFinished'
2025-07-08 13:39:26.777 [info] ExtensionService#_doActivateExtension usernamehw.errorlens, startup: false, activationEvent: 'onStartupFinished'
2025-07-08 13:39:31.741 [info] ExtensionService#_doActivateExtension vscode.extension-editing, startup: false, activationEvent: 'onLanguage:json'
2025-07-08 14:23:07.474 [info] ExtensionService#_doActivateExtension vscode.markdown-language-features, startup: false, activationEvent: 'onLanguage:markdown'
2025-07-08 14:23:07.794 [info] ExtensionService#_doActivateExtension vscode.markdown-math, startup: false, activationEvent: 'api', root cause: vscode.markdown-language-features
2025-07-08 16:08:21.603 [warning] Illegal argument: TextEditor(vs.editor.ICodeEditor:1,$model16)
