2025-07-08 23:14:50.820 [info] Extension host with pid 4034 started
2025-07-08 23:14:50.820 [info] Skipping acquiring lock for /home/user/.config/Code - OSS/User/workspaceStorage/f17fd247989cbc1376eb4a21d8644854.
2025-07-08 23:14:51.040 [info] ExtensionService#_doActivateExtension vscode.emmet, startup: false, activationEvent: 'onLanguage'
2025-07-08 23:14:51.058 [info] ExtensionService#_doActivateExtension AckeeBlockchain.tools-for-solidity, startup: false, activationEvent: 'onLanguage:solidity'
2025-07-08 23:14:51.268 [info] ExtensionService#_doActivateExtension IARD-Solutions.iards-solidity-analyzer, startup: false, activationEvent: 'onLanguage:solidity'
2025-07-08 23:14:51.275 [info] ExtensionService#_doActivateExtension NomicFoundation.hardhat-solidity, startup: false, activationEvent: 'onLanguage:solidity'
2025-07-08 23:14:51.314 [info] ExtensionService#_doActivateExtension tintinweb.vscode-ethover, startup: false, activationEvent: 'onLanguage:solidity'
2025-07-08 23:14:51.805 [error] CodeExpectedError: Unable to write to User Settings because python.venvFolders is not a registered configuration.
    at Cpt.z (vscode-file://vscode-app/usr/lib/code/out/vs/workbench/workbench.desktop.main.js:3235:6793)
    at Cpt.F (vscode-file://vscode-app/usr/lib/code/out/vs/workbench/workbench.desktop.main.js:3235:9281)
    at Cpt.o (vscode-file://vscode-app/usr/lib/code/out/vs/workbench/workbench.desktop.main.js:3235:3874)
    at Object.factory (vscode-file://vscode-app/usr/lib/code/out/vs/workbench/workbench.desktop.main.js:3235:3774)
    at iC.j (vscode-file://vscode-app/usr/lib/code/out/vs/workbench/workbench.desktop.main.js:30:75271)
    at vscode-file://vscode-app/usr/lib/code/out/vs/workbench/workbench.desktop.main.js:30:75183
    at new Promise (<anonymous>)
    at iC.queue (vscode-file://vscode-app/usr/lib/code/out/vs/workbench/workbench.desktop.main.js:30:75125)
    at Cpt.writeConfiguration (vscode-file://vscode-app/usr/lib/code/out/vs/workbench/workbench.desktop.main.js:3235:3743)
    at RXs.Hb (vscode-file://vscode-app/usr/lib/code/out/vs/workbench/workbench.desktop.main.js:3235:42634)
2025-07-08 23:14:51.807 [info] ExtensionService#_doActivateExtension vscode.configuration-editing, startup: false, activationEvent: 'onLanguage:jsonc'
2025-07-08 23:14:51.814 [info] ExtensionService#_doActivateExtension vscode.json-language-features, startup: false, activationEvent: 'onLanguage:jsonc'
2025-07-08 23:14:51.856 [info] ExtensionService#_doActivateExtension vscode.typescript-language-features, startup: false, activationEvent: 'onLanguage:jsonc'
2025-07-08 23:14:51.921 [info] ExtensionService#_doActivateExtension vscode.git-base, startup: true, activationEvent: '*', root cause: vscode.git
2025-07-08 23:14:51.922 [info] ExtensionService#_doActivateExtension christian-kohler.path-intellisense, startup: true, activationEvent: '*'
2025-07-08 23:14:51.932 [info] ExtensionService#_doActivateExtension CoenraadS.bracket-pair-colorizer, startup: true, activationEvent: '*'
2025-07-08 23:14:51.978 [info] ExtensionService#_doActivateExtension vscode.npm, startup: true, activationEvent: 'workspaceContains:package.json'
2025-07-08 23:14:52.009 [info] ExtensionService#_doActivateExtension vscode.git, startup: true, activationEvent: '*'
2025-07-08 23:14:52.057 [info] ExtensionService#_doActivateExtension vscode.github, startup: true, activationEvent: '*'
2025-07-08 23:14:52.384 [info] ExtensionService#_doActivateExtension vscode.github-authentication, startup: false, activationEvent: 'onAuthenticationRequest:github'
2025-07-08 23:14:54.026 [info] Eager extensions activated
2025-07-08 23:14:54.048 [info] ExtensionService#_doActivateExtension vscode.debug-auto-launch, startup: false, activationEvent: 'onStartupFinished'
2025-07-08 23:14:54.051 [info] ExtensionService#_doActivateExtension vscode.merge-conflict, startup: false, activationEvent: 'onStartupFinished'
2025-07-08 23:14:54.070 [info] ExtensionService#_doActivateExtension aaron-bond.better-comments, startup: false, activationEvent: 'onStartupFinished'
2025-07-08 23:14:54.076 [info] ExtensionService#_doActivateExtension dbaeumer.vscode-eslint, startup: false, activationEvent: 'onStartupFinished'
2025-07-08 23:14:54.105 [info] ExtensionService#_doActivateExtension esbenp.prettier-vscode, startup: false, activationEvent: 'onStartupFinished'
2025-07-08 23:14:54.159 [info] ExtensionService#_doActivateExtension PKief.material-icon-theme, startup: false, activationEvent: 'onStartupFinished'
2025-07-08 23:14:54.171 [info] ExtensionService#_doActivateExtension usernamehw.errorlens, startup: false, activationEvent: 'onStartupFinished'
2025-07-08 23:14:59.127 [info] ExtensionService#_doActivateExtension vscode.extension-editing, startup: false, activationEvent: 'onLanguage:json'
2025-07-08 23:44:46.638 [error] Error: Traceback (most recent call last):
  File "/home/user/.config/Code - OSS/User/globalStorage/ackeeblockchain.tools-for-solidity/wake-conda/lib/python3.10/site-packages/wake/lsp/subprocess_runner.py", line 528, in run_printers_subprocess
    printer_name, callback = lsp_provider.get_callback(callback_id)
  File "/home/user/.config/Code - OSS/User/globalStorage/ackeeblockchain.tools-for-solidity/wake-conda/lib/python3.10/site-packages/wake/core/lsp_provider.py", line 186, in get_callback
    return self._callbacks[callback_id]
KeyError: 'callback_64889'

	at /home/user/.vscode-oss/extensions/ackeeblockchain.tools-for-solidity-1.19.0-universal/dist/extension.js:2:1144169
	at /home/user/.vscode-oss/extensions/ackeeblockchain.tools-for-solidity-1.19.0-universal/dist/extension.js:2:1144463
	at Immediate.<anonymous> (/home/user/.vscode-oss/extensions/ackeeblockchain.tools-for-solidity-1.19.0-universal/dist/extension.js:2:1144825)
	at process.processImmediate (node:internal/timers:483:21) wake.callback {"value":"AckeeBlockchain.tools-for-solidity","_lower":"ackeeblockchain.tools-for-solidity"}
2025-07-08 23:44:46.638 [error] Error: Traceback (most recent call last):
  File "/home/user/.config/Code - OSS/User/globalStorage/ackeeblockchain.tools-for-solidity/wake-conda/lib/python3.10/site-packages/wake/lsp/subprocess_runner.py", line 528, in run_printers_subprocess
    printer_name, callback = lsp_provider.get_callback(callback_id)
  File "/home/user/.config/Code - OSS/User/globalStorage/ackeeblockchain.tools-for-solidity/wake-conda/lib/python3.10/site-packages/wake/core/lsp_provider.py", line 186, in get_callback
    return self._callbacks[callback_id]
KeyError: 'callback_64889'

	at /home/user/.vscode-oss/extensions/ackeeblockchain.tools-for-solidity-1.19.0-universal/dist/extension.js:2:1144169
	at /home/user/.vscode-oss/extensions/ackeeblockchain.tools-for-solidity-1.19.0-universal/dist/extension.js:2:1144463
	at Immediate.<anonymous> (/home/user/.vscode-oss/extensions/ackeeblockchain.tools-for-solidity-1.19.0-universal/dist/extension.js:2:1144825)
	at process.processImmediate (node:internal/timers:483:21) Tools-for-Solidity.wake_callback {"value":"AckeeBlockchain.tools-for-solidity","_lower":"ackeeblockchain.tools-for-solidity"}
2025-07-08 23:44:46.638 [error] Error: Traceback (most recent call last):
  File "/home/user/.config/Code - OSS/User/globalStorage/ackeeblockchain.tools-for-solidity/wake-conda/lib/python3.10/site-packages/wake/lsp/subprocess_runner.py", line 528, in run_printers_subprocess
    printer_name, callback = lsp_provider.get_callback(callback_id)
  File "/home/user/.config/Code - OSS/User/globalStorage/ackeeblockchain.tools-for-solidity/wake-conda/lib/python3.10/site-packages/wake/core/lsp_provider.py", line 186, in get_callback
    return self._callbacks[callback_id]
KeyError: 'callback_64889'

	at /home/user/.vscode-oss/extensions/ackeeblockchain.tools-for-solidity-1.19.0-universal/dist/extension.js:2:1144169
	at /home/user/.vscode-oss/extensions/ackeeblockchain.tools-for-solidity-1.19.0-universal/dist/extension.js:2:1144463
	at Immediate.<anonymous> (/home/user/.vscode-oss/extensions/ackeeblockchain.tools-for-solidity-1.19.0-universal/dist/extension.js:2:1144825)
	at process.processImmediate (node:internal/timers:483:21) Tools-for-Solidity.wake_callback undefined
