2025-07-10 15:32:38.137 [info] [main] Log level: Info
2025-07-10 15:32:38.137 [info] [main] Validating found git in: "git"
2025-07-10 15:32:38.137 [info] [main] Using git "2.49.0" from "git"
2025-07-10 15:32:38.137 [info] [Model][doInitialScan] Initial repository scan started
2025-07-10 15:32:38.137 [info] > git rev-parse --show-toplevel [36ms]
2025-07-10 15:32:38.137 [info] > git rev-parse --git-dir --git-common-dir [1ms]
2025-07-10 15:32:38.137 [info] [Model][openRepository] Opened repository (path): /home/user/git/blockchain-hackathon
2025-07-10 15:32:38.137 [info] [Model][openRepository] Opened repository (real path): /home/user/git/blockchain-hackathon
2025-07-10 15:32:38.168 [info] > git rev-parse --show-toplevel [5ms]
2025-07-10 15:32:38.169 [info] > git config --get commit.template [18ms]
2025-07-10 15:32:38.206 [info] > git rev-parse --show-toplevel [2ms]
2025-07-10 15:32:38.206 [info] > git for-each-ref --format=%(refname)%00%(upstream:short)%00%(objectname)%00%(upstream:track)%00%(upstream:remotename)%00%(upstream:remoteref) refs/heads/feature/blockchain-core refs/remotes/feature/blockchain-core [21ms]
2025-07-10 15:32:38.268 [info] > git status -z -uall [22ms]
2025-07-10 15:32:38.268 [info] > git rev-parse --show-toplevel [43ms]
2025-07-10 15:32:38.300 [info] > git rev-parse --show-toplevel [10ms]
2025-07-10 15:32:38.301 [info] > git for-each-ref --sort -committerdate --format %(refname)%00%(objectname)%00%(*objectname) [34ms]
2025-07-10 15:32:38.395 [info] > git for-each-ref --format=%(refname)%00%(upstream:short)%00%(objectname)%00%(upstream:track)%00%(upstream:remotename)%00%(upstream:remoteref) refs/heads/feature/blockchain-core refs/remotes/feature/blockchain-core [48ms]
2025-07-10 15:32:38.456 [info] > git config --get --local branch.feature/blockchain-core.vscode-merge-base [43ms]
2025-07-10 15:32:38.476 [info] > git config --get commit.template [85ms]
2025-07-10 15:32:38.476 [info] > git rev-parse --show-toplevel [104ms]
2025-07-10 15:32:38.494 [info] > git for-each-ref --format=%(refname)%00%(upstream:short)%00%(objectname)%00%(upstream:track)%00%(upstream:remotename)%00%(upstream:remoteref) refs/heads/origin/feature/blockchain-core refs/remotes/origin/feature/blockchain-core [19ms]
2025-07-10 15:32:38.533 [info] > git merge-base refs/heads/feature/blockchain-core refs/remotes/origin/feature/blockchain-core [23ms]
2025-07-10 15:32:38.547 [info] > git rev-parse --show-toplevel [54ms]
2025-07-10 15:32:38.586 [info] > git diff --name-status -z --diff-filter=ADMR 37a77723d017349b32bc42e5291a648d293717dc...refs/remotes/origin/feature/blockchain-core [39ms]
2025-07-10 15:32:38.587 [info] > git for-each-ref --format=%(refname)%00%(upstream:short)%00%(objectname)%00%(upstream:track)%00%(upstream:remotename)%00%(upstream:remoteref) refs/heads/feature/blockchain-core refs/remotes/feature/blockchain-core [56ms]
2025-07-10 15:32:38.591 [info] > git rev-parse --show-toplevel [6ms]
2025-07-10 15:32:38.668 [info] > git status -z -uall [29ms]
2025-07-10 15:32:38.668 [info] > git rev-parse --show-toplevel [56ms]
2025-07-10 15:32:38.704 [info] > git for-each-ref --sort -committerdate --format %(refname)%00%(objectname)%00%(*objectname) [46ms]
2025-07-10 15:32:38.714 [info] > git check-ignore -v -z --stdin [25ms]
2025-07-10 15:32:38.715 [info] > git rev-parse --show-toplevel [12ms]
2025-07-10 15:32:38.735 [info] > git rev-parse --show-toplevel [3ms]
2025-07-10 15:32:38.752 [info] > git rev-parse --show-toplevel [2ms]
2025-07-10 15:32:38.753 [info] [Model][doInitialScan] Initial repository scan completed - repositories (1), closed repositories (0), parent repositories (0), unsafe repositories (0)
2025-07-10 15:32:38.787 [info] > git show --textconv :contracts/CharityCampaign.sol [16ms]
2025-07-10 15:32:38.804 [info] > git ls-files --stage -- contracts/CharityCampaign.sol [18ms]
2025-07-10 15:32:38.835 [info] > git cat-file -s 819d6af258ae2a4e19b274560d4b568638af53a2 [15ms]
2025-07-10 15:32:38.877 [info] > git blame --root --incremental 37a77723d017349b32bc42e5291a648d293717dc -- contracts/CharityCampaign.sol [7ms]
2025-07-10 15:32:39.208 [warning] [Model][getRepositoryExact] Failed to get repository realpath for: "/home/user/git/blockchain-hackathon/tests/lib/forge-std". Error:Error: ENOENT: no such file or directory, realpath '/home/user/git/blockchain-hackathon/tests/lib/forge-std'
2025-07-10 15:33:15.323 [info] > git config --get commit.template [11ms]
2025-07-10 15:33:15.324 [info] > git for-each-ref --format=%(refname)%00%(upstream:short)%00%(objectname)%00%(upstream:track)%00%(upstream:remotename)%00%(upstream:remoteref) refs/heads/feature/blockchain-core refs/remotes/feature/blockchain-core [2ms]
2025-07-10 15:33:15.347 [info] > git status -z -uall [12ms]
2025-07-10 15:33:15.348 [info] > git for-each-ref --sort -committerdate --format %(refname)%00%(objectname)%00%(*objectname) [2ms]
2025-07-10 15:33:15.850 [warning] [Model][getRepositoryExact] Failed to get repository realpath for: "/home/user/git/blockchain-hackathon/tests/lib/forge-std". Error:Error: ENOENT: no such file or directory, realpath '/home/user/git/blockchain-hackathon/tests/lib/forge-std'
2025-07-10 15:33:29.171 [info] > git config --get commit.template [2ms]
2025-07-10 15:33:29.182 [info] > git for-each-ref --format=%(refname)%00%(upstream:short)%00%(objectname)%00%(upstream:track)%00%(upstream:remotename)%00%(upstream:remoteref) refs/heads/feature/blockchain-core refs/remotes/feature/blockchain-core [1ms]
2025-07-10 15:33:29.199 [info] > git status -z -uall [9ms]
2025-07-10 15:33:29.201 [info] > git for-each-ref --sort -committerdate --format %(refname)%00%(objectname)%00%(*objectname) [3ms]
2025-07-10 15:33:29.702 [warning] [Model][getRepositoryExact] Failed to get repository realpath for: "/home/user/git/blockchain-hackathon/tests/lib/forge-std". Error:Error: ENOENT: no such file or directory, realpath '/home/user/git/blockchain-hackathon/tests/lib/forge-std'
2025-07-10 15:33:51.671 [info] > git config --get commit.template [1ms]
2025-07-10 15:33:51.689 [info] > git for-each-ref --format=%(refname)%00%(upstream:short)%00%(objectname)%00%(upstream:track)%00%(upstream:remotename)%00%(upstream:remoteref) refs/heads/feature/blockchain-core refs/remotes/feature/blockchain-core [2ms]
2025-07-10 15:33:51.718 [info] > git status -z -uall [16ms]
2025-07-10 15:33:51.720 [info] > git for-each-ref --sort -committerdate --format %(refname)%00%(objectname)%00%(*objectname) [2ms]
2025-07-10 15:33:52.221 [warning] [Model][getRepositoryExact] Failed to get repository realpath for: "/home/user/git/blockchain-hackathon/tests/lib/forge-std". Error:Error: ENOENT: no such file or directory, realpath '/home/user/git/blockchain-hackathon/tests/lib/forge-std'
2025-07-10 15:33:56.745 [info] > git config --get commit.template [9ms]
2025-07-10 15:33:56.745 [info] > git for-each-ref --format=%(refname)%00%(upstream:short)%00%(objectname)%00%(upstream:track)%00%(upstream:remotename)%00%(upstream:remoteref) refs/heads/feature/blockchain-core refs/remotes/feature/blockchain-core [1ms]
2025-07-10 15:33:56.764 [info] > git status -z -uall [9ms]
2025-07-10 15:33:56.764 [info] > git for-each-ref --sort -committerdate --format %(refname)%00%(objectname)%00%(*objectname) [1ms]
2025-07-10 15:33:57.267 [warning] [Model][getRepositoryExact] Failed to get repository realpath for: "/home/user/git/blockchain-hackathon/tests/lib/forge-std". Error:Error: ENOENT: no such file or directory, realpath '/home/user/git/blockchain-hackathon/tests/lib/forge-std'
2025-07-10 15:34:57.135 [info] > git ls-files --stage -- scripts/deploy.js [2ms]
2025-07-10 15:34:57.148 [info] > git show --textconv :scripts/deploy.js [26ms]
2025-07-10 15:34:57.149 [info] > git cat-file -s fcba97f5687416838fb5c64350fe25e3bd13eab7 [2ms]
2025-07-10 15:34:57.169 [info] > git blame --root --incremental 37a77723d017349b32bc42e5291a648d293717dc -- scripts/deploy.js [5ms]
2025-07-10 15:35:02.429 [info] > git show --textconv :.env [9ms]
2025-07-10 15:35:02.436 [info] > git ls-files --stage -- .env [8ms]
2025-07-10 15:35:02.442 [info] > git hash-object -t tree /dev/null [6ms]
2025-07-10 15:35:02.443 [warning] [GitFileSystemProvider][readFile] File not found - git:/home/user/git/blockchain-hackathon/.env.git?%7B%22path%22%3A%22%2Fhome%2Fuser%2Fgit%2Fblockchain-hackathon%2F.env%22%2C%22ref%22%3A%22%22%7D
2025-07-10 15:35:02.444 [info] > git hash-object -t tree /dev/null [2ms]
2025-07-10 15:35:02.444 [warning] [GitFileSystemProvider][stat] File not found - git:/home/user/git/blockchain-hackathon/.env.git?%7B%22path%22%3A%22%2Fhome%2Fuser%2Fgit%2Fblockchain-hackathon%2F.env%22%2C%22ref%22%3A%22%22%7D
2025-07-10 15:35:02.454 [info] > git blame --root --incremental 37a77723d017349b32bc42e5291a648d293717dc -- .env [1ms]
2025-07-10 15:35:02.455 [info] fatal: no such path .env in 37a77723d017349b32bc42e5291a648d293717dc
2025-07-10 15:35:05.500 [info] > git show --textconv :scripts/deploy.js [13ms]
2025-07-10 15:35:05.500 [info] > git ls-files --stage -- scripts/deploy.js [1ms]
2025-07-10 15:35:05.513 [info] > git cat-file -s fcba97f5687416838fb5c64350fe25e3bd13eab7 [1ms]
2025-07-10 15:36:56.622 [info] > git config --get commit.template [11ms]
2025-07-10 15:36:56.622 [info] > git for-each-ref --format=%(refname)%00%(upstream:short)%00%(objectname)%00%(upstream:track)%00%(upstream:remotename)%00%(upstream:remoteref) refs/heads/feature/blockchain-core refs/remotes/feature/blockchain-core [1ms]
2025-07-10 15:36:56.643 [info] > git status -z -uall [11ms]
2025-07-10 15:36:56.644 [info] > git for-each-ref --sort -committerdate --format %(refname)%00%(objectname)%00%(*objectname) [2ms]
2025-07-10 15:36:57.146 [warning] [Model][getRepositoryExact] Failed to get repository realpath for: "/home/user/git/blockchain-hackathon/tests/lib/forge-std". Error:Error: ENOENT: no such file or directory, realpath '/home/user/git/blockchain-hackathon/tests/lib/forge-std'
2025-07-10 15:37:22.876 [info] > git config --get commit.template [15ms]
2025-07-10 15:37:22.877 [info] > git for-each-ref --format=%(refname)%00%(upstream:short)%00%(objectname)%00%(upstream:track)%00%(upstream:remotename)%00%(upstream:remoteref) refs/heads/feature/blockchain-core refs/remotes/feature/blockchain-core [2ms]
2025-07-10 15:37:22.897 [info] > git status -z -uall [11ms]
2025-07-10 15:37:22.899 [info] > git for-each-ref --sort -committerdate --format %(refname)%00%(objectname)%00%(*objectname) [3ms]
2025-07-10 15:37:23.400 [warning] [Model][getRepositoryExact] Failed to get repository realpath for: "/home/user/git/blockchain-hackathon/tests/lib/forge-std". Error:Error: ENOENT: no such file or directory, realpath '/home/user/git/blockchain-hackathon/tests/lib/forge-std'
2025-07-10 15:37:35.738 [info] > git config --get commit.template [0ms]
2025-07-10 15:37:35.745 [info] > git for-each-ref --format=%(refname)%00%(upstream:short)%00%(objectname)%00%(upstream:track)%00%(upstream:remotename)%00%(upstream:remoteref) refs/heads/feature/blockchain-core refs/remotes/feature/blockchain-core [1ms]
2025-07-10 15:37:35.759 [info] > git status -z -uall [6ms]
2025-07-10 15:37:35.759 [info] > git for-each-ref --sort -committerdate --format %(refname)%00%(objectname)%00%(*objectname) [1ms]
2025-07-10 15:37:36.260 [warning] [Model][getRepositoryExact] Failed to get repository realpath for: "/home/user/git/blockchain-hackathon/tests/lib/forge-std". Error:Error: ENOENT: no such file or directory, realpath '/home/user/git/blockchain-hackathon/tests/lib/forge-std'
2025-07-10 15:37:41.802 [info] > git config --get commit.template [2ms]
2025-07-10 15:37:41.811 [info] > git for-each-ref --format=%(refname)%00%(upstream:short)%00%(objectname)%00%(upstream:track)%00%(upstream:remotename)%00%(upstream:remoteref) refs/heads/feature/blockchain-core refs/remotes/feature/blockchain-core [1ms]
2025-07-10 15:37:41.831 [info] > git status -z -uall [11ms]
2025-07-10 15:37:41.832 [info] > git for-each-ref --sort -committerdate --format %(refname)%00%(objectname)%00%(*objectname) [2ms]
2025-07-10 15:37:42.333 [warning] [Model][getRepositoryExact] Failed to get repository realpath for: "/home/user/git/blockchain-hackathon/tests/lib/forge-std". Error:Error: ENOENT: no such file or directory, realpath '/home/user/git/blockchain-hackathon/tests/lib/forge-std'
2025-07-10 15:37:46.859 [info] > git config --get commit.template [13ms]
2025-07-10 15:37:46.859 [info] > git for-each-ref --format=%(refname)%00%(upstream:short)%00%(objectname)%00%(upstream:track)%00%(upstream:remotename)%00%(upstream:remoteref) refs/heads/feature/blockchain-core refs/remotes/feature/blockchain-core [1ms]
2025-07-10 15:37:46.883 [info] > git status -z -uall [13ms]
2025-07-10 15:37:46.884 [info] > git for-each-ref --sort -committerdate --format %(refname)%00%(objectname)%00%(*objectname) [2ms]
2025-07-10 15:37:47.385 [warning] [Model][getRepositoryExact] Failed to get repository realpath for: "/home/user/git/blockchain-hackathon/tests/lib/forge-std". Error:Error: ENOENT: no such file or directory, realpath '/home/user/git/blockchain-hackathon/tests/lib/forge-std'
2025-07-10 15:37:52.492 [info] > git config --get commit.template [10ms]
2025-07-10 15:37:52.493 [info] > git for-each-ref --format=%(refname)%00%(upstream:short)%00%(objectname)%00%(upstream:track)%00%(upstream:remotename)%00%(upstream:remoteref) refs/heads/feature/blockchain-core refs/remotes/feature/blockchain-core [1ms]
2025-07-10 15:37:52.512 [info] > git status -z -uall [9ms]
2025-07-10 15:37:52.513 [info] > git for-each-ref --sort -committerdate --format %(refname)%00%(objectname)%00%(*objectname) [2ms]
2025-07-10 15:37:53.013 [warning] [Model][getRepositoryExact] Failed to get repository realpath for: "/home/user/git/blockchain-hackathon/tests/lib/forge-std". Error:Error: ENOENT: no such file or directory, realpath '/home/user/git/blockchain-hackathon/tests/lib/forge-std'
2025-07-10 15:37:57.528 [info] > git config --get commit.template [1ms]
2025-07-10 15:37:57.538 [info] > git for-each-ref --format=%(refname)%00%(upstream:short)%00%(objectname)%00%(upstream:track)%00%(upstream:remotename)%00%(upstream:remoteref) refs/heads/feature/blockchain-core refs/remotes/feature/blockchain-core [2ms]
2025-07-10 15:37:57.555 [info] > git status -z -uall [8ms]
2025-07-10 15:37:57.556 [info] > git for-each-ref --sort -committerdate --format %(refname)%00%(objectname)%00%(*objectname) [2ms]
2025-07-10 15:37:58.058 [warning] [Model][getRepositoryExact] Failed to get repository realpath for: "/home/user/git/blockchain-hackathon/tests/lib/forge-std". Error:Error: ENOENT: no such file or directory, realpath '/home/user/git/blockchain-hackathon/tests/lib/forge-std'
2025-07-10 15:38:12.692 [info] > git config --get commit.template [2ms]
2025-07-10 15:38:12.704 [info] > git for-each-ref --format=%(refname)%00%(upstream:short)%00%(objectname)%00%(upstream:track)%00%(upstream:remotename)%00%(upstream:remoteref) refs/heads/feature/blockchain-core refs/remotes/feature/blockchain-core [1ms]
2025-07-10 15:38:12.728 [info] > git status -z -uall [12ms]
2025-07-10 15:38:12.729 [info] > git for-each-ref --sort -committerdate --format %(refname)%00%(objectname)%00%(*objectname) [2ms]
2025-07-10 15:38:13.230 [warning] [Model][getRepositoryExact] Failed to get repository realpath for: "/home/user/git/blockchain-hackathon/tests/lib/forge-std". Error:Error: ENOENT: no such file or directory, realpath '/home/user/git/blockchain-hackathon/tests/lib/forge-std'
2025-07-10 15:38:17.745 [info] > git config --get commit.template [2ms]
2025-07-10 15:38:17.759 [info] > git for-each-ref --format=%(refname)%00%(upstream:short)%00%(objectname)%00%(upstream:track)%00%(upstream:remotename)%00%(upstream:remoteref) refs/heads/feature/blockchain-core refs/remotes/feature/blockchain-core [2ms]
2025-07-10 15:38:17.786 [info] > git status -z -uall [14ms]
2025-07-10 15:38:17.787 [info] > git for-each-ref --sort -committerdate --format %(refname)%00%(objectname)%00%(*objectname) [2ms]
2025-07-10 15:38:18.289 [warning] [Model][getRepositoryExact] Failed to get repository realpath for: "/home/user/git/blockchain-hackathon/tests/lib/forge-std". Error:Error: ENOENT: no such file or directory, realpath '/home/user/git/blockchain-hackathon/tests/lib/forge-std'
2025-07-10 15:38:22.805 [info] > git config --get commit.template [7ms]
2025-07-10 15:38:22.806 [info] > git for-each-ref --format=%(refname)%00%(upstream:short)%00%(objectname)%00%(upstream:track)%00%(upstream:remotename)%00%(upstream:remoteref) refs/heads/feature/blockchain-core refs/remotes/feature/blockchain-core [1ms]
2025-07-10 15:38:22.820 [info] > git status -z -uall [7ms]
2025-07-10 15:38:22.821 [info] > git for-each-ref --sort -committerdate --format %(refname)%00%(objectname)%00%(*objectname) [2ms]
2025-07-10 15:38:23.324 [warning] [Model][getRepositoryExact] Failed to get repository realpath for: "/home/user/git/blockchain-hackathon/tests/lib/forge-std". Error:Error: ENOENT: no such file or directory, realpath '/home/user/git/blockchain-hackathon/tests/lib/forge-std'
2025-07-10 15:38:32.830 [info] > git config --get commit.template [12ms]
2025-07-10 15:38:32.831 [info] > git for-each-ref --format=%(refname)%00%(upstream:short)%00%(objectname)%00%(upstream:track)%00%(upstream:remotename)%00%(upstream:remoteref) refs/heads/feature/blockchain-core refs/remotes/feature/blockchain-core [2ms]
2025-07-10 15:38:32.852 [info] > git status -z -uall [11ms]
2025-07-10 15:38:32.853 [info] > git for-each-ref --sort -committerdate --format %(refname)%00%(objectname)%00%(*objectname) [1ms]
2025-07-10 15:38:33.355 [warning] [Model][getRepositoryExact] Failed to get repository realpath for: "/home/user/git/blockchain-hackathon/tests/lib/forge-std". Error:Error: ENOENT: no such file or directory, realpath '/home/user/git/blockchain-hackathon/tests/lib/forge-std'
2025-07-10 15:38:37.866 [info] > git config --get commit.template [2ms]
2025-07-10 15:38:37.873 [info] > git for-each-ref --format=%(refname)%00%(upstream:short)%00%(objectname)%00%(upstream:track)%00%(upstream:remotename)%00%(upstream:remoteref) refs/heads/feature/blockchain-core refs/remotes/feature/blockchain-core [1ms]
2025-07-10 15:38:37.887 [info] > git status -z -uall [7ms]
2025-07-10 15:38:37.887 [info] > git for-each-ref --sort -committerdate --format %(refname)%00%(objectname)%00%(*objectname) [1ms]
2025-07-10 15:38:38.390 [warning] [Model][getRepositoryExact] Failed to get repository realpath for: "/home/user/git/blockchain-hackathon/tests/lib/forge-std". Error:Error: ENOENT: no such file or directory, realpath '/home/user/git/blockchain-hackathon/tests/lib/forge-std'
2025-07-10 15:40:00.311 [info] > git config --get commit.template [11ms]
2025-07-10 15:40:00.311 [info] > git for-each-ref --format=%(refname)%00%(upstream:short)%00%(objectname)%00%(upstream:track)%00%(upstream:remotename)%00%(upstream:remoteref) refs/heads/feature/blockchain-core refs/remotes/feature/blockchain-core [1ms]
2025-07-10 15:40:00.336 [info] > git status -z -uall [12ms]
2025-07-10 15:40:00.337 [info] > git for-each-ref --sort -committerdate --format %(refname)%00%(objectname)%00%(*objectname) [2ms]
2025-07-10 15:40:00.839 [warning] [Model][getRepositoryExact] Failed to get repository realpath for: "/home/user/git/blockchain-hackathon/tests/lib/forge-std". Error:Error: ENOENT: no such file or directory, realpath '/home/user/git/blockchain-hackathon/tests/lib/forge-std'
2025-07-10 15:40:07.629 [info] > git config --get commit.template [1ms]
2025-07-10 15:40:07.637 [info] > git for-each-ref --format=%(refname)%00%(upstream:short)%00%(objectname)%00%(upstream:track)%00%(upstream:remotename)%00%(upstream:remoteref) refs/heads/feature/blockchain-core refs/remotes/feature/blockchain-core [2ms]
2025-07-10 15:40:07.650 [info] > git status -z -uall [7ms]
2025-07-10 15:40:07.651 [info] > git for-each-ref --sort -committerdate --format %(refname)%00%(objectname)%00%(*objectname) [2ms]
2025-07-10 15:40:08.152 [warning] [Model][getRepositoryExact] Failed to get repository realpath for: "/home/user/git/blockchain-hackathon/tests/lib/forge-std". Error:Error: ENOENT: no such file or directory, realpath '/home/user/git/blockchain-hackathon/tests/lib/forge-std'
2025-07-10 15:40:55.877 [info] > git config --get commit.template [13ms]
2025-07-10 15:40:55.877 [info] > git for-each-ref --format=%(refname)%00%(upstream:short)%00%(objectname)%00%(upstream:track)%00%(upstream:remotename)%00%(upstream:remoteref) refs/heads/feature/blockchain-core refs/remotes/feature/blockchain-core [1ms]
2025-07-10 15:40:55.908 [info] > git status -z -uall [15ms]
2025-07-10 15:40:55.909 [info] > git for-each-ref --sort -committerdate --format %(refname)%00%(objectname)%00%(*objectname) [2ms]
2025-07-10 15:40:56.410 [warning] [Model][getRepositoryExact] Failed to get repository realpath for: "/home/user/git/blockchain-hackathon/tests/lib/forge-std". Error:Error: ENOENT: no such file or directory, realpath '/home/user/git/blockchain-hackathon/tests/lib/forge-std'
2025-07-10 15:41:00.936 [info] > git config --get commit.template [10ms]
2025-07-10 15:41:00.938 [info] > git for-each-ref --format=%(refname)%00%(upstream:short)%00%(objectname)%00%(upstream:track)%00%(upstream:remotename)%00%(upstream:remoteref) refs/heads/feature/blockchain-core refs/remotes/feature/blockchain-core [2ms]
2025-07-10 15:41:00.958 [info] > git status -z -uall [10ms]
2025-07-10 15:41:00.958 [info] > git for-each-ref --sort -committerdate --format %(refname)%00%(objectname)%00%(*objectname) [1ms]
2025-07-10 15:41:01.461 [warning] [Model][getRepositoryExact] Failed to get repository realpath for: "/home/user/git/blockchain-hackathon/tests/lib/forge-std". Error:Error: ENOENT: no such file or directory, realpath '/home/user/git/blockchain-hackathon/tests/lib/forge-std'
2025-07-10 15:41:25.303 [info] > git ls-files --stage -- contracts/PlatformRegistry.sol [1ms]
2025-07-10 15:41:25.323 [info] > git show --textconv :contracts/PlatformRegistry.sol [32ms]
2025-07-10 15:41:25.323 [info] > git cat-file -s 00b3ccbd00fd1939244f3c80dd626eba5f4efd18 [10ms]
2025-07-10 15:41:25.344 [info] > git blame --root --incremental 37a77723d017349b32bc42e5291a648d293717dc -- contracts/PlatformRegistry.sol [4ms]
2025-07-10 15:43:47.810 [info] > git config --get commit.template [10ms]
2025-07-10 15:43:47.810 [info] > git for-each-ref --format=%(refname)%00%(upstream:short)%00%(objectname)%00%(upstream:track)%00%(upstream:remotename)%00%(upstream:remoteref) refs/heads/feature/blockchain-core refs/remotes/feature/blockchain-core [1ms]
2025-07-10 15:43:47.831 [info] > git status -z -uall [10ms]
2025-07-10 15:43:47.832 [info] > git for-each-ref --sort -committerdate --format %(refname)%00%(objectname)%00%(*objectname) [2ms]
2025-07-10 15:43:48.333 [warning] [Model][getRepositoryExact] Failed to get repository realpath for: "/home/user/git/blockchain-hackathon/tests/lib/forge-std". Error:Error: ENOENT: no such file or directory, realpath '/home/user/git/blockchain-hackathon/tests/lib/forge-std'
2025-07-10 15:43:52.854 [info] > git config --get commit.template [9ms]
2025-07-10 15:43:52.855 [info] > git for-each-ref --format=%(refname)%00%(upstream:short)%00%(objectname)%00%(upstream:track)%00%(upstream:remotename)%00%(upstream:remoteref) refs/heads/feature/blockchain-core refs/remotes/feature/blockchain-core [2ms]
2025-07-10 15:43:52.872 [info] > git status -z -uall [9ms]
2025-07-10 15:43:52.873 [info] > git for-each-ref --sort -committerdate --format %(refname)%00%(objectname)%00%(*objectname) [2ms]
2025-07-10 15:43:53.374 [warning] [Model][getRepositoryExact] Failed to get repository realpath for: "/home/user/git/blockchain-hackathon/tests/lib/forge-std". Error:Error: ENOENT: no such file or directory, realpath '/home/user/git/blockchain-hackathon/tests/lib/forge-std'
2025-07-10 15:43:57.889 [info] > git config --get commit.template [1ms]
2025-07-10 15:43:57.901 [info] > git for-each-ref --format=%(refname)%00%(upstream:short)%00%(objectname)%00%(upstream:track)%00%(upstream:remotename)%00%(upstream:remoteref) refs/heads/feature/blockchain-core refs/remotes/feature/blockchain-core [2ms]
2025-07-10 15:43:57.925 [info] > git status -z -uall [13ms]
2025-07-10 15:43:57.925 [info] > git for-each-ref --sort -committerdate --format %(refname)%00%(objectname)%00%(*objectname) [2ms]
2025-07-10 15:43:58.427 [warning] [Model][getRepositoryExact] Failed to get repository realpath for: "/home/user/git/blockchain-hackathon/tests/lib/forge-std". Error:Error: ENOENT: no such file or directory, realpath '/home/user/git/blockchain-hackathon/tests/lib/forge-std'
2025-07-10 15:44:02.948 [info] > git config --get commit.template [10ms]
2025-07-10 15:44:02.948 [info] > git for-each-ref --format=%(refname)%00%(upstream:short)%00%(objectname)%00%(upstream:track)%00%(upstream:remotename)%00%(upstream:remoteref) refs/heads/feature/blockchain-core refs/remotes/feature/blockchain-core [1ms]
2025-07-10 15:44:02.970 [info] > git status -z -uall [12ms]
2025-07-10 15:44:02.971 [info] > git for-each-ref --sort -committerdate --format %(refname)%00%(objectname)%00%(*objectname) [2ms]
2025-07-10 15:44:03.472 [warning] [Model][getRepositoryExact] Failed to get repository realpath for: "/home/user/git/blockchain-hackathon/tests/lib/forge-std". Error:Error: ENOENT: no such file or directory, realpath '/home/user/git/blockchain-hackathon/tests/lib/forge-std'
2025-07-10 15:44:37.536 [info] > git config --get commit.template [12ms]
2025-07-10 15:44:37.537 [info] > git for-each-ref --format=%(refname)%00%(upstream:short)%00%(objectname)%00%(upstream:track)%00%(upstream:remotename)%00%(upstream:remoteref) refs/heads/feature/blockchain-core refs/remotes/feature/blockchain-core [2ms]
2025-07-10 15:44:37.559 [info] > git status -z -uall [11ms]
2025-07-10 15:44:37.560 [info] > git for-each-ref --sort -committerdate --format %(refname)%00%(objectname)%00%(*objectname) [1ms]
2025-07-10 15:44:38.062 [warning] [Model][getRepositoryExact] Failed to get repository realpath for: "/home/user/git/blockchain-hackathon/tests/lib/forge-std". Error:Error: ENOENT: no such file or directory, realpath '/home/user/git/blockchain-hackathon/tests/lib/forge-std'
2025-07-10 15:44:57.422 [info] > git config --get commit.template [2ms]
2025-07-10 15:44:57.436 [info] > git for-each-ref --format=%(refname)%00%(upstream:short)%00%(objectname)%00%(upstream:track)%00%(upstream:remotename)%00%(upstream:remoteref) refs/heads/feature/blockchain-core refs/remotes/feature/blockchain-core [1ms]
2025-07-10 15:44:57.459 [info] > git status -z -uall [12ms]
2025-07-10 15:44:57.460 [info] > git for-each-ref --sort -committerdate --format %(refname)%00%(objectname)%00%(*objectname) [2ms]
2025-07-10 15:44:57.962 [warning] [Model][getRepositoryExact] Failed to get repository realpath for: "/home/user/git/blockchain-hackathon/tests/lib/forge-std". Error:Error: ENOENT: no such file or directory, realpath '/home/user/git/blockchain-hackathon/tests/lib/forge-std'
2025-07-10 15:45:02.482 [info] > git config --get commit.template [9ms]
2025-07-10 15:45:02.482 [info] > git for-each-ref --format=%(refname)%00%(upstream:short)%00%(objectname)%00%(upstream:track)%00%(upstream:remotename)%00%(upstream:remoteref) refs/heads/feature/blockchain-core refs/remotes/feature/blockchain-core [1ms]
2025-07-10 15:45:02.502 [info] > git status -z -uall [11ms]
2025-07-10 15:45:02.502 [info] > git for-each-ref --sort -committerdate --format %(refname)%00%(objectname)%00%(*objectname) [2ms]
2025-07-10 15:45:03.004 [warning] [Model][getRepositoryExact] Failed to get repository realpath for: "/home/user/git/blockchain-hackathon/tests/lib/forge-std". Error:Error: ENOENT: no such file or directory, realpath '/home/user/git/blockchain-hackathon/tests/lib/forge-std'
2025-07-10 15:58:09.597 [info] > git check-ignore -v -z --stdin [1ms]
2025-07-10 15:58:48.784 [info] > git show --textconv :scripts/deploy.js [11ms]
2025-07-10 15:58:48.785 [info] > git ls-files --stage -- scripts/deploy.js [2ms]
2025-07-10 15:58:48.797 [info] > git cat-file -s fcba97f5687416838fb5c64350fe25e3bd13eab7 [2ms]
2025-07-10 16:25:44.119 [info] > git check-ignore -v -z --stdin [1ms]
2025-07-10 16:34:49.621 [info] > git check-ignore -v -z --stdin [1ms]
2025-07-10 16:34:52.887 [info] > git config --get commit.template [14ms]
2025-07-10 16:34:52.888 [info] > git for-each-ref --format=%(refname)%00%(upstream:short)%00%(objectname)%00%(upstream:track)%00%(upstream:remotename)%00%(upstream:remoteref) refs/heads/feature/blockchain-core refs/remotes/feature/blockchain-core [1ms]
2025-07-10 16:34:52.905 [info] > git status -z -uall [8ms]
2025-07-10 16:34:52.906 [info] > git for-each-ref --sort -committerdate --format %(refname)%00%(objectname)%00%(*objectname) [1ms]
2025-07-10 16:34:53.406 [warning] [Model][getRepositoryExact] Failed to get repository realpath for: "/home/user/git/blockchain-hackathon/tests/lib/forge-std". Error:Error: ENOENT: no such file or directory, realpath '/home/user/git/blockchain-hackathon/tests/lib/forge-std'
2025-07-10 16:35:00.487 [info] > git ls-files --stage -- .gitmodules [1ms]
2025-07-10 16:35:00.495 [info] > git show --textconv :.gitmodules [18ms]
2025-07-10 16:35:00.496 [info] > git cat-file -s 589dc660149cb49cedc02ca2eae6c9f7ef9c8650 [2ms]
2025-07-10 16:35:05.680 [info] > git show --textconv :scripts/deploy.js [12ms]
2025-07-10 16:35:05.682 [info] > git ls-files --stage -- scripts/deploy.js [2ms]
2025-07-10 16:35:05.693 [info] > git cat-file -s fcba97f5687416838fb5c64350fe25e3bd13eab7 [2ms]
2025-07-10 16:35:10.066 [info] > git config --get commit.template [12ms]
2025-07-10 16:35:10.067 [info] > git for-each-ref --format=%(refname)%00%(upstream:short)%00%(objectname)%00%(upstream:track)%00%(upstream:remotename)%00%(upstream:remoteref) refs/heads/feature/blockchain-core refs/remotes/feature/blockchain-core [2ms]
2025-07-10 16:35:10.089 [info] > git status -z -uall [11ms]
2025-07-10 16:35:10.090 [info] > git for-each-ref --sort -committerdate --format %(refname)%00%(objectname)%00%(*objectname) [2ms]
2025-07-10 16:45:47.394 [info] > git show --textconv :README.md [21ms]
2025-07-10 16:45:47.400 [info] > git ls-files --stage -- README.md [6ms]
2025-07-10 16:45:47.458 [info] > git cat-file -s a85e46285c5264b91b634229184973411f9c8841 [45ms]
2025-07-10 16:48:02.341 [info] > git show --textconv :package-lock.json [14ms]
2025-07-10 16:48:02.343 [info] > git ls-files --stage -- package-lock.json [3ms]
2025-07-10 16:48:02.355 [info] > git cat-file -s 516ebedc026cd72a15d891135e2ac7a6c187d739 [2ms]
2025-07-10 16:48:03.113 [info] > git show --textconv :package.json [12ms]
2025-07-10 16:48:03.115 [info] > git ls-files --stage -- package.json [3ms]
2025-07-10 16:48:03.125 [info] > git cat-file -s dbe9278ec92f26515e8fe6b134f0be6d618d668f [1ms]
2025-07-10 16:48:07.553 [info] > git show --textconv :package-lock.json [12ms]
2025-07-10 16:48:07.553 [info] > git ls-files --stage -- package-lock.json [2ms]
2025-07-10 16:48:07.564 [info] > git cat-file -s 516ebedc026cd72a15d891135e2ac7a6c187d739 [2ms]
2025-07-10 16:48:13.304 [info] > git show --textconv :README.md [12ms]
2025-07-10 16:48:13.305 [info] > git ls-files --stage -- README.md [2ms]
2025-07-10 16:48:13.317 [info] > git cat-file -s a85e46285c5264b91b634229184973411f9c8841 [1ms]
2025-07-10 16:48:14.459 [info] > git show --textconv :hardhat.config.js [12ms]
2025-07-10 16:48:14.459 [info] > git ls-files --stage -- hardhat.config.js [1ms]
2025-07-10 16:48:14.470 [info] > git cat-file -s 0ea53928f22d5e846b3f60ca66d8b115be766035 [1ms]
2025-07-10 16:48:14.486 [info] > git blame --root --incremental 37a77723d017349b32bc42e5291a648d293717dc -- hardhat.config.js [2ms]
2025-07-10 16:48:19.891 [info] > git show --textconv :package.json [11ms]
2025-07-10 16:48:19.892 [info] > git ls-files --stage -- package.json [1ms]
2025-07-10 16:48:19.902 [info] > git cat-file -s dbe9278ec92f26515e8fe6b134f0be6d618d668f [1ms]
2025-07-10 16:51:16.097 [info] > git config --get commit.template [17ms]
2025-07-10 16:51:16.098 [info] > git for-each-ref --format=%(refname)%00%(upstream:short)%00%(objectname)%00%(upstream:track)%00%(upstream:remotename)%00%(upstream:remoteref) refs/heads/feature/blockchain-core refs/remotes/feature/blockchain-core [1ms]
2025-07-10 16:51:16.129 [info] > git status -z -uall [17ms]
2025-07-10 16:51:16.131 [info] > git for-each-ref --sort -committerdate --format %(refname)%00%(objectname)%00%(*objectname) [3ms]
2025-07-10 16:51:56.747 [info] > git show --textconv :hardhat.config.js [13ms]
2025-07-10 16:51:56.748 [info] > git ls-files --stage -- hardhat.config.js [2ms]
2025-07-10 16:51:56.760 [info] > git cat-file -s 0ea53928f22d5e846b3f60ca66d8b115be766035 [1ms]
2025-07-10 16:52:11.964 [info] > git show --textconv :package-lock.json [12ms]
2025-07-10 16:52:11.964 [info] > git ls-files --stage -- package-lock.json [2ms]
2025-07-10 16:52:11.977 [info] > git cat-file -s 516ebedc026cd72a15d891135e2ac7a6c187d739 [2ms]
2025-07-10 16:52:12.524 [info] > git show --textconv :package.json [12ms]
2025-07-10 16:52:12.525 [info] > git ls-files --stage -- package.json [2ms]
2025-07-10 16:52:12.535 [info] > git cat-file -s dbe9278ec92f26515e8fe6b134f0be6d618d668f [2ms]
2025-07-10 16:52:13.374 [info] > git blame --root --incremental 37a77723d017349b32bc42e5291a648d293717dc -- package.json [3ms]
2025-07-10 16:52:31.680 [info] > git show --textconv :package-lock.json [14ms]
2025-07-10 16:52:31.681 [info] > git ls-files --stage -- package-lock.json [2ms]
2025-07-10 16:52:31.696 [info] > git cat-file -s 516ebedc026cd72a15d891135e2ac7a6c187d739 [3ms]
2025-07-10 16:52:38.257 [info] > git show --textconv :hardhat.config.js [14ms]
2025-07-10 16:52:38.257 [info] > git ls-files --stage -- hardhat.config.js [1ms]
2025-07-10 16:52:38.269 [info] > git cat-file -s 0ea53928f22d5e846b3f60ca66d8b115be766035 [1ms]
2025-07-10 16:52:38.958 [info] > git show --textconv :.env [12ms]
2025-07-10 16:52:38.958 [warning] [GitFileSystemProvider][readFile] File not found - git:/home/user/git/blockchain-hackathon/.env.git?%7B%22path%22%3A%22%2Fhome%2Fuser%2Fgit%2Fblockchain-hackathon%2F.env%22%2C%22ref%22%3A%22%22%7D
2025-07-10 16:52:38.959 [info] > git ls-files --stage -- .env [2ms]
2025-07-10 16:52:38.959 [warning] [GitFileSystemProvider][stat] File not found - git:/home/user/git/blockchain-hackathon/.env.git?%7B%22path%22%3A%22%2Fhome%2Fuser%2Fgit%2Fblockchain-hackathon%2F.env%22%2C%22ref%22%3A%22%22%7D
2025-07-10 16:52:40.817 [info] > git show --textconv :contracts/PlatformToken.sol [14ms]
2025-07-10 16:52:40.817 [info] > git ls-files --stage -- contracts/PlatformToken.sol [1ms]
2025-07-10 16:52:40.829 [info] > git cat-file -s cd6e881bf8de8fcebef984adab1e8e29d6bc6639 [2ms]
2025-07-10 16:52:40.846 [info] > git blame --root --incremental 37a77723d017349b32bc42e5291a648d293717dc -- contracts/PlatformToken.sol [2ms]
2025-07-10 16:52:44.304 [info] > git show --textconv :contracts/PlatformRegistry.sol [13ms]
2025-07-10 16:52:44.305 [info] > git ls-files --stage -- contracts/PlatformRegistry.sol [2ms]
2025-07-10 16:52:44.318 [info] > git cat-file -s 00b3ccbd00fd1939244f3c80dd626eba5f4efd18 [1ms]
2025-07-10 16:52:44.727 [info] > git show --textconv :contracts/CharityCampaign.sol [14ms]
2025-07-10 16:52:44.728 [info] > git ls-files --stage -- contracts/CharityCampaign.sol [1ms]
2025-07-10 16:52:44.740 [info] > git cat-file -s 819d6af258ae2a4e19b274560d4b568638af53a2 [2ms]
2025-07-10 16:55:45.625 [info] > git config --get commit.template [12ms]
2025-07-10 16:55:45.625 [info] > git for-each-ref --format=%(refname)%00%(upstream:short)%00%(objectname)%00%(upstream:track)%00%(upstream:remotename)%00%(upstream:remoteref) refs/heads/feature/blockchain-core refs/remotes/feature/blockchain-core [1ms]
2025-07-10 16:55:45.648 [info] > git status -z -uall [13ms]
2025-07-10 16:55:45.648 [info] > git for-each-ref --sort -committerdate --format %(refname)%00%(objectname)%00%(*objectname) [1ms]
2025-07-10 16:55:50.662 [info] > git config --get commit.template [1ms]
2025-07-10 16:55:50.674 [info] > git for-each-ref --format=%(refname)%00%(upstream:short)%00%(objectname)%00%(upstream:track)%00%(upstream:remotename)%00%(upstream:remoteref) refs/heads/feature/blockchain-core refs/remotes/feature/blockchain-core [1ms]
2025-07-10 16:55:50.696 [info] > git status -z -uall [12ms]
2025-07-10 16:55:50.696 [info] > git for-each-ref --sort -committerdate --format %(refname)%00%(objectname)%00%(*objectname) [1ms]
2025-07-10 16:55:55.709 [info] > git config --get commit.template [1ms]
2025-07-10 16:55:55.721 [info] > git for-each-ref --format=%(refname)%00%(upstream:short)%00%(objectname)%00%(upstream:track)%00%(upstream:remotename)%00%(upstream:remoteref) refs/heads/feature/blockchain-core refs/remotes/feature/blockchain-core [2ms]
2025-07-10 16:55:55.743 [info] > git status -z -uall [12ms]
2025-07-10 16:55:55.743 [info] > git for-each-ref --sort -committerdate --format %(refname)%00%(objectname)%00%(*objectname) [1ms]
2025-07-10 16:56:00.758 [info] > git config --get commit.template [1ms]
2025-07-10 16:56:00.770 [info] > git for-each-ref --format=%(refname)%00%(upstream:short)%00%(objectname)%00%(upstream:track)%00%(upstream:remotename)%00%(upstream:remoteref) refs/heads/feature/blockchain-core refs/remotes/feature/blockchain-core [1ms]
2025-07-10 16:56:00.790 [info] > git status -z -uall [10ms]
2025-07-10 16:56:00.791 [info] > git for-each-ref --sort -committerdate --format %(refname)%00%(objectname)%00%(*objectname) [2ms]
2025-07-10 16:56:05.816 [info] > git config --get commit.template [10ms]
2025-07-10 16:56:05.817 [info] > git for-each-ref --format=%(refname)%00%(upstream:short)%00%(objectname)%00%(upstream:track)%00%(upstream:remotename)%00%(upstream:remoteref) refs/heads/feature/blockchain-core refs/remotes/feature/blockchain-core [1ms]
2025-07-10 16:56:05.838 [info] > git status -z -uall [11ms]
2025-07-10 16:56:05.839 [info] > git for-each-ref --sort -committerdate --format %(refname)%00%(objectname)%00%(*objectname) [1ms]
2025-07-10 16:56:17.103 [info] > git config --get commit.template [2ms]
2025-07-10 16:56:17.115 [info] > git for-each-ref --format=%(refname)%00%(upstream:short)%00%(objectname)%00%(upstream:track)%00%(upstream:remotename)%00%(upstream:remoteref) refs/heads/feature/blockchain-core refs/remotes/feature/blockchain-core [2ms]
2025-07-10 16:56:17.135 [info] > git status -z -uall [10ms]
2025-07-10 16:56:17.136 [info] > git for-each-ref --sort -committerdate --format %(refname)%00%(objectname)%00%(*objectname) [2ms]
2025-07-10 16:57:10.691 [info] > git config --get commit.template [19ms]
2025-07-10 16:57:10.692 [info] > git for-each-ref --format=%(refname)%00%(upstream:short)%00%(objectname)%00%(upstream:track)%00%(upstream:remotename)%00%(upstream:remoteref) refs/heads/feature/blockchain-core refs/remotes/feature/blockchain-core [2ms]
2025-07-10 16:57:10.726 [info] > git status -z -uall [18ms]
2025-07-10 16:57:10.727 [info] > git for-each-ref --sort -committerdate --format %(refname)%00%(objectname)%00%(*objectname) [1ms]
2025-07-10 16:57:16.199 [info] > git show --textconv :hardhat.config.js [14ms]
2025-07-10 16:57:16.200 [info] > git ls-files --stage -- hardhat.config.js [2ms]
2025-07-10 16:57:16.211 [info] > git cat-file -s 0ea53928f22d5e846b3f60ca66d8b115be766035 [1ms]
2025-07-10 16:57:27.759 [info] > git config --get commit.template [13ms]
2025-07-10 16:57:27.760 [info] > git for-each-ref --format=%(refname)%00%(upstream:short)%00%(objectname)%00%(upstream:track)%00%(upstream:remotename)%00%(upstream:remoteref) refs/heads/feature/blockchain-core refs/remotes/feature/blockchain-core [1ms]
2025-07-10 16:57:27.787 [info] > git status -z -uall [14ms]
2025-07-10 16:57:27.789 [info] > git for-each-ref --sort -committerdate --format %(refname)%00%(objectname)%00%(*objectname) [2ms]
2025-07-10 16:57:32.814 [info] > git config --get commit.template [9ms]
2025-07-10 16:57:32.815 [info] > git for-each-ref --format=%(refname)%00%(upstream:short)%00%(objectname)%00%(upstream:track)%00%(upstream:remotename)%00%(upstream:remoteref) refs/heads/feature/blockchain-core refs/remotes/feature/blockchain-core [1ms]
2025-07-10 16:57:32.835 [info] > git status -z -uall [10ms]
2025-07-10 16:57:32.836 [info] > git for-each-ref --sort -committerdate --format %(refname)%00%(objectname)%00%(*objectname) [2ms]
2025-07-10 17:01:07.122 [info] > git config --get commit.template [1ms]
2025-07-10 17:01:07.131 [info] > git for-each-ref --format=%(refname)%00%(upstream:short)%00%(objectname)%00%(upstream:track)%00%(upstream:remotename)%00%(upstream:remoteref) refs/heads/feature/blockchain-core refs/remotes/feature/blockchain-core [1ms]
2025-07-10 17:01:07.147 [info] > git status -z -uall [8ms]
2025-07-10 17:01:07.148 [info] > git for-each-ref --sort -committerdate --format %(refname)%00%(objectname)%00%(*objectname) [1ms]
2025-07-10 17:01:12.924 [info] > git config --get commit.template [13ms]
2025-07-10 17:01:12.925 [info] > git for-each-ref --format=%(refname)%00%(upstream:short)%00%(objectname)%00%(upstream:track)%00%(upstream:remotename)%00%(upstream:remoteref) refs/heads/feature/blockchain-core refs/remotes/feature/blockchain-core [1ms]
2025-07-10 17:01:12.950 [info] > git status -z -uall [13ms]
2025-07-10 17:01:12.951 [info] > git for-each-ref --sort -committerdate --format %(refname)%00%(objectname)%00%(*objectname) [3ms]
2025-07-10 17:02:50.298 [info] > git config --get commit.template [2ms]
2025-07-10 17:02:50.310 [info] > git for-each-ref --format=%(refname)%00%(upstream:short)%00%(objectname)%00%(upstream:track)%00%(upstream:remotename)%00%(upstream:remoteref) refs/heads/feature/blockchain-core refs/remotes/feature/blockchain-core [1ms]
2025-07-10 17:02:50.333 [info] > git status -z -uall [13ms]
2025-07-10 17:02:50.333 [info] > git for-each-ref --sort -committerdate --format %(refname)%00%(objectname)%00%(*objectname) [1ms]
2025-07-10 17:03:14.235 [info] > git config --get commit.template [14ms]
2025-07-10 17:03:14.235 [info] > git for-each-ref --format=%(refname)%00%(upstream:short)%00%(objectname)%00%(upstream:track)%00%(upstream:remotename)%00%(upstream:remoteref) refs/heads/feature/blockchain-core refs/remotes/feature/blockchain-core [1ms]
2025-07-10 17:03:14.260 [info] > git status -z -uall [12ms]
2025-07-10 17:03:14.262 [info] > git for-each-ref --sort -committerdate --format %(refname)%00%(objectname)%00%(*objectname) [3ms]
2025-07-10 17:03:30.072 [info] > git config --get commit.template [12ms]
2025-07-10 17:03:30.072 [info] > git for-each-ref --format=%(refname)%00%(upstream:short)%00%(objectname)%00%(upstream:track)%00%(upstream:remotename)%00%(upstream:remoteref) refs/heads/feature/blockchain-core refs/remotes/feature/blockchain-core [2ms]
2025-07-10 17:03:30.096 [info] > git status -z -uall [12ms]
2025-07-10 17:03:30.098 [info] > git for-each-ref --sort -committerdate --format %(refname)%00%(objectname)%00%(*objectname) [2ms]
2025-07-10 17:03:35.120 [info] > git config --get commit.template [11ms]
2025-07-10 17:03:35.121 [info] > git for-each-ref --format=%(refname)%00%(upstream:short)%00%(objectname)%00%(upstream:track)%00%(upstream:remotename)%00%(upstream:remoteref) refs/heads/feature/blockchain-core refs/remotes/feature/blockchain-core [1ms]
2025-07-10 17:03:35.140 [info] > git status -z -uall [10ms]
2025-07-10 17:03:35.141 [info] > git for-each-ref --sort -committerdate --format %(refname)%00%(objectname)%00%(*objectname) [1ms]
2025-07-10 17:03:40.158 [info] > git config --get commit.template [2ms]
2025-07-10 17:03:40.172 [info] > git for-each-ref --format=%(refname)%00%(upstream:short)%00%(objectname)%00%(upstream:track)%00%(upstream:remotename)%00%(upstream:remoteref) refs/heads/feature/blockchain-core refs/remotes/feature/blockchain-core [2ms]
2025-07-10 17:03:40.202 [info] > git status -z -uall [15ms]
2025-07-10 17:03:40.204 [info] > git for-each-ref --sort -committerdate --format %(refname)%00%(objectname)%00%(*objectname) [3ms]
2025-07-10 17:03:45.233 [info] > git config --get commit.template [14ms]
2025-07-10 17:03:45.234 [info] > git for-each-ref --format=%(refname)%00%(upstream:short)%00%(objectname)%00%(upstream:track)%00%(upstream:remotename)%00%(upstream:remoteref) refs/heads/feature/blockchain-core refs/remotes/feature/blockchain-core [1ms]
2025-07-10 17:03:45.261 [info] > git status -z -uall [12ms]
2025-07-10 17:03:45.262 [info] > git for-each-ref --sort -committerdate --format %(refname)%00%(objectname)%00%(*objectname) [2ms]
2025-07-10 17:04:02.791 [info] > git config --get commit.template [13ms]
2025-07-10 17:04:02.792 [info] > git for-each-ref --format=%(refname)%00%(upstream:short)%00%(objectname)%00%(upstream:track)%00%(upstream:remotename)%00%(upstream:remoteref) refs/heads/feature/blockchain-core refs/remotes/feature/blockchain-core [2ms]
2025-07-10 17:04:02.813 [info] > git status -z -uall [11ms]
2025-07-10 17:04:02.814 [info] > git for-each-ref --sort -committerdate --format %(refname)%00%(objectname)%00%(*objectname) [2ms]
2025-07-10 17:04:21.640 [info] > git config --get commit.template [11ms]
2025-07-10 17:04:21.641 [info] > git for-each-ref --format=%(refname)%00%(upstream:short)%00%(objectname)%00%(upstream:track)%00%(upstream:remotename)%00%(upstream:remoteref) refs/heads/feature/blockchain-core refs/remotes/feature/blockchain-core [2ms]
2025-07-10 17:04:21.663 [info] > git status -z -uall [12ms]
2025-07-10 17:04:21.664 [info] > git for-each-ref --sort -committerdate --format %(refname)%00%(objectname)%00%(*objectname) [2ms]
2025-07-10 17:04:38.662 [info] > git config --get commit.template [11ms]
2025-07-10 17:04:38.663 [info] > git for-each-ref --format=%(refname)%00%(upstream:short)%00%(objectname)%00%(upstream:track)%00%(upstream:remotename)%00%(upstream:remoteref) refs/heads/feature/blockchain-core refs/remotes/feature/blockchain-core [1ms]
2025-07-10 17:04:38.686 [info] > git status -z -uall [10ms]
2025-07-10 17:04:38.686 [info] > git for-each-ref --sort -committerdate --format %(refname)%00%(objectname)%00%(*objectname) [1ms]
2025-07-10 17:04:56.748 [info] > git config --get commit.template [15ms]
2025-07-10 17:04:56.749 [info] > git for-each-ref --format=%(refname)%00%(upstream:short)%00%(objectname)%00%(upstream:track)%00%(upstream:remotename)%00%(upstream:remoteref) refs/heads/feature/blockchain-core refs/remotes/feature/blockchain-core [1ms]
2025-07-10 17:04:56.773 [info] > git status -z -uall [13ms]
2025-07-10 17:04:56.774 [info] > git for-each-ref --sort -committerdate --format %(refname)%00%(objectname)%00%(*objectname) [2ms]
2025-07-10 17:05:08.307 [info] > git config --get commit.template [12ms]
2025-07-10 17:05:08.308 [info] > git for-each-ref --format=%(refname)%00%(upstream:short)%00%(objectname)%00%(upstream:track)%00%(upstream:remotename)%00%(upstream:remoteref) refs/heads/feature/blockchain-core refs/remotes/feature/blockchain-core [1ms]
2025-07-10 17:05:08.332 [info] > git status -z -uall [13ms]
2025-07-10 17:05:08.333 [info] > git for-each-ref --sort -committerdate --format %(refname)%00%(objectname)%00%(*objectname) [2ms]
2025-07-10 17:05:13.358 [info] > git config --get commit.template [10ms]
2025-07-10 17:05:13.358 [info] > git for-each-ref --format=%(refname)%00%(upstream:short)%00%(objectname)%00%(upstream:track)%00%(upstream:remotename)%00%(upstream:remoteref) refs/heads/feature/blockchain-core refs/remotes/feature/blockchain-core [1ms]
2025-07-10 17:05:13.379 [info] > git status -z -uall [10ms]
2025-07-10 17:05:13.379 [info] > git for-each-ref --sort -committerdate --format %(refname)%00%(objectname)%00%(*objectname) [1ms]
2025-07-10 17:05:56.660 [info] > git config --get commit.template [11ms]
2025-07-10 17:05:56.660 [info] > git for-each-ref --format=%(refname)%00%(upstream:short)%00%(objectname)%00%(upstream:track)%00%(upstream:remotename)%00%(upstream:remoteref) refs/heads/feature/blockchain-core refs/remotes/feature/blockchain-core [1ms]
2025-07-10 17:05:56.679 [info] > git status -z -uall [10ms]
2025-07-10 17:05:56.680 [info] > git for-each-ref --sort -committerdate --format %(refname)%00%(objectname)%00%(*objectname) [2ms]
2025-07-10 17:06:06.040 [info] > git config --get commit.template [13ms]
2025-07-10 17:06:06.041 [info] > git for-each-ref --format=%(refname)%00%(upstream:short)%00%(objectname)%00%(upstream:track)%00%(upstream:remotename)%00%(upstream:remoteref) refs/heads/feature/blockchain-core refs/remotes/feature/blockchain-core [2ms]
2025-07-10 17:06:06.065 [info] > git status -z -uall [12ms]
2025-07-10 17:06:06.066 [info] > git for-each-ref --sort -committerdate --format %(refname)%00%(objectname)%00%(*objectname) [2ms]
2025-07-10 17:06:11.104 [info] > git config --get commit.template [18ms]
2025-07-10 17:06:11.105 [info] > git for-each-ref --format=%(refname)%00%(upstream:short)%00%(objectname)%00%(upstream:track)%00%(upstream:remotename)%00%(upstream:remoteref) refs/heads/feature/blockchain-core refs/remotes/feature/blockchain-core [2ms]
2025-07-10 17:06:11.145 [info] > git status -z -uall [19ms]
2025-07-10 17:06:11.146 [info] > git for-each-ref --sort -committerdate --format %(refname)%00%(objectname)%00%(*objectname) [2ms]
2025-07-10 17:06:30.410 [info] > git config --get commit.template [12ms]
2025-07-10 17:06:30.411 [info] > git for-each-ref --format=%(refname)%00%(upstream:short)%00%(objectname)%00%(upstream:track)%00%(upstream:remotename)%00%(upstream:remoteref) refs/heads/feature/blockchain-core refs/remotes/feature/blockchain-core [2ms]
2025-07-10 17:06:30.436 [info] > git status -z -uall [13ms]
2025-07-10 17:06:30.437 [info] > git for-each-ref --sort -committerdate --format %(refname)%00%(objectname)%00%(*objectname) [2ms]
2025-07-10 17:06:35.460 [info] > git for-each-ref --format=%(refname)%00%(upstream:short)%00%(objectname)%00%(upstream:track)%00%(upstream:remotename)%00%(upstream:remoteref) refs/heads/feature/blockchain-core refs/remotes/feature/blockchain-core [1ms]
2025-07-10 17:06:35.460 [info] > git config --get commit.template [10ms]
2025-07-10 17:06:35.480 [info] > git status -z -uall [10ms]
2025-07-10 17:06:35.481 [info] > git for-each-ref --sort -committerdate --format %(refname)%00%(objectname)%00%(*objectname) [1ms]
2025-07-10 17:06:56.314 [info] > git config --get commit.template [12ms]
2025-07-10 17:06:56.315 [info] > git for-each-ref --format=%(refname)%00%(upstream:short)%00%(objectname)%00%(upstream:track)%00%(upstream:remotename)%00%(upstream:remoteref) refs/heads/feature/blockchain-core refs/remotes/feature/blockchain-core [1ms]
2025-07-10 17:06:56.338 [info] > git status -z -uall [12ms]
2025-07-10 17:06:56.339 [info] > git for-each-ref --sort -committerdate --format %(refname)%00%(objectname)%00%(*objectname) [2ms]
2025-07-10 17:07:01.367 [info] > git config --get commit.template [13ms]
2025-07-10 17:07:01.368 [info] > git for-each-ref --format=%(refname)%00%(upstream:short)%00%(objectname)%00%(upstream:track)%00%(upstream:remotename)%00%(upstream:remoteref) refs/heads/feature/blockchain-core refs/remotes/feature/blockchain-core [2ms]
2025-07-10 17:07:01.392 [info] > git status -z -uall [12ms]
2025-07-10 17:07:01.394 [info] > git for-each-ref --sort -committerdate --format %(refname)%00%(objectname)%00%(*objectname) [2ms]
2025-07-10 17:07:11.165 [info] > git config --get commit.template [10ms]
2025-07-10 17:07:11.166 [info] > git for-each-ref --format=%(refname)%00%(upstream:short)%00%(objectname)%00%(upstream:track)%00%(upstream:remotename)%00%(upstream:remoteref) refs/heads/feature/blockchain-core refs/remotes/feature/blockchain-core [1ms]
2025-07-10 17:07:11.189 [info] > git status -z -uall [13ms]
2025-07-10 17:07:11.189 [info] > git for-each-ref --sort -committerdate --format %(refname)%00%(objectname)%00%(*objectname) [1ms]
2025-07-10 17:07:22.621 [info] > git config --get commit.template [11ms]
2025-07-10 17:07:22.621 [info] > git for-each-ref --format=%(refname)%00%(upstream:short)%00%(objectname)%00%(upstream:track)%00%(upstream:remotename)%00%(upstream:remoteref) refs/heads/feature/blockchain-core refs/remotes/feature/blockchain-core [1ms]
2025-07-10 17:07:22.642 [info] > git status -z -uall [11ms]
2025-07-10 17:07:22.643 [info] > git for-each-ref --sort -committerdate --format %(refname)%00%(objectname)%00%(*objectname) [2ms]
2025-07-10 17:07:34.894 [info] > git config --get commit.template [14ms]
2025-07-10 17:07:34.894 [info] > git for-each-ref --format=%(refname)%00%(upstream:short)%00%(objectname)%00%(upstream:track)%00%(upstream:remotename)%00%(upstream:remoteref) refs/heads/feature/blockchain-core refs/remotes/feature/blockchain-core [1ms]
2025-07-10 17:07:34.919 [info] > git status -z -uall [13ms]
2025-07-10 17:07:34.920 [info] > git for-each-ref --sort -committerdate --format %(refname)%00%(objectname)%00%(*objectname) [2ms]
2025-07-10 17:08:38.922 [info] > git config --get commit.template [11ms]
2025-07-10 17:08:38.922 [info] > git for-each-ref --format=%(refname)%00%(upstream:short)%00%(objectname)%00%(upstream:track)%00%(upstream:remotename)%00%(upstream:remoteref) refs/heads/feature/blockchain-core refs/remotes/feature/blockchain-core [1ms]
2025-07-10 17:08:38.940 [info] > git status -z -uall [10ms]
2025-07-10 17:08:38.940 [info] > git for-each-ref --sort -committerdate --format %(refname)%00%(objectname)%00%(*objectname) [1ms]
2025-07-10 17:09:08.510 [info] > git config --get commit.template [13ms]
2025-07-10 17:09:08.511 [info] > git for-each-ref --format=%(refname)%00%(upstream:short)%00%(objectname)%00%(upstream:track)%00%(upstream:remotename)%00%(upstream:remoteref) refs/heads/feature/blockchain-core refs/remotes/feature/blockchain-core [1ms]
2025-07-10 17:09:08.536 [info] > git status -z -uall [13ms]
2025-07-10 17:09:08.538 [info] > git for-each-ref --sort -committerdate --format %(refname)%00%(objectname)%00%(*objectname) [2ms]
2025-07-10 17:09:13.561 [info] > git config --get commit.template [11ms]
2025-07-10 17:09:13.561 [info] > git for-each-ref --format=%(refname)%00%(upstream:short)%00%(objectname)%00%(upstream:track)%00%(upstream:remotename)%00%(upstream:remoteref) refs/heads/feature/blockchain-core refs/remotes/feature/blockchain-core [1ms]
2025-07-10 17:09:13.582 [info] > git status -z -uall [11ms]
2025-07-10 17:09:13.582 [info] > git for-each-ref --sort -committerdate --format %(refname)%00%(objectname)%00%(*objectname) [1ms]
2025-07-10 17:09:20.511 [info] > git config --get commit.template [18ms]
2025-07-10 17:09:20.511 [info] > git for-each-ref --format=%(refname)%00%(upstream:short)%00%(objectname)%00%(upstream:track)%00%(upstream:remotename)%00%(upstream:remoteref) refs/heads/feature/blockchain-core refs/remotes/feature/blockchain-core [2ms]
2025-07-10 17:09:20.544 [info] > git status -z -uall [15ms]
2025-07-10 17:09:20.546 [info] > git for-each-ref --sort -committerdate --format %(refname)%00%(objectname)%00%(*objectname) [2ms]
2025-07-10 17:09:25.573 [info] > git config --get commit.template [12ms]
2025-07-10 17:09:25.573 [info] > git for-each-ref --format=%(refname)%00%(upstream:short)%00%(objectname)%00%(upstream:track)%00%(upstream:remotename)%00%(upstream:remoteref) refs/heads/feature/blockchain-core refs/remotes/feature/blockchain-core [2ms]
2025-07-10 17:09:25.596 [info] > git status -z -uall [11ms]
2025-07-10 17:09:25.597 [info] > git for-each-ref --sort -committerdate --format %(refname)%00%(objectname)%00%(*objectname) [1ms]
2025-07-10 17:09:44.584 [info] > git config --get commit.template [14ms]
2025-07-10 17:09:44.584 [info] > git for-each-ref --format=%(refname)%00%(upstream:short)%00%(objectname)%00%(upstream:track)%00%(upstream:remotename)%00%(upstream:remoteref) refs/heads/feature/blockchain-core refs/remotes/feature/blockchain-core [1ms]
2025-07-10 17:09:44.609 [info] > git status -z -uall [14ms]
2025-07-10 17:09:44.610 [info] > git for-each-ref --sort -committerdate --format %(refname)%00%(objectname)%00%(*objectname) [2ms]
2025-07-10 17:09:49.633 [info] > git config --get commit.template [10ms]
2025-07-10 17:09:49.633 [info] > git for-each-ref --format=%(refname)%00%(upstream:short)%00%(objectname)%00%(upstream:track)%00%(upstream:remotename)%00%(upstream:remoteref) refs/heads/feature/blockchain-core refs/remotes/feature/blockchain-core [1ms]
2025-07-10 17:09:49.652 [info] > git status -z -uall [10ms]
2025-07-10 17:09:49.652 [info] > git for-each-ref --sort -committerdate --format %(refname)%00%(objectname)%00%(*objectname) [1ms]
2025-07-10 17:09:54.679 [info] > git config --get commit.template [11ms]
2025-07-10 17:09:54.680 [info] > git for-each-ref --format=%(refname)%00%(upstream:short)%00%(objectname)%00%(upstream:track)%00%(upstream:remotename)%00%(upstream:remoteref) refs/heads/feature/blockchain-core refs/remotes/feature/blockchain-core [2ms]
2025-07-10 17:09:54.700 [info] > git status -z -uall [10ms]
2025-07-10 17:09:54.702 [info] > git for-each-ref --sort -committerdate --format %(refname)%00%(objectname)%00%(*objectname) [2ms]
2025-07-10 17:10:14.976 [info] > git config --get commit.template [14ms]
2025-07-10 17:10:14.977 [info] > git for-each-ref --format=%(refname)%00%(upstream:short)%00%(objectname)%00%(upstream:track)%00%(upstream:remotename)%00%(upstream:remoteref) refs/heads/feature/blockchain-core refs/remotes/feature/blockchain-core [2ms]
2025-07-10 17:10:15.000 [info] > git status -z -uall [13ms]
2025-07-10 17:10:15.001 [info] > git for-each-ref --sort -committerdate --format %(refname)%00%(objectname)%00%(*objectname) [1ms]
2025-07-10 17:10:20.028 [info] > git config --get commit.template [13ms]
2025-07-10 17:10:20.028 [info] > git for-each-ref --format=%(refname)%00%(upstream:short)%00%(objectname)%00%(upstream:track)%00%(upstream:remotename)%00%(upstream:remoteref) refs/heads/feature/blockchain-core refs/remotes/feature/blockchain-core [1ms]
2025-07-10 17:10:20.047 [info] > git status -z -uall [10ms]
2025-07-10 17:10:20.048 [info] > git for-each-ref --sort -committerdate --format %(refname)%00%(objectname)%00%(*objectname) [1ms]
2025-07-10 17:10:26.857 [info] > git config --get commit.template [10ms]
2025-07-10 17:10:26.857 [info] > git for-each-ref --format=%(refname)%00%(upstream:short)%00%(objectname)%00%(upstream:track)%00%(upstream:remotename)%00%(upstream:remoteref) refs/heads/feature/blockchain-core refs/remotes/feature/blockchain-core [1ms]
2025-07-10 17:10:26.876 [info] > git status -z -uall [10ms]
2025-07-10 17:10:26.876 [info] > git for-each-ref --sort -committerdate --format %(refname)%00%(objectname)%00%(*objectname) [1ms]
2025-07-10 17:10:50.127 [info] > git config --get commit.template [11ms]
2025-07-10 17:10:50.128 [info] > git for-each-ref --format=%(refname)%00%(upstream:short)%00%(objectname)%00%(upstream:track)%00%(upstream:remotename)%00%(upstream:remoteref) refs/heads/feature/blockchain-core refs/remotes/feature/blockchain-core [1ms]
2025-07-10 17:10:50.151 [info] > git status -z -uall [11ms]
2025-07-10 17:10:50.152 [info] > git for-each-ref --sort -committerdate --format %(refname)%00%(objectname)%00%(*objectname) [1ms]
2025-07-10 17:10:55.172 [info] > git config --get commit.template [9ms]
2025-07-10 17:10:55.172 [info] > git for-each-ref --format=%(refname)%00%(upstream:short)%00%(objectname)%00%(upstream:track)%00%(upstream:remotename)%00%(upstream:remoteref) refs/heads/feature/blockchain-core refs/remotes/feature/blockchain-core [1ms]
2025-07-10 17:10:55.189 [info] > git status -z -uall [8ms]
2025-07-10 17:10:55.190 [info] > git for-each-ref --sort -committerdate --format %(refname)%00%(objectname)%00%(*objectname) [2ms]
2025-07-10 17:11:00.209 [info] > git config --get commit.template [7ms]
2025-07-10 17:11:00.210 [info] > git for-each-ref --format=%(refname)%00%(upstream:short)%00%(objectname)%00%(upstream:track)%00%(upstream:remotename)%00%(upstream:remoteref) refs/heads/feature/blockchain-core refs/remotes/feature/blockchain-core [1ms]
2025-07-10 17:11:00.225 [info] > git status -z -uall [7ms]
2025-07-10 17:11:00.226 [info] > git for-each-ref --sort -committerdate --format %(refname)%00%(objectname)%00%(*objectname) [2ms]
2025-07-10 17:11:05.244 [info] > git config --get commit.template [9ms]
2025-07-10 17:11:05.245 [info] > git for-each-ref --format=%(refname)%00%(upstream:short)%00%(objectname)%00%(upstream:track)%00%(upstream:remotename)%00%(upstream:remoteref) refs/heads/feature/blockchain-core refs/remotes/feature/blockchain-core [1ms]
2025-07-10 17:11:05.262 [info] > git status -z -uall [8ms]
2025-07-10 17:11:05.262 [info] > git for-each-ref --sort -committerdate --format %(refname)%00%(objectname)%00%(*objectname) [1ms]
2025-07-10 17:11:10.277 [info] > git config --get commit.template [1ms]
2025-07-10 17:11:10.288 [info] > git for-each-ref --format=%(refname)%00%(upstream:short)%00%(objectname)%00%(upstream:track)%00%(upstream:remotename)%00%(upstream:remoteref) refs/heads/feature/blockchain-core refs/remotes/feature/blockchain-core [1ms]
2025-07-10 17:11:10.311 [info] > git status -z -uall [11ms]
2025-07-10 17:11:10.312 [info] > git for-each-ref --sort -committerdate --format %(refname)%00%(objectname)%00%(*objectname) [2ms]
2025-07-10 17:11:15.335 [info] > git config --get commit.template [12ms]
2025-07-10 17:11:15.336 [info] > git for-each-ref --format=%(refname)%00%(upstream:short)%00%(objectname)%00%(upstream:track)%00%(upstream:remotename)%00%(upstream:remoteref) refs/heads/feature/blockchain-core refs/remotes/feature/blockchain-core [2ms]
2025-07-10 17:11:15.356 [info] > git status -z -uall [11ms]
2025-07-10 17:11:15.356 [info] > git for-each-ref --sort -committerdate --format %(refname)%00%(objectname)%00%(*objectname) [1ms]
2025-07-10 17:18:08.459 [info] > git config --get commit.template [9ms]
2025-07-10 17:18:08.459 [info] > git for-each-ref --format=%(refname)%00%(upstream:short)%00%(objectname)%00%(upstream:track)%00%(upstream:remotename)%00%(upstream:remoteref) refs/heads/feature/blockchain-core refs/remotes/feature/blockchain-core [1ms]
2025-07-10 17:18:08.480 [info] > git status -z -uall [13ms]
2025-07-10 17:18:08.482 [info] > git for-each-ref --sort -committerdate --format %(refname)%00%(objectname)%00%(*objectname) [2ms]
2025-07-10 18:02:05.077 [info] > git show --textconv :scripts/deploy.js [15ms]
2025-07-10 18:02:05.079 [info] > git ls-files --stage -- scripts/deploy.js [2ms]
2025-07-10 18:02:05.095 [info] > git cat-file -s fcba97f5687416838fb5c64350fe25e3bd13eab7 [2ms]
2025-07-10 19:23:00.683 [info] > git config --get commit.template [62ms]
2025-07-10 19:23:00.688 [info] > git for-each-ref --format=%(refname)%00%(upstream:short)%00%(objectname)%00%(upstream:track)%00%(upstream:remotename)%00%(upstream:remoteref) refs/heads/feature/blockchain-core refs/remotes/feature/blockchain-core [8ms]
2025-07-10 19:23:00.774 [info] > git status -z -uall [49ms]
2025-07-10 19:23:00.782 [info] > git for-each-ref --sort -committerdate --format %(refname)%00%(objectname)%00%(*objectname) [12ms]
2025-07-10 19:30:41.262 [info] > git show --textconv :hardhat.config.js [14ms]
2025-07-10 19:30:41.264 [info] > git ls-files --stage -- hardhat.config.js [2ms]
2025-07-10 19:30:41.277 [info] > git cat-file -s 0ea53928f22d5e846b3f60ca66d8b115be766035 [1ms]
2025-07-10 21:28:05.599 [info] > git config --get commit.template [17ms]
2025-07-10 21:28:05.603 [info] > git for-each-ref --format=%(refname)%00%(upstream:short)%00%(objectname)%00%(upstream:track)%00%(upstream:remotename)%00%(upstream:remoteref) refs/heads/feature/blockchain-core refs/remotes/feature/blockchain-core [4ms]
2025-07-10 21:28:05.637 [info] > git status -z -uall [17ms]
2025-07-10 21:28:05.640 [info] > git for-each-ref --sort -committerdate --format %(refname)%00%(objectname)%00%(*objectname) [5ms]
2025-07-10 21:42:49.842 [info] > git show --textconv :hardhat.config.js [15ms]
2025-07-10 21:42:49.843 [info] > git ls-files --stage -- hardhat.config.js [2ms]
2025-07-10 21:42:49.857 [info] > git cat-file -s 0ea53928f22d5e846b3f60ca66d8b115be766035 [3ms]
2025-07-10 21:42:51.317 [info] > git show --textconv :hardhat.config.js [16ms]
2025-07-10 21:42:51.318 [info] > git ls-files --stage -- hardhat.config.js [2ms]
2025-07-10 21:42:51.335 [info] > git cat-file -s 0ea53928f22d5e846b3f60ca66d8b115be766035 [2ms]
2025-07-10 21:42:52.357 [info] > git show --textconv :scripts/deploy.js [10ms]
2025-07-10 21:42:52.358 [info] > git ls-files --stage -- scripts/deploy.js [1ms]
2025-07-10 21:42:52.369 [info] > git cat-file -s fcba97f5687416838fb5c64350fe25e3bd13eab7 [2ms]
2025-07-10 22:23:03.507 [info] > git show --textconv :.env [12ms]
2025-07-10 22:23:03.507 [warning] [GitFileSystemProvider][readFile] File not found - git:/home/user/git/blockchain-hackathon/.env.git?%7B%22path%22%3A%22%2Fhome%2Fuser%2Fgit%2Fblockchain-hackathon%2F.env%22%2C%22ref%22%3A%22%22%7D
2025-07-10 22:23:03.508 [info] > git ls-files --stage -- .env [2ms]
2025-07-10 22:23:03.508 [warning] [GitFileSystemProvider][stat] File not found - git:/home/user/git/blockchain-hackathon/.env.git?%7B%22path%22%3A%22%2Fhome%2Fuser%2Fgit%2Fblockchain-hackathon%2F.env%22%2C%22ref%22%3A%22%22%7D
2025-07-10 23:37:43.963 [info] > git config --get commit.template [1ms]
2025-07-10 23:37:43.998 [info] > git for-each-ref --format=%(refname)%00%(upstream:short)%00%(objectname)%00%(upstream:track)%00%(upstream:remotename)%00%(upstream:remoteref) refs/heads/feature/blockchain-core refs/remotes/feature/blockchain-core [2ms]
2025-07-10 23:37:44.023 [info] > git status -z -uall [12ms]
2025-07-10 23:37:44.027 [info] > git for-each-ref --sort -committerdate --format %(refname)%00%(objectname)%00%(*objectname) [5ms]
2025-07-11 00:01:31.369 [info] > git show --textconv :hardhat.config.js [13ms]
2025-07-11 00:01:31.369 [info] > git ls-files --stage -- hardhat.config.js [1ms]
2025-07-11 00:01:31.380 [info] > git cat-file -s 0ea53928f22d5e846b3f60ca66d8b115be766035 [1ms]
2025-07-11 00:01:33.684 [info] > git show --textconv :scripts/deploy.js [14ms]
2025-07-11 00:01:33.685 [info] > git ls-files --stage -- scripts/deploy.js [2ms]
2025-07-11 00:01:33.696 [info] > git cat-file -s fcba97f5687416838fb5c64350fe25e3bd13eab7 [1ms]
2025-07-11 00:01:34.353 [info] > git show --textconv :hardhat.config.js [13ms]
2025-07-11 00:01:34.354 [info] > git ls-files --stage -- hardhat.config.js [1ms]
2025-07-11 00:01:34.366 [info] > git cat-file -s 0ea53928f22d5e846b3f60ca66d8b115be766035 [2ms]
2025-07-11 00:32:38.808 [info] > git check-ignore -v -z --stdin [5ms]
