2025-07-09 12:39:37.264 [info] Extension host with pid 4674 started
2025-07-09 12:39:37.264 [info] Skipping acquiring lock for /home/user/.config/Code - OSS/User/workspaceStorage/f17fd247989cbc1376eb4a21d8644854.
2025-07-09 12:39:37.411 [info] ExtensionService#_doActivateExtension vscode.emmet, startup: false, activationEvent: 'onLanguage'
2025-07-09 12:39:37.426 [info] ExtensionService#_doActivateExtension vscode.typescript-language-features, startup: false, activationEvent: 'onLanguage:javascript'
2025-07-09 12:39:37.471 [info] ExtensionService#_doActivateExtension tintinweb.vscode-ethover, startup: false, activationEvent: 'onLanguage:javascript'
2025-07-09 12:39:37.941 [info] ExtensionService#_doActivateExtension vscode.git-base, startup: true, activationEvent: '*', root cause: vscode.git
2025-07-09 12:39:37.944 [info] ExtensionService#_doActivateExtension christian-kohler.path-intellisense, startup: true, activationEvent: '*'
2025-07-09 12:39:37.958 [info] ExtensionService#_doActivateExtension CoenraadS.bracket-pair-colorizer, startup: true, activationEvent: '*'
2025-07-09 12:39:37.976 [info] ExtensionService#_doActivateExtension vscode.configuration-editing, startup: false, activationEvent: 'onLanguage:jsonc'
2025-07-09 12:39:37.989 [info] ExtensionService#_doActivateExtension vscode.json-language-features, startup: false, activationEvent: 'onLanguage:jsonc'
2025-07-09 12:39:38.108 [info] ExtensionService#_doActivateExtension vscode.npm, startup: true, activationEvent: 'workspaceContains:package.json'
2025-07-09 12:39:38.199 [info] ExtensionService#_doActivateExtension vscode.git, startup: true, activationEvent: '*'
2025-07-09 12:39:38.261 [info] ExtensionService#_doActivateExtension vscode.github, startup: true, activationEvent: '*'
2025-07-09 12:39:38.347 [info] ExtensionService#_doActivateExtension NomicFoundation.hardhat-solidity, startup: true, activationEvent: 'workspaceContains:**/hardhat.config.{ts,js},**/foundry.toml,**/truffle-config.js,**/ape-config.yaml'
2025-07-09 12:39:38.445 [info] ExtensionService#_doActivateExtension AckeeBlockchain.tools-for-solidity, startup: true, activationEvent: 'workspaceContains:**/*.sol'
2025-07-09 12:39:39.332 [error] CodeExpectedError: Unable to write to User Settings because python.venvFolders is not a registered configuration.
    at Cpt.z (vscode-file://vscode-app/usr/lib/code/out/vs/workbench/workbench.desktop.main.js:3235:6793)
    at Cpt.F (vscode-file://vscode-app/usr/lib/code/out/vs/workbench/workbench.desktop.main.js:3235:9281)
    at Cpt.o (vscode-file://vscode-app/usr/lib/code/out/vs/workbench/workbench.desktop.main.js:3235:3874)
    at Object.factory (vscode-file://vscode-app/usr/lib/code/out/vs/workbench/workbench.desktop.main.js:3235:3774)
    at iC.j (vscode-file://vscode-app/usr/lib/code/out/vs/workbench/workbench.desktop.main.js:30:75271)
    at vscode-file://vscode-app/usr/lib/code/out/vs/workbench/workbench.desktop.main.js:30:75183
    at new Promise (<anonymous>)
    at iC.queue (vscode-file://vscode-app/usr/lib/code/out/vs/workbench/workbench.desktop.main.js:30:75125)
    at Cpt.writeConfiguration (vscode-file://vscode-app/usr/lib/code/out/vs/workbench/workbench.desktop.main.js:3235:3743)
    at RXs.Hb (vscode-file://vscode-app/usr/lib/code/out/vs/workbench/workbench.desktop.main.js:3235:42634)
2025-07-09 12:39:39.878 [info] ExtensionService#_doActivateExtension vscode.github-authentication, startup: false, activationEvent: 'onAuthenticationRequest:github'
2025-07-09 12:39:43.954 [info] Eager extensions activated
2025-07-09 12:39:43.962 [info] ExtensionService#_doActivateExtension vscode.debug-auto-launch, startup: false, activationEvent: 'onStartupFinished'
2025-07-09 12:39:43.965 [info] ExtensionService#_doActivateExtension vscode.merge-conflict, startup: false, activationEvent: 'onStartupFinished'
2025-07-09 12:39:43.991 [info] ExtensionService#_doActivateExtension aaron-bond.better-comments, startup: false, activationEvent: 'onStartupFinished'
2025-07-09 12:39:43.997 [info] ExtensionService#_doActivateExtension dbaeumer.vscode-eslint, startup: false, activationEvent: 'onStartupFinished'
2025-07-09 12:39:44.037 [info] ExtensionService#_doActivateExtension esbenp.prettier-vscode, startup: false, activationEvent: 'onStartupFinished'
2025-07-09 12:39:44.131 [info] ExtensionService#_doActivateExtension PKief.material-icon-theme, startup: false, activationEvent: 'onStartupFinished'
2025-07-09 12:39:44.149 [info] ExtensionService#_doActivateExtension usernamehw.errorlens, startup: false, activationEvent: 'onStartupFinished'
2025-07-09 12:39:44.368 [info] ExtensionService#_doActivateExtension IARD-Solutions.iards-solidity-analyzer, startup: false, activationEvent: 'onLanguage:solidity'
2025-07-09 12:39:48.992 [info] ExtensionService#_doActivateExtension vscode.extension-editing, startup: false, activationEvent: 'onLanguage:json'
2025-07-09 22:37:45.329 [warning] Illegal argument: TextEditor(vs.editor.ICodeEditor:3,$model139)
2025-07-09 22:37:45.331 [warning] Illegal argument: TextEditor(vs.editor.ICodeEditor:3,$model139)
2025-07-09 22:59:39.954 [info] ExtensionService#_doActivateExtension vscode.simple-browser, startup: false, activationEvent: 'onOpenExternalUri:https'
2025-07-09 23:46:24.224 [info] Extension host terminating: renderer closed the MessagePort
2025-07-09 23:46:24.521 [warning] Canceled
2025-07-09 23:46:24.620 [error] Error: Channel has been closed
	at s (file:///usr/lib/code/out/vs/workbench/api/node/extensionHostProcess.js:125:2431)
	at Object.appendLine (file:///usr/lib/code/out/vs/workbench/api/node/extensionHostProcess.js:125:2570)
	at R.logOutputMessage (/usr/lib/code/extensions/json-language-features/client/dist/node/jsonClientMain.js:2:290791)
	at R.info (/usr/lib/code/extensions/json-language-features/client/dist/node/jsonClientMain.js:2:290524)
	at ChildProcess.<anonymous> (/usr/lib/code/extensions/json-language-features/client/dist/node/jsonClientMain.js:2:514797)
	at ChildProcess.emit (node:events:524:28)
	at ChildProcess.emit (node:domain:489:12)
	at ChildProcess._handle.onexit (node:internal/child_process:293:12)
2025-07-09 23:46:25.534 [info] Extension host with pid 4674 exiting with code 0
